{"/root/kryzox/ryanlink/src/index.ts": {"path":"/root/kryzox/ryanlink/src/index.ts","all":false,"statementMap":{"0":{"start":{"line":1,"column":0},"end":{"line":1,"column":36}},"1":{"start":{"line":2,"column":0},"end":{"line":2,"column":0}},"2":{"start":{"line":3,"column":0},"end":{"line":3,"column":22}},"3":{"start":{"line":4,"column":0},"end":{"line":4,"column":23}},"4":{"start":{"line":5,"column":0},"end":{"line":5,"column":22}},"5":{"start":{"line":6,"column":0},"end":{"line":6,"column":24}},"6":{"start":{"line":7,"column":0},"end":{"line":7,"column":23}},"7":{"start":{"line":8,"column":0},"end":{"line":8,"column":29}},"8":{"start":{"line":9,"column":0},"end":{"line":9,"column":29}},"9":{"start":{"line":10,"column":0},"end":{"line":10,"column":31}},"10":{"start":{"line":11,"column":0},"end":{"line":11,"column":30}},"11":{"start":{"line":12,"column":0},"end":{"line":12,"column":29}},"12":{"start":{"line":13,"column":0},"end":{"line":13,"column":28}},"13":{"start":{"line":14,"column":0},"end":{"line":14,"column":0}},"14":{"start":{"line":15,"column":0},"end":{"line":15,"column":37}}},"s":{"0":1,"1":1,"2":1,"3":1,"4":1,"5":1,"6":1,"7":1,"8":1,"9":1,"10":1,"11":1,"12":1,"13":1,"14":1},"branchMap":{},"b":{},"fnMap":{},"f":{}}
,"/root/kryzox/ryanlink/src/audio/Filters.ts": {"path":"/root/kryzox/ryanlink/src/audio/Filters.ts","all":false,"statementMap":{"0":{"start":{"line":1,"column":0},"end":{"line":1,"column":62}},"1":{"start":{"line":2,"column":0},"end":{"line":2,"column":38}},"2":{"start":{"line":3,"column":0},"end":{"line":3,"column":118}},"3":{"start":{"line":4,"column":0},"end":{"line":4,"column":46}},"4":{"start":{"line":5,"column":0},"end":{"line":5,"column":0}},"5":{"start":{"line":6,"column":0},"end":{"line":6,"column":42}},"6":{"start":{"line":7,"column":0},"end":{"line":7,"column":12}},"7":{"start":{"line":8,"column":0},"end":{"line":8,"column":12}},"8":{"start":{"line":9,"column":0},"end":{"line":9,"column":17}},"9":{"start":{"line":10,"column":0},"end":{"line":10,"column":4}},"10":{"start":{"line":11,"column":0},"end":{"line":11,"column":12}},"11":{"start":{"line":12,"column":0},"end":{"line":12,"column":13}},"12":{"start":{"line":13,"column":0},"end":{"line":13,"column":17}},"13":{"start":{"line":14,"column":0},"end":{"line":14,"column":18}},"14":{"start":{"line":15,"column":0},"end":{"line":15,"column":19}},"15":{"start":{"line":16,"column":0},"end":{"line":16,"column":4}},"16":{"start":{"line":17,"column":0},"end":{"line":17,"column":14}},"17":{"start":{"line":18,"column":0},"end":{"line":18,"column":13}},"18":{"start":{"line":19,"column":0},"end":{"line":19,"column":13}},"19":{"start":{"line":20,"column":0},"end":{"line":20,"column":12}},"20":{"start":{"line":21,"column":0},"end":{"line":21,"column":4}},"21":{"start":{"line":22,"column":0},"end":{"line":22,"column":13}},"22":{"start":{"line":23,"column":0},"end":{"line":23,"column":18}},"23":{"start":{"line":24,"column":0},"end":{"line":24,"column":4}},"24":{"start":{"line":25,"column":0},"end":{"line":25,"column":12}},"25":{"start":{"line":26,"column":0},"end":{"line":26,"column":17}},"26":{"start":{"line":27,"column":0},"end":{"line":27,"column":13}},"27":{"start":{"line":28,"column":0},"end":{"line":28,"column":4}},"28":{"start":{"line":29,"column":0},"end":{"line":29,"column":12}},"29":{"start":{"line":30,"column":0},"end":{"line":30,"column":17}},"30":{"start":{"line":31,"column":0},"end":{"line":31,"column":13}},"31":{"start":{"line":32,"column":0},"end":{"line":32,"column":4}},"32":{"start":{"line":33,"column":0},"end":{"line":33,"column":38}},"33":{"start":{"line":34,"column":0},"end":{"line":34,"column":0}},"34":{"start":{"line":35,"column":0},"end":{"line":35,"column":9}},"35":{"start":{"line":36,"column":0},"end":{"line":36,"column":13}},"36":{"start":{"line":37,"column":0},"end":{"line":37,"column":16}},"37":{"start":{"line":38,"column":0},"end":{"line":38,"column":11}},"38":{"start":{"line":39,"column":0},"end":{"line":39,"column":4}},"39":{"start":{"line":40,"column":0},"end":{"line":40,"column":11}},"40":{"start":{"line":41,"column":0},"end":{"line":41,"column":12}},"41":{"start":{"line":42,"column":0},"end":{"line":42,"column":13}},"42":{"start":{"line":43,"column":0},"end":{"line":43,"column":13}},"43":{"start":{"line":44,"column":0},"end":{"line":44,"column":11}},"44":{"start":{"line":45,"column":0},"end":{"line":45,"column":16}},"45":{"start":{"line":46,"column":0},"end":{"line":46,"column":4}},"46":{"start":{"line":47,"column":0},"end":{"line":47,"column":15}},"47":{"start":{"line":48,"column":0},"end":{"line":48,"column":17}},"48":{"start":{"line":49,"column":0},"end":{"line":49,"column":13}},"49":{"start":{"line":50,"column":0},"end":{"line":50,"column":14}},"50":{"start":{"line":51,"column":0},"end":{"line":51,"column":15}},"51":{"start":{"line":52,"column":0},"end":{"line":52,"column":12}},"52":{"start":{"line":53,"column":0},"end":{"line":53,"column":4}},"53":{"start":{"line":54,"column":0},"end":{"line":54,"column":13}},"54":{"start":{"line":55,"column":0},"end":{"line":55,"column":17}},"55":{"start":{"line":56,"column":0},"end":{"line":56,"column":4}},"56":{"start":{"line":57,"column":0},"end":{"line":57,"column":11}},"57":{"start":{"line":58,"column":0},"end":{"line":58,"column":14}},"58":{"start":{"line":59,"column":0},"end":{"line":59,"column":12}},"59":{"start":{"line":60,"column":0},"end":{"line":60,"column":13}},"60":{"start":{"line":61,"column":0},"end":{"line":61,"column":16}},"61":{"start":{"line":62,"column":0},"end":{"line":62,"column":11}},"62":{"start":{"line":63,"column":0},"end":{"line":63,"column":20}},"63":{"start":{"line":64,"column":0},"end":{"line":64,"column":20}},"64":{"start":{"line":65,"column":0},"end":{"line":65,"column":4}},"65":{"start":{"line":66,"column":0},"end":{"line":66,"column":12}},"66":{"start":{"line":67,"column":0},"end":{"line":67,"column":13}},"67":{"start":{"line":68,"column":0},"end":{"line":68,"column":12}},"68":{"start":{"line":69,"column":0},"end":{"line":69,"column":4}},"69":{"start":{"line":70,"column":0},"end":{"line":70,"column":0}},"70":{"start":{"line":71,"column":0},"end":{"line":71,"column":18}},"71":{"start":{"line":72,"column":0},"end":{"line":72,"column":22}},"72":{"start":{"line":73,"column":0},"end":{"line":73,"column":13}},"73":{"start":{"line":74,"column":0},"end":{"line":74,"column":17}},"74":{"start":{"line":75,"column":0},"end":{"line":75,"column":17}},"75":{"start":{"line":76,"column":0},"end":{"line":76,"column":8}},"76":{"start":{"line":77,"column":0},"end":{"line":77,"column":15}},"77":{"start":{"line":78,"column":0},"end":{"line":78,"column":19}},"78":{"start":{"line":79,"column":0},"end":{"line":79,"column":18}},"79":{"start":{"line":80,"column":0},"end":{"line":80,"column":8}},"80":{"start":{"line":81,"column":0},"end":{"line":81,"column":6}},"81":{"start":{"line":82,"column":0},"end":{"line":82,"column":20}},"82":{"start":{"line":83,"column":0},"end":{"line":83,"column":19}},"83":{"start":{"line":84,"column":0},"end":{"line":84,"column":22}},"84":{"start":{"line":85,"column":0},"end":{"line":85,"column":13}},"85":{"start":{"line":86,"column":0},"end":{"line":86,"column":4}},"86":{"start":{"line":87,"column":0},"end":{"line":87,"column":1}},"87":{"start":{"line":88,"column":0},"end":{"line":88,"column":28}},"88":{"start":{"line":89,"column":0},"end":{"line":89,"column":31}},"89":{"start":{"line":90,"column":0},"end":{"line":90,"column":0}},"90":{"start":{"line":91,"column":0},"end":{"line":91,"column":38}},"91":{"start":{"line":92,"column":0},"end":{"line":92,"column":0}},"92":{"start":{"line":93,"column":0},"end":{"line":93,"column":44}},"93":{"start":{"line":94,"column":0},"end":{"line":94,"column":0}},"94":{"start":{"line":95,"column":0},"end":{"line":95,"column":35}},"95":{"start":{"line":96,"column":0},"end":{"line":96,"column":18}},"96":{"start":{"line":97,"column":0},"end":{"line":97,"column":21}},"97":{"start":{"line":98,"column":0},"end":{"line":98,"column":18}},"98":{"start":{"line":99,"column":0},"end":{"line":99,"column":21}},"99":{"start":{"line":100,"column":0},"end":{"line":100,"column":20}},"100":{"start":{"line":101,"column":0},"end":{"line":101,"column":19}},"101":{"start":{"line":102,"column":0},"end":{"line":102,"column":19}},"102":{"start":{"line":103,"column":0},"end":{"line":103,"column":19}},"103":{"start":{"line":104,"column":0},"end":{"line":104,"column":19}},"104":{"start":{"line":105,"column":0},"end":{"line":105,"column":24}},"105":{"start":{"line":106,"column":0},"end":{"line":106,"column":26}},"106":{"start":{"line":107,"column":0},"end":{"line":107,"column":30}},"107":{"start":{"line":108,"column":0},"end":{"line":108,"column":28}},"108":{"start":{"line":109,"column":0},"end":{"line":109,"column":26}},"109":{"start":{"line":110,"column":0},"end":{"line":110,"column":27}},"110":{"start":{"line":111,"column":0},"end":{"line":111,"column":23}},"111":{"start":{"line":112,"column":0},"end":{"line":112,"column":18}},"112":{"start":{"line":113,"column":0},"end":{"line":113,"column":20}},"113":{"start":{"line":114,"column":0},"end":{"line":114,"column":6}},"114":{"start":{"line":115,"column":0},"end":{"line":115,"column":17}},"115":{"start":{"line":116,"column":0},"end":{"line":116,"column":21}},"116":{"start":{"line":117,"column":0},"end":{"line":117,"column":22}},"117":{"start":{"line":118,"column":0},"end":{"line":118,"column":27}},"118":{"start":{"line":119,"column":0},"end":{"line":119,"column":18}},"119":{"start":{"line":120,"column":0},"end":{"line":120,"column":6}},"120":{"start":{"line":121,"column":0},"end":{"line":121,"column":26}},"121":{"start":{"line":122,"column":0},"end":{"line":122,"column":3}},"122":{"start":{"line":123,"column":0},"end":{"line":123,"column":0}},"123":{"start":{"line":124,"column":0},"end":{"line":124,"column":65}},"124":{"start":{"line":125,"column":0},"end":{"line":125,"column":0}},"125":{"start":{"line":126,"column":0},"end":{"line":126,"column":23}},"126":{"start":{"line":127,"column":0},"end":{"line":127,"column":0}},"127":{"start":{"line":128,"column":0},"end":{"line":128,"column":31}},"128":{"start":{"line":129,"column":0},"end":{"line":129,"column":24}},"129":{"start":{"line":130,"column":0},"end":{"line":130,"column":3}},"130":{"start":{"line":131,"column":0},"end":{"line":131,"column":0}},"131":{"start":{"line":132,"column":0},"end":{"line":132,"column":45}},"132":{"start":{"line":133,"column":0},"end":{"line":133,"column":79}},"133":{"start":{"line":134,"column":0},"end":{"line":134,"column":28}},"134":{"start":{"line":135,"column":0},"end":{"line":135,"column":0}},"135":{"start":{"line":136,"column":0},"end":{"line":136,"column":52}},"136":{"start":{"line":137,"column":0},"end":{"line":137,"column":54}},"137":{"start":{"line":138,"column":0},"end":{"line":138,"column":54}},"138":{"start":{"line":139,"column":0},"end":{"line":139,"column":0}},"139":{"start":{"line":140,"column":0},"end":{"line":140,"column":99}},"140":{"start":{"line":141,"column":0},"end":{"line":141,"column":103}},"141":{"start":{"line":142,"column":0},"end":{"line":142,"column":0}},"142":{"start":{"line":143,"column":0},"end":{"line":143,"column":74}},"143":{"start":{"line":144,"column":0},"end":{"line":144,"column":92}},"144":{"start":{"line":145,"column":0},"end":{"line":145,"column":87}},"145":{"start":{"line":146,"column":0},"end":{"line":146,"column":85}},"146":{"start":{"line":147,"column":0},"end":{"line":147,"column":0}},"147":{"start":{"line":148,"column":0},"end":{"line":148,"column":123}},"148":{"start":{"line":149,"column":0},"end":{"line":149,"column":52}},"149":{"start":{"line":150,"column":0},"end":{"line":150,"column":115}},"150":{"start":{"line":151,"column":0},"end":{"line":151,"column":54}},"151":{"start":{"line":152,"column":0},"end":{"line":152,"column":54}},"152":{"start":{"line":153,"column":0},"end":{"line":153,"column":56}},"153":{"start":{"line":154,"column":0},"end":{"line":154,"column":73}},"154":{"start":{"line":155,"column":0},"end":{"line":155,"column":0}},"155":{"start":{"line":156,"column":0},"end":{"line":156,"column":56}},"156":{"start":{"line":157,"column":0},"end":{"line":157,"column":60}},"157":{"start":{"line":158,"column":0},"end":{"line":158,"column":68}},"158":{"start":{"line":159,"column":0},"end":{"line":159,"column":64}},"159":{"start":{"line":160,"column":0},"end":{"line":160,"column":60}},"160":{"start":{"line":161,"column":0},"end":{"line":161,"column":62}},"161":{"start":{"line":162,"column":0},"end":{"line":162,"column":0}},"162":{"start":{"line":163,"column":0},"end":{"line":163,"column":97}},"163":{"start":{"line":164,"column":0},"end":{"line":164,"column":0}},"164":{"start":{"line":165,"column":0},"end":{"line":165,"column":111}},"165":{"start":{"line":166,"column":0},"end":{"line":166,"column":0}},"166":{"start":{"line":167,"column":0},"end":{"line":167,"column":49}},"167":{"start":{"line":168,"column":0},"end":{"line":168,"column":66}},"168":{"start":{"line":169,"column":0},"end":{"line":169,"column":0}},"169":{"start":{"line":170,"column":0},"end":{"line":170,"column":46}},"170":{"start":{"line":171,"column":0},"end":{"line":171,"column":36}},"171":{"start":{"line":172,"column":0},"end":{"line":172,"column":126}},"172":{"start":{"line":173,"column":0},"end":{"line":173,"column":5}},"173":{"start":{"line":174,"column":0},"end":{"line":174,"column":0}},"174":{"start":{"line":175,"column":0},"end":{"line":175,"column":33}},"175":{"start":{"line":176,"column":0},"end":{"line":176,"column":0}},"176":{"start":{"line":177,"column":0},"end":{"line":177,"column":83}},"177":{"start":{"line":178,"column":0},"end":{"line":178,"column":0}},"178":{"start":{"line":179,"column":0},"end":{"line":179,"column":27}},"179":{"start":{"line":180,"column":0},"end":{"line":180,"column":0}},"180":{"start":{"line":181,"column":0},"end":{"line":181,"column":41}},"181":{"start":{"line":182,"column":0},"end":{"line":182,"column":35}},"182":{"start":{"line":183,"column":0},"end":{"line":183,"column":22}},"183":{"start":{"line":184,"column":0},"end":{"line":184,"column":26}},"184":{"start":{"line":185,"column":0},"end":{"line":185,"column":8}},"185":{"start":{"line":186,"column":0},"end":{"line":186,"column":6}},"186":{"start":{"line":187,"column":0},"end":{"line":187,"column":0}},"187":{"start":{"line":188,"column":0},"end":{"line":188,"column":76}},"188":{"start":{"line":189,"column":0},"end":{"line":189,"column":10}},"189":{"start":{"line":190,"column":0},"end":{"line":190,"column":3}},"190":{"start":{"line":191,"column":0},"end":{"line":191,"column":0}},"191":{"start":{"line":192,"column":0},"end":{"line":192,"column":89}},"192":{"start":{"line":193,"column":0},"end":{"line":193,"column":66}},"193":{"start":{"line":194,"column":0},"end":{"line":194,"column":3}},"194":{"start":{"line":195,"column":0},"end":{"line":195,"column":0}},"195":{"start":{"line":196,"column":0},"end":{"line":196,"column":77}},"196":{"start":{"line":197,"column":0},"end":{"line":197,"column":12}},"197":{"start":{"line":198,"column":0},"end":{"line":198,"column":53}},"198":{"start":{"line":199,"column":0},"end":{"line":199,"column":15}},"199":{"start":{"line":200,"column":0},"end":{"line":200,"column":143}},"200":{"start":{"line":201,"column":0},"end":{"line":201,"column":97}},"201":{"start":{"line":202,"column":0},"end":{"line":202,"column":10}},"202":{"start":{"line":203,"column":0},"end":{"line":203,"column":17}},"203":{"start":{"line":204,"column":0},"end":{"line":204,"column":20}},"204":{"start":{"line":205,"column":0},"end":{"line":205,"column":21}},"205":{"start":{"line":206,"column":0},"end":{"line":206,"column":100}},"206":{"start":{"line":207,"column":0},"end":{"line":207,"column":10}},"207":{"start":{"line":208,"column":0},"end":{"line":208,"column":7}},"208":{"start":{"line":209,"column":0},"end":{"line":209,"column":5}},"209":{"start":{"line":210,"column":0},"end":{"line":210,"column":3}},"210":{"start":{"line":211,"column":0},"end":{"line":211,"column":0}},"211":{"start":{"line":212,"column":0},"end":{"line":212,"column":77}},"212":{"start":{"line":213,"column":0},"end":{"line":213,"column":31}},"213":{"start":{"line":214,"column":0},"end":{"line":214,"column":0}},"214":{"start":{"line":215,"column":0},"end":{"line":215,"column":76}},"215":{"start":{"line":216,"column":0},"end":{"line":216,"column":119}},"216":{"start":{"line":217,"column":0},"end":{"line":217,"column":119}},"217":{"start":{"line":218,"column":0},"end":{"line":218,"column":0}},"218":{"start":{"line":219,"column":0},"end":{"line":219,"column":50}},"219":{"start":{"line":220,"column":0},"end":{"line":220,"column":37}},"220":{"start":{"line":221,"column":0},"end":{"line":221,"column":109}},"221":{"start":{"line":222,"column":0},"end":{"line":222,"column":132}},"222":{"start":{"line":223,"column":0},"end":{"line":223,"column":5}},"223":{"start":{"line":224,"column":0},"end":{"line":224,"column":31}},"224":{"start":{"line":225,"column":0},"end":{"line":225,"column":86}},"225":{"start":{"line":226,"column":0},"end":{"line":226,"column":88}},"226":{"start":{"line":227,"column":0},"end":{"line":227,"column":93}},"227":{"start":{"line":228,"column":0},"end":{"line":228,"column":11}},"228":{"start":{"line":229,"column":0},"end":{"line":229,"column":73}},"229":{"start":{"line":230,"column":0},"end":{"line":230,"column":106}},"230":{"start":{"line":231,"column":0},"end":{"line":231,"column":5}},"231":{"start":{"line":232,"column":0},"end":{"line":232,"column":73}},"232":{"start":{"line":233,"column":0},"end":{"line":233,"column":31}},"233":{"start":{"line":234,"column":0},"end":{"line":234,"column":132}},"234":{"start":{"line":235,"column":0},"end":{"line":235,"column":33}},"235":{"start":{"line":236,"column":0},"end":{"line":236,"column":49}},"236":{"start":{"line":237,"column":0},"end":{"line":237,"column":50}},"237":{"start":{"line":238,"column":0},"end":{"line":238,"column":50}},"238":{"start":{"line":239,"column":0},"end":{"line":239,"column":48}},"239":{"start":{"line":240,"column":0},"end":{"line":240,"column":50}},"240":{"start":{"line":241,"column":0},"end":{"line":241,"column":37}},"241":{"start":{"line":242,"column":0},"end":{"line":242,"column":58}},"242":{"start":{"line":243,"column":0},"end":{"line":243,"column":57}},"243":{"start":{"line":244,"column":0},"end":{"line":244,"column":55}},"244":{"start":{"line":245,"column":0},"end":{"line":245,"column":56}},"245":{"start":{"line":246,"column":0},"end":{"line":246,"column":50}},"246":{"start":{"line":247,"column":0},"end":{"line":247,"column":83}},"247":{"start":{"line":248,"column":0},"end":{"line":248,"column":33}},"248":{"start":{"line":249,"column":0},"end":{"line":249,"column":51}},"249":{"start":{"line":250,"column":0},"end":{"line":250,"column":49}},"250":{"start":{"line":251,"column":0},"end":{"line":251,"column":50}},"251":{"start":{"line":252,"column":0},"end":{"line":252,"column":53}},"252":{"start":{"line":253,"column":0},"end":{"line":253,"column":48}},"253":{"start":{"line":254,"column":0},"end":{"line":254,"column":57}},"254":{"start":{"line":255,"column":0},"end":{"line":255,"column":54}},"255":{"start":{"line":256,"column":0},"end":{"line":256,"column":122}},"256":{"start":{"line":257,"column":0},"end":{"line":257,"column":86}},"257":{"start":{"line":258,"column":0},"end":{"line":258,"column":83}},"258":{"start":{"line":259,"column":0},"end":{"line":259,"column":10}},"259":{"start":{"line":260,"column":0},"end":{"line":260,"column":66}},"260":{"start":{"line":261,"column":0},"end":{"line":261,"column":64}},"261":{"start":{"line":262,"column":0},"end":{"line":262,"column":63}},"262":{"start":{"line":263,"column":0},"end":{"line":263,"column":9}},"263":{"start":{"line":264,"column":0},"end":{"line":264,"column":91}},"264":{"start":{"line":265,"column":0},"end":{"line":265,"column":38}},"265":{"start":{"line":266,"column":0},"end":{"line":266,"column":38}},"266":{"start":{"line":267,"column":0},"end":{"line":267,"column":7}},"267":{"start":{"line":268,"column":0},"end":{"line":268,"column":5}},"268":{"start":{"line":269,"column":0},"end":{"line":269,"column":15}},"269":{"start":{"line":270,"column":0},"end":{"line":270,"column":3}},"270":{"start":{"line":271,"column":0},"end":{"line":271,"column":0}},"271":{"start":{"line":272,"column":0},"end":{"line":272,"column":55}},"272":{"start":{"line":273,"column":0},"end":{"line":273,"column":40}},"273":{"start":{"line":274,"column":0},"end":{"line":274,"column":49}},"274":{"start":{"line":275,"column":0},"end":{"line":275,"column":44}},"275":{"start":{"line":276,"column":0},"end":{"line":276,"column":43}},"276":{"start":{"line":277,"column":0},"end":{"line":277,"column":46}},"277":{"start":{"line":278,"column":0},"end":{"line":278,"column":48}},"278":{"start":{"line":279,"column":0},"end":{"line":279,"column":34}},"279":{"start":{"line":280,"column":0},"end":{"line":280,"column":32}},"280":{"start":{"line":281,"column":0},"end":{"line":281,"column":33}},"281":{"start":{"line":282,"column":0},"end":{"line":282,"column":32}},"282":{"start":{"line":283,"column":0},"end":{"line":283,"column":32}},"283":{"start":{"line":284,"column":0},"end":{"line":284,"column":32}},"284":{"start":{"line":285,"column":0},"end":{"line":285,"column":34}},"285":{"start":{"line":286,"column":0},"end":{"line":286,"column":31}},"286":{"start":{"line":287,"column":0},"end":{"line":287,"column":37}},"287":{"start":{"line":288,"column":0},"end":{"line":288,"column":39}},"288":{"start":{"line":289,"column":0},"end":{"line":289,"column":43}},"289":{"start":{"line":290,"column":0},"end":{"line":290,"column":41}},"290":{"start":{"line":291,"column":0},"end":{"line":291,"column":39}},"291":{"start":{"line":292,"column":0},"end":{"line":292,"column":40}},"292":{"start":{"line":293,"column":0},"end":{"line":293,"column":39}},"293":{"start":{"line":294,"column":0},"end":{"line":294,"column":0}},"294":{"start":{"line":295,"column":0},"end":{"line":295,"column":53}},"295":{"start":{"line":296,"column":0},"end":{"line":296,"column":0}},"296":{"start":{"line":297,"column":0},"end":{"line":297,"column":35}},"297":{"start":{"line":298,"column":0},"end":{"line":298,"column":15}},"298":{"start":{"line":299,"column":0},"end":{"line":299,"column":3}},"299":{"start":{"line":300,"column":0},"end":{"line":300,"column":0}},"300":{"start":{"line":301,"column":0},"end":{"line":301,"column":42}},"301":{"start":{"line":302,"column":0},"end":{"line":302,"column":96}},"302":{"start":{"line":303,"column":0},"end":{"line":303,"column":0}},"303":{"start":{"line":304,"column":0},"end":{"line":304,"column":31}},"304":{"start":{"line":305,"column":0},"end":{"line":305,"column":0}},"305":{"start":{"line":306,"column":0},"end":{"line":306,"column":29}},"306":{"start":{"line":307,"column":0},"end":{"line":307,"column":38}},"307":{"start":{"line":308,"column":0},"end":{"line":308,"column":0}},"308":{"start":{"line":309,"column":0},"end":{"line":309,"column":35}},"309":{"start":{"line":310,"column":0},"end":{"line":310,"column":0}},"310":{"start":{"line":311,"column":0},"end":{"line":311,"column":15}},"311":{"start":{"line":312,"column":0},"end":{"line":312,"column":3}},"312":{"start":{"line":313,"column":0},"end":{"line":313,"column":0}},"313":{"start":{"line":314,"column":0},"end":{"line":314,"column":75}},"314":{"start":{"line":315,"column":0},"end":{"line":315,"column":105}},"315":{"start":{"line":316,"column":0},"end":{"line":316,"column":108}},"316":{"start":{"line":317,"column":0},"end":{"line":317,"column":131}},"317":{"start":{"line":318,"column":0},"end":{"line":318,"column":0}},"318":{"start":{"line":319,"column":0},"end":{"line":319,"column":31}},"319":{"start":{"line":320,"column":0},"end":{"line":320,"column":0}},"320":{"start":{"line":321,"column":0},"end":{"line":321,"column":49}},"321":{"start":{"line":322,"column":0},"end":{"line":322,"column":35}},"322":{"start":{"line":323,"column":0},"end":{"line":323,"column":0}},"323":{"start":{"line":324,"column":0},"end":{"line":324,"column":35}},"324":{"start":{"line":325,"column":0},"end":{"line":325,"column":15}},"325":{"start":{"line":326,"column":0},"end":{"line":326,"column":3}},"326":{"start":{"line":327,"column":0},"end":{"line":327,"column":0}},"327":{"start":{"line":328,"column":0},"end":{"line":328,"column":60}},"328":{"start":{"line":329,"column":0},"end":{"line":329,"column":104}},"329":{"start":{"line":330,"column":0},"end":{"line":330,"column":107}},"330":{"start":{"line":331,"column":0},"end":{"line":331,"column":0}},"331":{"start":{"line":332,"column":0},"end":{"line":332,"column":31}},"332":{"start":{"line":333,"column":0},"end":{"line":333,"column":0}},"333":{"start":{"line":334,"column":0},"end":{"line":334,"column":34}},"334":{"start":{"line":335,"column":0},"end":{"line":335,"column":34}},"335":{"start":{"line":336,"column":0},"end":{"line":336,"column":94}},"336":{"start":{"line":337,"column":0},"end":{"line":337,"column":0}},"337":{"start":{"line":338,"column":0},"end":{"line":338,"column":31}},"338":{"start":{"line":339,"column":0},"end":{"line":339,"column":0}},"339":{"start":{"line":340,"column":0},"end":{"line":340,"column":35}},"340":{"start":{"line":341,"column":0},"end":{"line":341,"column":15}},"341":{"start":{"line":342,"column":0},"end":{"line":342,"column":3}},"342":{"start":{"line":343,"column":0},"end":{"line":343,"column":0}},"343":{"start":{"line":344,"column":0},"end":{"line":344,"column":60}},"344":{"start":{"line":345,"column":0},"end":{"line":345,"column":104}},"345":{"start":{"line":346,"column":0},"end":{"line":346,"column":107}},"346":{"start":{"line":347,"column":0},"end":{"line":347,"column":0}},"347":{"start":{"line":348,"column":0},"end":{"line":348,"column":31}},"348":{"start":{"line":349,"column":0},"end":{"line":349,"column":0}},"349":{"start":{"line":350,"column":0},"end":{"line":350,"column":34}},"350":{"start":{"line":351,"column":0},"end":{"line":351,"column":34}},"351":{"start":{"line":352,"column":0},"end":{"line":352,"column":94}},"352":{"start":{"line":353,"column":0},"end":{"line":353,"column":0}},"353":{"start":{"line":354,"column":0},"end":{"line":354,"column":31}},"354":{"start":{"line":355,"column":0},"end":{"line":355,"column":0}},"355":{"start":{"line":356,"column":0},"end":{"line":356,"column":35}},"356":{"start":{"line":357,"column":0},"end":{"line":357,"column":15}},"357":{"start":{"line":358,"column":0},"end":{"line":358,"column":3}},"358":{"start":{"line":359,"column":0},"end":{"line":359,"column":0}},"359":{"start":{"line":360,"column":0},"end":{"line":360,"column":58}},"360":{"start":{"line":361,"column":0},"end":{"line":361,"column":104}},"361":{"start":{"line":362,"column":0},"end":{"line":362,"column":107}},"362":{"start":{"line":363,"column":0},"end":{"line":363,"column":0}},"363":{"start":{"line":364,"column":0},"end":{"line":364,"column":31}},"364":{"start":{"line":365,"column":0},"end":{"line":365,"column":0}},"365":{"start":{"line":366,"column":0},"end":{"line":366,"column":34}},"366":{"start":{"line":367,"column":0},"end":{"line":367,"column":34}},"367":{"start":{"line":368,"column":0},"end":{"line":368,"column":93}},"368":{"start":{"line":369,"column":0},"end":{"line":369,"column":0}},"369":{"start":{"line":370,"column":0},"end":{"line":370,"column":31}},"370":{"start":{"line":371,"column":0},"end":{"line":371,"column":0}},"371":{"start":{"line":372,"column":0},"end":{"line":372,"column":35}},"372":{"start":{"line":373,"column":0},"end":{"line":373,"column":15}},"373":{"start":{"line":374,"column":0},"end":{"line":374,"column":3}},"374":{"start":{"line":375,"column":0},"end":{"line":375,"column":0}},"375":{"start":{"line":376,"column":0},"end":{"line":376,"column":73}},"376":{"start":{"line":377,"column":0},"end":{"line":377,"column":103}},"377":{"start":{"line":378,"column":0},"end":{"line":378,"column":106}},"378":{"start":{"line":379,"column":0},"end":{"line":379,"column":0}},"379":{"start":{"line":380,"column":0},"end":{"line":380,"column":31}},"380":{"start":{"line":381,"column":0},"end":{"line":381,"column":0}},"381":{"start":{"line":382,"column":0},"end":{"line":382,"column":95}},"382":{"start":{"line":383,"column":0},"end":{"line":383,"column":0}},"383":{"start":{"line":384,"column":0},"end":{"line":384,"column":50}},"384":{"start":{"line":385,"column":0},"end":{"line":385,"column":0}},"385":{"start":{"line":386,"column":0},"end":{"line":386,"column":35}},"386":{"start":{"line":387,"column":0},"end":{"line":387,"column":0}},"387":{"start":{"line":388,"column":0},"end":{"line":388,"column":15}},"388":{"start":{"line":389,"column":0},"end":{"line":389,"column":3}},"389":{"start":{"line":390,"column":0},"end":{"line":390,"column":0}},"390":{"start":{"line":391,"column":0},"end":{"line":391,"column":81}},"391":{"start":{"line":392,"column":0},"end":{"line":392,"column":102}},"392":{"start":{"line":393,"column":0},"end":{"line":393,"column":105}},"393":{"start":{"line":394,"column":0},"end":{"line":394,"column":0}},"394":{"start":{"line":395,"column":0},"end":{"line":395,"column":31}},"395":{"start":{"line":396,"column":0},"end":{"line":396,"column":0}},"396":{"start":{"line":397,"column":0},"end":{"line":397,"column":98}},"397":{"start":{"line":398,"column":0},"end":{"line":398,"column":0}},"398":{"start":{"line":399,"column":0},"end":{"line":399,"column":48}},"399":{"start":{"line":400,"column":0},"end":{"line":400,"column":35}},"400":{"start":{"line":401,"column":0},"end":{"line":401,"column":15}},"401":{"start":{"line":402,"column":0},"end":{"line":402,"column":3}},"402":{"start":{"line":403,"column":0},"end":{"line":403,"column":0}},"403":{"start":{"line":404,"column":0},"end":{"line":404,"column":82}},"404":{"start":{"line":405,"column":0},"end":{"line":405,"column":102}},"405":{"start":{"line":406,"column":0},"end":{"line":406,"column":105}},"406":{"start":{"line":407,"column":0},"end":{"line":407,"column":0}},"407":{"start":{"line":408,"column":0},"end":{"line":408,"column":31}},"408":{"start":{"line":409,"column":0},"end":{"line":409,"column":0}},"409":{"start":{"line":410,"column":0},"end":{"line":410,"column":98}},"410":{"start":{"line":411,"column":0},"end":{"line":411,"column":0}},"411":{"start":{"line":412,"column":0},"end":{"line":412,"column":48}},"412":{"start":{"line":413,"column":0},"end":{"line":413,"column":35}},"413":{"start":{"line":414,"column":0},"end":{"line":414,"column":15}},"414":{"start":{"line":415,"column":0},"end":{"line":415,"column":3}},"415":{"start":{"line":416,"column":0},"end":{"line":416,"column":0}},"416":{"start":{"line":417,"column":0},"end":{"line":417,"column":70}},"417":{"start":{"line":418,"column":0},"end":{"line":418,"column":102}},"418":{"start":{"line":419,"column":0},"end":{"line":419,"column":105}},"419":{"start":{"line":420,"column":0},"end":{"line":420,"column":0}},"420":{"start":{"line":421,"column":0},"end":{"line":421,"column":31}},"421":{"start":{"line":422,"column":0},"end":{"line":422,"column":0}},"422":{"start":{"line":423,"column":0},"end":{"line":423,"column":91}},"423":{"start":{"line":424,"column":0},"end":{"line":424,"column":0}},"424":{"start":{"line":425,"column":0},"end":{"line":425,"column":48}},"425":{"start":{"line":426,"column":0},"end":{"line":426,"column":35}},"426":{"start":{"line":427,"column":0},"end":{"line":427,"column":15}},"427":{"start":{"line":428,"column":0},"end":{"line":428,"column":3}},"428":{"start":{"line":429,"column":0},"end":{"line":429,"column":0}},"429":{"start":{"line":430,"column":0},"end":{"line":430,"column":16}},"430":{"start":{"line":431,"column":0},"end":{"line":431,"column":95}},"431":{"start":{"line":432,"column":0},"end":{"line":432,"column":126}},"432":{"start":{"line":433,"column":0},"end":{"line":433,"column":81}},"433":{"start":{"line":434,"column":0},"end":{"line":434,"column":105}},"434":{"start":{"line":435,"column":0},"end":{"line":435,"column":108}},"435":{"start":{"line":436,"column":0},"end":{"line":436,"column":0}},"436":{"start":{"line":437,"column":0},"end":{"line":437,"column":33}},"437":{"start":{"line":438,"column":0},"end":{"line":438,"column":61}},"438":{"start":{"line":439,"column":0},"end":{"line":439,"column":0}},"439":{"start":{"line":440,"column":0},"end":{"line":440,"column":85}},"440":{"start":{"line":441,"column":0},"end":{"line":441,"column":81}},"441":{"start":{"line":442,"column":0},"end":{"line":442,"column":0}},"442":{"start":{"line":443,"column":0},"end":{"line":443,"column":72}},"443":{"start":{"line":444,"column":0},"end":{"line":444,"column":37}},"444":{"start":{"line":445,"column":0},"end":{"line":445,"column":17}},"445":{"start":{"line":446,"column":0},"end":{"line":446,"column":6}},"446":{"start":{"line":447,"column":0},"end":{"line":447,"column":0}},"447":{"start":{"line":448,"column":0},"end":{"line":448,"column":96}},"448":{"start":{"line":449,"column":0},"end":{"line":449,"column":126}},"449":{"start":{"line":450,"column":0},"end":{"line":450,"column":81}},"450":{"start":{"line":451,"column":0},"end":{"line":451,"column":106}},"451":{"start":{"line":452,"column":0},"end":{"line":452,"column":109}},"452":{"start":{"line":453,"column":0},"end":{"line":453,"column":0}},"453":{"start":{"line":454,"column":0},"end":{"line":454,"column":33}},"454":{"start":{"line":455,"column":0},"end":{"line":455,"column":61}},"455":{"start":{"line":456,"column":0},"end":{"line":456,"column":0}},"456":{"start":{"line":457,"column":0},"end":{"line":457,"column":87}},"457":{"start":{"line":458,"column":0},"end":{"line":458,"column":82}},"458":{"start":{"line":459,"column":0},"end":{"line":459,"column":0}},"459":{"start":{"line":460,"column":0},"end":{"line":460,"column":74}},"460":{"start":{"line":461,"column":0},"end":{"line":461,"column":37}},"461":{"start":{"line":462,"column":0},"end":{"line":462,"column":17}},"462":{"start":{"line":463,"column":0},"end":{"line":463,"column":6}},"463":{"start":{"line":464,"column":0},"end":{"line":464,"column":0}},"464":{"start":{"line":465,"column":0},"end":{"line":465,"column":115}},"465":{"start":{"line":466,"column":0},"end":{"line":466,"column":126}},"466":{"start":{"line":467,"column":0},"end":{"line":467,"column":81}},"467":{"start":{"line":468,"column":0},"end":{"line":468,"column":110}},"468":{"start":{"line":469,"column":0},"end":{"line":469,"column":113}},"469":{"start":{"line":470,"column":0},"end":{"line":470,"column":0}},"470":{"start":{"line":471,"column":0},"end":{"line":471,"column":33}},"471":{"start":{"line":472,"column":0},"end":{"line":472,"column":61}},"472":{"start":{"line":473,"column":0},"end":{"line":473,"column":0}},"473":{"start":{"line":474,"column":0},"end":{"line":474,"column":93}},"474":{"start":{"line":475,"column":0},"end":{"line":475,"column":77}},"475":{"start":{"line":476,"column":0},"end":{"line":476,"column":0}},"476":{"start":{"line":477,"column":0},"end":{"line":477,"column":84}},"477":{"start":{"line":478,"column":0},"end":{"line":478,"column":37}},"478":{"start":{"line":479,"column":0},"end":{"line":479,"column":17}},"479":{"start":{"line":480,"column":0},"end":{"line":480,"column":6}},"480":{"start":{"line":481,"column":0},"end":{"line":481,"column":0}},"481":{"start":{"line":482,"column":0},"end":{"line":482,"column":98}},"482":{"start":{"line":483,"column":0},"end":{"line":483,"column":126}},"483":{"start":{"line":484,"column":0},"end":{"line":484,"column":81}},"484":{"start":{"line":485,"column":0},"end":{"line":485,"column":101}},"485":{"start":{"line":486,"column":0},"end":{"line":486,"column":104}},"486":{"start":{"line":487,"column":0},"end":{"line":487,"column":0}},"487":{"start":{"line":488,"column":0},"end":{"line":488,"column":33}},"488":{"start":{"line":489,"column":0},"end":{"line":489,"column":61}},"489":{"start":{"line":490,"column":0},"end":{"line":490,"column":0}},"490":{"start":{"line":491,"column":0},"end":{"line":491,"column":75}},"491":{"start":{"line":492,"column":0},"end":{"line":492,"column":63}},"492":{"start":{"line":493,"column":0},"end":{"line":493,"column":0}},"493":{"start":{"line":494,"column":0},"end":{"line":494,"column":66}},"494":{"start":{"line":495,"column":0},"end":{"line":495,"column":37}},"495":{"start":{"line":496,"column":0},"end":{"line":496,"column":17}},"496":{"start":{"line":497,"column":0},"end":{"line":497,"column":6}},"497":{"start":{"line":498,"column":0},"end":{"line":498,"column":3}},"498":{"start":{"line":499,"column":0},"end":{"line":499,"column":0}},"499":{"start":{"line":500,"column":0},"end":{"line":500,"column":22}},"500":{"start":{"line":501,"column":0},"end":{"line":501,"column":75}},"501":{"start":{"line":502,"column":0},"end":{"line":502,"column":124}},"502":{"start":{"line":503,"column":0},"end":{"line":503,"column":86}},"503":{"start":{"line":504,"column":0},"end":{"line":504,"column":101}},"504":{"start":{"line":505,"column":0},"end":{"line":505,"column":123}},"505":{"start":{"line":506,"column":0},"end":{"line":506,"column":0}},"506":{"start":{"line":507,"column":0},"end":{"line":507,"column":33}},"507":{"start":{"line":508,"column":0},"end":{"line":508,"column":0}},"508":{"start":{"line":509,"column":0},"end":{"line":509,"column":82}},"509":{"start":{"line":510,"column":0},"end":{"line":510,"column":0}},"510":{"start":{"line":511,"column":0},"end":{"line":511,"column":33}},"511":{"start":{"line":512,"column":0},"end":{"line":512,"column":35}},"512":{"start":{"line":513,"column":0},"end":{"line":513,"column":28}},"513":{"start":{"line":514,"column":0},"end":{"line":514,"column":79}},"514":{"start":{"line":515,"column":0},"end":{"line":515,"column":77}},"515":{"start":{"line":516,"column":0},"end":{"line":516,"column":10}},"516":{"start":{"line":517,"column":0},"end":{"line":517,"column":7}},"517":{"start":{"line":518,"column":0},"end":{"line":518,"column":0}},"518":{"start":{"line":519,"column":0},"end":{"line":519,"column":78}},"519":{"start":{"line":520,"column":0},"end":{"line":520,"column":0}},"520":{"start":{"line":521,"column":0},"end":{"line":521,"column":37}},"521":{"start":{"line":522,"column":0},"end":{"line":522,"column":17}},"522":{"start":{"line":523,"column":0},"end":{"line":523,"column":6}},"523":{"start":{"line":524,"column":0},"end":{"line":524,"column":0}},"524":{"start":{"line":525,"column":0},"end":{"line":525,"column":126}},"525":{"start":{"line":526,"column":0},"end":{"line":526,"column":124}},"526":{"start":{"line":527,"column":0},"end":{"line":527,"column":86}},"527":{"start":{"line":528,"column":0},"end":{"line":528,"column":103}},"528":{"start":{"line":529,"column":0},"end":{"line":529,"column":125}},"529":{"start":{"line":530,"column":0},"end":{"line":530,"column":0}},"530":{"start":{"line":531,"column":0},"end":{"line":531,"column":33}},"531":{"start":{"line":532,"column":0},"end":{"line":532,"column":0}},"532":{"start":{"line":533,"column":0},"end":{"line":533,"column":82}},"533":{"start":{"line":534,"column":0},"end":{"line":534,"column":0}},"534":{"start":{"line":535,"column":0},"end":{"line":535,"column":33}},"535":{"start":{"line":536,"column":0},"end":{"line":536,"column":35}},"536":{"start":{"line":537,"column":0},"end":{"line":537,"column":28}},"537":{"start":{"line":538,"column":0},"end":{"line":538,"column":73}},"538":{"start":{"line":539,"column":0},"end":{"line":539,"column":84}},"539":{"start":{"line":540,"column":0},"end":{"line":540,"column":10}},"540":{"start":{"line":541,"column":0},"end":{"line":541,"column":7}},"541":{"start":{"line":542,"column":0},"end":{"line":542,"column":0}},"542":{"start":{"line":543,"column":0},"end":{"line":543,"column":82}},"543":{"start":{"line":544,"column":0},"end":{"line":544,"column":37}},"544":{"start":{"line":545,"column":0},"end":{"line":545,"column":17}},"545":{"start":{"line":546,"column":0},"end":{"line":546,"column":6}},"546":{"start":{"line":547,"column":0},"end":{"line":547,"column":3}},"547":{"start":{"line":548,"column":0},"end":{"line":548,"column":0}},"548":{"start":{"line":549,"column":0},"end":{"line":549,"column":137}},"549":{"start":{"line":550,"column":0},"end":{"line":550,"column":104}},"550":{"start":{"line":551,"column":0},"end":{"line":551,"column":107}},"551":{"start":{"line":552,"column":0},"end":{"line":552,"column":0}},"552":{"start":{"line":553,"column":0},"end":{"line":553,"column":31}},"553":{"start":{"line":554,"column":0},"end":{"line":554,"column":0}},"554":{"start":{"line":555,"column":0},"end":{"line":555,"column":106}},"555":{"start":{"line":556,"column":0},"end":{"line":556,"column":0}},"556":{"start":{"line":557,"column":0},"end":{"line":557,"column":52}},"557":{"start":{"line":558,"column":0},"end":{"line":558,"column":34}},"558":{"start":{"line":559,"column":0},"end":{"line":559,"column":31}},"559":{"start":{"line":560,"column":0},"end":{"line":560,"column":0}},"560":{"start":{"line":561,"column":0},"end":{"line":561,"column":35}},"561":{"start":{"line":562,"column":0},"end":{"line":562,"column":15}},"562":{"start":{"line":563,"column":0},"end":{"line":563,"column":3}},"563":{"start":{"line":564,"column":0},"end":{"line":564,"column":0}},"564":{"start":{"line":565,"column":0},"end":{"line":565,"column":121}},"565":{"start":{"line":566,"column":0},"end":{"line":566,"column":104}},"566":{"start":{"line":567,"column":0},"end":{"line":567,"column":107}},"567":{"start":{"line":568,"column":0},"end":{"line":568,"column":0}},"568":{"start":{"line":569,"column":0},"end":{"line":569,"column":31}},"569":{"start":{"line":570,"column":0},"end":{"line":570,"column":0}},"570":{"start":{"line":571,"column":0},"end":{"line":571,"column":106}},"571":{"start":{"line":572,"column":0},"end":{"line":572,"column":0}},"572":{"start":{"line":573,"column":0},"end":{"line":573,"column":52}},"573":{"start":{"line":574,"column":0},"end":{"line":574,"column":34}},"574":{"start":{"line":575,"column":0},"end":{"line":575,"column":31}},"575":{"start":{"line":576,"column":0},"end":{"line":576,"column":0}},"576":{"start":{"line":577,"column":0},"end":{"line":577,"column":35}},"577":{"start":{"line":578,"column":0},"end":{"line":578,"column":15}},"578":{"start":{"line":579,"column":0},"end":{"line":579,"column":3}},"579":{"start":{"line":580,"column":0},"end":{"line":580,"column":0}},"580":{"start":{"line":581,"column":0},"end":{"line":581,"column":117}},"581":{"start":{"line":582,"column":0},"end":{"line":582,"column":102}},"582":{"start":{"line":583,"column":0},"end":{"line":583,"column":105}},"583":{"start":{"line":584,"column":0},"end":{"line":584,"column":0}},"584":{"start":{"line":585,"column":0},"end":{"line":585,"column":31}},"585":{"start":{"line":586,"column":0},"end":{"line":586,"column":0}},"586":{"start":{"line":587,"column":0},"end":{"line":587,"column":123}},"587":{"start":{"line":588,"column":0},"end":{"line":588,"column":0}},"588":{"start":{"line":589,"column":0},"end":{"line":589,"column":48}},"589":{"start":{"line":590,"column":0},"end":{"line":590,"column":35}},"590":{"start":{"line":591,"column":0},"end":{"line":591,"column":15}},"591":{"start":{"line":592,"column":0},"end":{"line":592,"column":3}},"592":{"start":{"line":593,"column":0},"end":{"line":593,"column":0}},"593":{"start":{"line":594,"column":0},"end":{"line":594,"column":42}},"594":{"start":{"line":595,"column":0},"end":{"line":595,"column":135}},"595":{"start":{"line":596,"column":0},"end":{"line":596,"column":30}},"596":{"start":{"line":597,"column":0},"end":{"line":597,"column":3}},"597":{"start":{"line":598,"column":0},"end":{"line":598,"column":0}},"598":{"start":{"line":599,"column":0},"end":{"line":599,"column":72}},"599":{"start":{"line":600,"column":0},"end":{"line":600,"column":32}},"600":{"start":{"line":601,"column":0},"end":{"line":601,"column":28}},"601":{"start":{"line":602,"column":0},"end":{"line":602,"column":3}},"602":{"start":{"line":603,"column":0},"end":{"line":603,"column":0}},"603":{"start":{"line":604,"column":0},"end":{"line":604,"column":63}},"604":{"start":{"line":605,"column":0},"end":{"line":605,"column":46}},"605":{"start":{"line":606,"column":0},"end":{"line":606,"column":0}},"606":{"start":{"line":607,"column":0},"end":{"line":607,"column":111}},"607":{"start":{"line":608,"column":0},"end":{"line":608,"column":108}},"608":{"start":{"line":609,"column":0},"end":{"line":609,"column":0}},"609":{"start":{"line":610,"column":0},"end":{"line":610,"column":82}},"610":{"start":{"line":611,"column":0},"end":{"line":611,"column":0}},"611":{"start":{"line":612,"column":0},"end":{"line":612,"column":111}},"612":{"start":{"line":613,"column":0},"end":{"line":613,"column":0}},"613":{"start":{"line":614,"column":0},"end":{"line":614,"column":33}},"614":{"start":{"line":615,"column":0},"end":{"line":615,"column":0}},"615":{"start":{"line":616,"column":0},"end":{"line":616,"column":83}},"616":{"start":{"line":617,"column":0},"end":{"line":617,"column":0}},"617":{"start":{"line":618,"column":0},"end":{"line":618,"column":27}},"618":{"start":{"line":619,"column":0},"end":{"line":619,"column":41}},"619":{"start":{"line":620,"column":0},"end":{"line":620,"column":35}},"620":{"start":{"line":621,"column":0},"end":{"line":621,"column":22}},"621":{"start":{"line":622,"column":0},"end":{"line":622,"column":52}},"622":{"start":{"line":623,"column":0},"end":{"line":623,"column":8}},"623":{"start":{"line":624,"column":0},"end":{"line":624,"column":6}},"624":{"start":{"line":625,"column":0},"end":{"line":625,"column":0}},"625":{"start":{"line":626,"column":0},"end":{"line":626,"column":76}},"626":{"start":{"line":627,"column":0},"end":{"line":627,"column":0}},"627":{"start":{"line":628,"column":0},"end":{"line":628,"column":15}},"628":{"start":{"line":629,"column":0},"end":{"line":629,"column":3}},"629":{"start":{"line":630,"column":0},"end":{"line":630,"column":0}},"630":{"start":{"line":631,"column":0},"end":{"line":631,"column":41}},"631":{"start":{"line":632,"column":0},"end":{"line":632,"column":84}},"632":{"start":{"line":633,"column":0},"end":{"line":633,"column":3}},"633":{"start":{"line":634,"column":0},"end":{"line":634,"column":1}}},"s":{"0":1,"1":1,"2":1,"3":1,"4":1,"5":1,"6":1,"7":1,"8":1,"9":1,"10":1,"11":1,"12":1,"13":1,"14":1,"15":1,"16":1,"17":1,"18":1,"19":1,"20":1,"21":1,"22":1,"23":1,"24":1,"25":1,"26":1,"27":1,"28":1,"29":1,"30":1,"31":1,"32":1,"33":1,"34":1,"35":1,"36":1,"37":1,"38":1,"39":1,"40":1,"41":1,"42":1,"43":1,"44":1,"45":1,"46":1,"47":1,"48":1,"49":1,"50":1,"51":1,"52":1,"53":1,"54":1,"55":1,"56":1,"57":1,"58":1,"59":1,"60":1,"61":1,"62":1,"63":1,"64":1,"65":1,"66":1,"67":1,"68":1,"69":1,"70":1,"71":1,"72":1,"73":1,"74":1,"75":1,"76":1,"77":1,"78":1,"79":1,"80":1,"81":1,"82":1,"83":1,"84":1,"85":1,"86":1,"87":1,"88":1,"89":1,"90":1,"91":147,"92":147,"93":147,"94":147,"95":147,"96":147,"97":147,"98":147,"99":147,"100":147,"101":147,"102":147,"103":147,"104":147,"105":147,"106":147,"107":147,"108":147,"109":147,"110":147,"111":147,"112":147,"113":147,"114":147,"115":147,"116":147,"117":147,"118":147,"119":147,"120":147,"121":147,"122":147,"123":147,"124":147,"125":147,"126":147,"127":147,"128":147,"129":147,"130":147,"131":147,"132":56,"133":56,"134":56,"135":56,"136":56,"137":56,"138":56,"139":56,"140":56,"141":56,"142":56,"143":56,"144":56,"145":56,"146":56,"147":56,"148":56,"149":56,"150":56,"151":56,"152":56,"153":56,"154":56,"155":56,"156":56,"157":56,"158":56,"159":56,"160":56,"161":56,"162":56,"163":56,"164":56,"165":56,"166":56,"167":56,"168":56,"169":56,"170":53,"171":53,"172":53,"173":56,"174":56,"175":56,"176":56,"177":56,"178":56,"179":56,"180":56,"181":56,"182":56,"183":56,"184":56,"185":56,"186":56,"187":56,"188":56,"189":56,"190":147,"191":147,"192":2562,"193":2562,"194":147,"195":147,"196":82,"197":82,"198":33,"199":33,"200":33,"201":33,"202":33,"203":33,"204":33,"205":33,"206":33,"207":33,"208":82,"209":82,"210":147,"211":147,"212":82,"213":82,"214":82,"215":82,"216":82,"217":82,"218":82,"219":82,"220":82,"221":82,"222":82,"223":82,"224":82,"225":82,"226":82,"227":82,"228":82,"229":1,"230":82,"231":82,"232":82,"233":82,"234":82,"235":82,"236":71,"237":71,"238":71,"239":71,"240":82,"241":82,"242":73,"243":73,"244":73,"245":73,"246":82,"247":82,"248":82,"249":81,"250":77,"251":77,"252":77,"253":77,"254":77,"255":82,"256":82,"257":82,"258":1,"259":1,"260":1,"261":1,"262":1,"263":0,"264":0,"265":0,"266":0,"267":1,"268":82,"269":82,"270":147,"271":147,"272":2,"273":2,"274":2,"275":2,"276":2,"277":2,"278":2,"279":2,"280":2,"281":2,"282":2,"283":2,"284":2,"285":2,"286":2,"287":2,"288":2,"289":2,"290":2,"291":2,"292":2,"293":2,"294":2,"295":2,"296":2,"297":2,"298":2,"299":147,"300":147,"301":4,"302":2,"303":4,"304":4,"305":4,"306":4,"307":4,"308":4,"309":2,"310":2,"311":4,"312":147,"313":147,"314":3,"315":3,"316":3,"317":2,"318":3,"319":3,"320":3,"321":3,"322":3,"323":3,"324":2,"325":3,"326":147,"327":147,"328":2,"329":2,"330":2,"331":2,"332":2,"333":2,"334":2,"335":2,"336":2,"337":2,"338":2,"339":2,"340":2,"341":2,"342":147,"343":147,"344":2,"345":2,"346":2,"347":2,"348":2,"349":2,"350":2,"351":2,"352":2,"353":2,"354":2,"355":2,"356":2,"357":2,"358":147,"359":147,"360":1,"361":1,"362":1,"363":1,"364":1,"365":1,"366":1,"367":1,"368":1,"369":1,"370":1,"371":1,"372":1,"373":1,"374":147,"375":147,"376":3,"377":3,"378":3,"379":3,"380":3,"381":3,"382":3,"383":3,"384":3,"385":3,"386":3,"387":3,"388":3,"389":147,"390":147,"391":3,"392":3,"393":3,"394":3,"395":3,"396":3,"397":3,"398":3,"399":3,"400":3,"401":3,"402":147,"403":147,"404":4,"405":4,"406":4,"407":4,"408":4,"409":4,"410":4,"411":4,"412":4,"413":4,"414":4,"415":147,"416":147,"417":4,"418":4,"419":4,"420":4,"421":4,"422":4,"423":4,"424":4,"425":4,"426":4,"427":4,"428":147,"429":147,"430":147,"431":2,"432":2,"433":2,"434":2,"435":2,"436":2,"437":2,"438":2,"439":2,"440":1,"441":2,"442":2,"443":2,"444":2,"445":2,"446":147,"447":147,"448":2,"449":2,"450":2,"451":2,"452":2,"453":2,"454":2,"455":2,"456":2,"457":1,"458":2,"459":2,"460":2,"461":2,"462":2,"463":147,"464":147,"465":2,"466":2,"467":2,"468":2,"469":2,"470":2,"471":2,"472":2,"473":2,"474":1,"475":2,"476":2,"477":2,"478":2,"479":2,"480":147,"481":147,"482":2,"483":2,"484":2,"485":2,"486":2,"487":2,"488":2,"489":2,"490":2,"491":1,"492":2,"493":2,"494":2,"495":2,"496":2,"497":147,"498":147,"499":147,"500":147,"501":2,"502":2,"503":2,"504":2,"505":2,"506":2,"507":2,"508":2,"509":2,"510":2,"511":2,"512":2,"513":2,"514":2,"515":2,"516":2,"517":2,"518":2,"519":2,"520":2,"521":2,"522":2,"523":147,"524":147,"525":2,"526":2,"527":2,"528":2,"529":2,"530":2,"531":2,"532":2,"533":2,"534":2,"535":2,"536":2,"537":2,"538":2,"539":2,"540":2,"541":2,"542":2,"543":2,"544":2,"545":2,"546":147,"547":1,"548":1,"549":5,"550":5,"551":5,"552":5,"553":5,"554":5,"555":5,"556":5,"557":5,"558":5,"559":5,"560":5,"561":5,"562":5,"563":1,"564":1,"565":3,"566":3,"567":3,"568":3,"569":3,"570":3,"571":3,"572":3,"573":3,"574":3,"575":3,"576":3,"577":3,"578":3,"579":1,"580":1,"581":4,"582":4,"583":4,"584":4,"585":4,"586":4,"587":4,"588":4,"589":4,"590":4,"591":4,"592":1,"593":1,"594":8,"595":8,"596":8,"597":1,"598":1,"599":2,"600":2,"601":2,"602":1,"603":1,"604":8,"605":8,"606":8,"607":8,"608":6,"609":8,"610":6,"611":8,"612":6,"613":6,"614":6,"615":8,"616":6,"617":6,"618":6,"619":6,"620":6,"621":6,"622":6,"623":6,"624":6,"625":6,"626":6,"627":6,"628":8,"629":1,"630":1,"631":1,"632":1,"633":1},"branchMap":{"0":{"type":"branch","line":89,"loc":{"start":{"line":89,"column":2},"end":{"line":89,"column":31}},"locations":[{"start":{"line":89,"column":2},"end":{"line":89,"column":31}}]},"1":{"type":"branch","line":91,"loc":{"start":{"line":91,"column":9},"end":{"line":547,"column":3}},"locations":[{"start":{"line":91,"column":9},"end":{"line":547,"column":3}}]},"2":{"type":"branch","line":128,"loc":{"start":{"line":128,"column":2},"end":{"line":130,"column":3}},"locations":[{"start":{"line":128,"column":2},"end":{"line":130,"column":3}}]},"3":{"type":"branch","line":132,"loc":{"start":{"line":132,"column":2},"end":{"line":190,"column":3}},"locations":[{"start":{"line":132,"column":2},"end":{"line":190,"column":3}}]},"4":{"type":"branch","line":136,"loc":{"start":{"line":136,"column":30},"end":{"line":136,"column":52}},"locations":[{"start":{"line":136,"column":30},"end":{"line":136,"column":52}}]},"5":{"type":"branch","line":137,"loc":{"start":{"line":137,"column":31},"end":{"line":137,"column":54}},"locations":[{"start":{"line":137,"column":31},"end":{"line":137,"column":54}}]},"6":{"type":"branch","line":138,"loc":{"start":{"line":138,"column":31},"end":{"line":138,"column":54}},"locations":[{"start":{"line":138,"column":31},"end":{"line":138,"column":54}}]},"7":{"type":"branch","line":140,"loc":{"start":{"line":140,"column":45},"end":{"line":140,"column":99}},"locations":[{"start":{"line":140,"column":45},"end":{"line":140,"column":99}}]},"8":{"type":"branch","line":140,"loc":{"start":{"line":140,"column":92},"end":{"line":140,"column":99}},"locations":[{"start":{"line":140,"column":92},"end":{"line":140,"column":99}}]},"9":{"type":"branch","line":141,"loc":{"start":{"line":141,"column":47},"end":{"line":141,"column":103}},"locations":[{"start":{"line":141,"column":47},"end":{"line":141,"column":103}}]},"10":{"type":"branch","line":141,"loc":{"start":{"line":141,"column":94},"end":{"line":141,"column":103}},"locations":[{"start":{"line":141,"column":94},"end":{"line":141,"column":103}}]},"11":{"type":"branch","line":143,"loc":{"start":{"line":143,"column":39},"end":{"line":143,"column":74}},"locations":[{"start":{"line":143,"column":39},"end":{"line":143,"column":74}}]},"12":{"type":"branch","line":144,"loc":{"start":{"line":144,"column":48},"end":{"line":144,"column":92}},"locations":[{"start":{"line":144,"column":48},"end":{"line":144,"column":92}}]},"13":{"type":"branch","line":145,"loc":{"start":{"line":145,"column":43},"end":{"line":145,"column":87}},"locations":[{"start":{"line":145,"column":43},"end":{"line":145,"column":87}}]},"14":{"type":"branch","line":146,"loc":{"start":{"line":146,"column":42},"end":{"line":146,"column":85}},"locations":[{"start":{"line":146,"column":42},"end":{"line":146,"column":85}}]},"15":{"type":"branch","line":148,"loc":{"start":{"line":148,"column":48},"end":{"line":148,"column":123}},"locations":[{"start":{"line":148,"column":48},"end":{"line":148,"column":123}}]},"16":{"type":"branch","line":149,"loc":{"start":{"line":149,"column":6},"end":{"line":149,"column":52}},"locations":[{"start":{"line":149,"column":6},"end":{"line":149,"column":52}}]},"17":{"type":"branch","line":150,"loc":{"start":{"line":150,"column":86},"end":{"line":150,"column":115}},"locations":[{"start":{"line":150,"column":86},"end":{"line":150,"column":115}}]},"18":{"type":"branch","line":151,"loc":{"start":{"line":151,"column":31},"end":{"line":151,"column":54}},"locations":[{"start":{"line":151,"column":31},"end":{"line":151,"column":54}}]},"19":{"type":"branch","line":152,"loc":{"start":{"line":152,"column":31},"end":{"line":152,"column":54}},"locations":[{"start":{"line":152,"column":31},"end":{"line":152,"column":54}}]},"20":{"type":"branch","line":153,"loc":{"start":{"line":153,"column":32},"end":{"line":153,"column":56}},"locations":[{"start":{"line":153,"column":32},"end":{"line":153,"column":56}}]},"21":{"type":"branch","line":154,"loc":{"start":{"line":154,"column":47},"end":{"line":154,"column":73}},"locations":[{"start":{"line":154,"column":47},"end":{"line":154,"column":73}}]},"22":{"type":"branch","line":156,"loc":{"start":{"line":156,"column":36},"end":{"line":156,"column":56}},"locations":[{"start":{"line":156,"column":36},"end":{"line":156,"column":56}}]},"23":{"type":"branch","line":157,"loc":{"start":{"line":157,"column":38},"end":{"line":157,"column":60}},"locations":[{"start":{"line":157,"column":38},"end":{"line":157,"column":60}}]},"24":{"type":"branch","line":158,"loc":{"start":{"line":158,"column":42},"end":{"line":158,"column":68}},"locations":[{"start":{"line":158,"column":42},"end":{"line":158,"column":68}}]},"25":{"type":"branch","line":160,"loc":{"start":{"line":160,"column":38},"end":{"line":160,"column":60}},"locations":[{"start":{"line":160,"column":38},"end":{"line":160,"column":60}}]},"26":{"type":"branch","line":163,"loc":{"start":{"line":163,"column":32},"end":{"line":163,"column":47}},"locations":[{"start":{"line":163,"column":32},"end":{"line":163,"column":47}}]},"27":{"type":"branch","line":163,"loc":{"start":{"line":163,"column":72},"end":{"line":163,"column":97}},"locations":[{"start":{"line":163,"column":72},"end":{"line":163,"column":97}}]},"28":{"type":"branch","line":165,"loc":{"start":{"line":165,"column":37},"end":{"line":165,"column":111}},"locations":[{"start":{"line":165,"column":37},"end":{"line":165,"column":111}}]},"29":{"type":"branch","line":170,"loc":{"start":{"line":170,"column":45},"end":{"line":173,"column":5}},"locations":[{"start":{"line":170,"column":45},"end":{"line":173,"column":5}}]},"30":{"type":"branch","line":171,"loc":{"start":{"line":171,"column":35},"end":{"line":172,"column":17}},"locations":[{"start":{"line":171,"column":35},"end":{"line":172,"column":17}}]},"31":{"type":"branch","line":172,"loc":{"start":{"line":172,"column":6},"end":{"line":172,"column":126}},"locations":[{"start":{"line":172,"column":6},"end":{"line":172,"column":126}}]},"32":{"type":"branch","line":172,"loc":{"start":{"line":172,"column":34},"end":{"line":172,"column":106}},"locations":[{"start":{"line":172,"column":34},"end":{"line":172,"column":106}}]},"33":{"type":"branch","line":172,"loc":{"start":{"line":172,"column":74},"end":{"line":172,"column":106}},"locations":[{"start":{"line":172,"column":74},"end":{"line":172,"column":106}}]},"34":{"type":"branch","line":172,"loc":{"start":{"line":172,"column":106},"end":{"line":172,"column":126}},"locations":[{"start":{"line":172,"column":106},"end":{"line":172,"column":126}}]},"35":{"type":"branch","line":177,"loc":{"start":{"line":177,"column":53},"end":{"line":177,"column":83}},"locations":[{"start":{"line":177,"column":53},"end":{"line":177,"column":83}}]},"36":{"type":"branch","line":163,"loc":{"start":{"line":163,"column":55},"end":{"line":163,"column":69}},"locations":[{"start":{"line":163,"column":55},"end":{"line":163,"column":69}}]},"37":{"type":"branch","line":192,"loc":{"start":{"line":192,"column":10},"end":{"line":194,"column":3}},"locations":[{"start":{"line":192,"column":10},"end":{"line":194,"column":3}}]},"38":{"type":"branch","line":193,"loc":{"start":{"line":193,"column":28},"end":{"line":193,"column":66}},"locations":[{"start":{"line":193,"column":28},"end":{"line":193,"column":66}}]},"39":{"type":"branch","line":196,"loc":{"start":{"line":196,"column":10},"end":{"line":210,"column":3}},"locations":[{"start":{"line":196,"column":10},"end":{"line":210,"column":3}}]},"40":{"type":"branch","line":198,"loc":{"start":{"line":198,"column":47},"end":{"line":208,"column":7}},"locations":[{"start":{"line":198,"column":47},"end":{"line":208,"column":7}}]},"41":{"type":"branch","line":200,"loc":{"start":{"line":200,"column":42},"end":{"line":200,"column":57}},"locations":[{"start":{"line":200,"column":42},"end":{"line":200,"column":57}}]},"42":{"type":"branch","line":200,"loc":{"start":{"line":200,"column":48},"end":{"line":200,"column":102}},"locations":[{"start":{"line":200,"column":48},"end":{"line":200,"column":102}}]},"43":{"type":"branch","line":200,"loc":{"start":{"line":200,"column":89},"end":{"line":200,"column":141}},"locations":[{"start":{"line":200,"column":89},"end":{"line":200,"column":141}}]},"44":{"type":"branch","line":201,"loc":{"start":{"line":201,"column":43},"end":{"line":201,"column":95}},"locations":[{"start":{"line":201,"column":43},"end":{"line":201,"column":95}}]},"45":{"type":"branch","line":212,"loc":{"start":{"line":212,"column":2},"end":{"line":270,"column":3}},"locations":[{"start":{"line":212,"column":2},"end":{"line":270,"column":3}}]},"46":{"type":"branch","line":213,"loc":{"start":{"line":213,"column":21},"end":{"line":213,"column":31}},"locations":[{"start":{"line":213,"column":21},"end":{"line":213,"column":31}}]},"47":{"type":"branch","line":216,"loc":{"start":{"line":216,"column":72},"end":{"line":216,"column":119}},"locations":[{"start":{"line":216,"column":72},"end":{"line":216,"column":119}}]},"48":{"type":"branch","line":217,"loc":{"start":{"line":217,"column":72},"end":{"line":217,"column":119}},"locations":[{"start":{"line":217,"column":72},"end":{"line":217,"column":119}}]},"49":{"type":"branch","line":221,"loc":{"start":{"line":221,"column":57},"end":{"line":221,"column":109}},"locations":[{"start":{"line":221,"column":57},"end":{"line":221,"column":109}}]},"50":{"type":"branch","line":222,"loc":{"start":{"line":222,"column":70},"end":{"line":222,"column":132}},"locations":[{"start":{"line":222,"column":70},"end":{"line":222,"column":132}}]},"51":{"type":"branch","line":225,"loc":{"start":{"line":225,"column":65},"end":{"line":225,"column":72}},"locations":[{"start":{"line":225,"column":65},"end":{"line":225,"column":72}}]},"52":{"type":"branch","line":226,"loc":{"start":{"line":226,"column":67},"end":{"line":226,"column":74}},"locations":[{"start":{"line":226,"column":67},"end":{"line":226,"column":74}}]},"53":{"type":"branch","line":227,"loc":{"start":{"line":227,"column":60},"end":{"line":227,"column":79}},"locations":[{"start":{"line":227,"column":60},"end":{"line":227,"column":79}}]},"54":{"type":"branch","line":229,"loc":{"start":{"line":229,"column":47},"end":{"line":229,"column":57}},"locations":[{"start":{"line":229,"column":47},"end":{"line":229,"column":57}}]},"55":{"type":"branch","line":229,"loc":{"start":{"line":229,"column":69},"end":{"line":230,"column":106}},"locations":[{"start":{"line":229,"column":69},"end":{"line":230,"column":106}}]},"56":{"type":"branch","line":234,"loc":{"start":{"line":234,"column":33},"end":{"line":234,"column":44}},"locations":[{"start":{"line":234,"column":33},"end":{"line":234,"column":44}}]},"57":{"type":"branch","line":234,"loc":{"start":{"line":234,"column":44},"end":{"line":234,"column":95}},"locations":[{"start":{"line":234,"column":44},"end":{"line":234,"column":95}}]},"58":{"type":"branch","line":234,"loc":{"start":{"line":234,"column":76},"end":{"line":234,"column":90}},"locations":[{"start":{"line":234,"column":76},"end":{"line":234,"column":90}}]},"59":{"type":"branch","line":234,"loc":{"start":{"line":234,"column":90},"end":{"line":234,"column":132}},"locations":[{"start":{"line":234,"column":90},"end":{"line":234,"column":132}}]},"60":{"type":"branch","line":234,"loc":{"start":{"line":234,"column":122},"end":{"line":234,"column":131}},"locations":[{"start":{"line":234,"column":122},"end":{"line":234,"column":131}}]},"61":{"type":"branch","line":236,"loc":{"start":{"line":236,"column":33},"end":{"line":236,"column":45}},"locations":[{"start":{"line":236,"column":33},"end":{"line":236,"column":45}}]},"62":{"type":"branch","line":236,"loc":{"start":{"line":236,"column":45},"end":{"line":237,"column":50}},"locations":[{"start":{"line":236,"column":45},"end":{"line":237,"column":50}}]},"63":{"type":"branch","line":237,"loc":{"start":{"line":237,"column":33},"end":{"line":237,"column":46}},"locations":[{"start":{"line":237,"column":33},"end":{"line":237,"column":46}}]},"64":{"type":"branch","line":237,"loc":{"start":{"line":237,"column":46},"end":{"line":238,"column":50}},"locations":[{"start":{"line":237,"column":46},"end":{"line":238,"column":50}}]},"65":{"type":"branch","line":238,"loc":{"start":{"line":238,"column":33},"end":{"line":238,"column":46}},"locations":[{"start":{"line":238,"column":33},"end":{"line":238,"column":46}}]},"66":{"type":"branch","line":238,"loc":{"start":{"line":238,"column":46},"end":{"line":239,"column":48}},"locations":[{"start":{"line":238,"column":46},"end":{"line":239,"column":48}}]},"67":{"type":"branch","line":239,"loc":{"start":{"line":239,"column":33},"end":{"line":239,"column":44}},"locations":[{"start":{"line":239,"column":33},"end":{"line":239,"column":44}}]},"68":{"type":"branch","line":239,"loc":{"start":{"line":239,"column":44},"end":{"line":240,"column":50}},"locations":[{"start":{"line":239,"column":44},"end":{"line":240,"column":50}}]},"69":{"type":"branch","line":240,"loc":{"start":{"line":240,"column":33},"end":{"line":240,"column":49}},"locations":[{"start":{"line":240,"column":33},"end":{"line":240,"column":49}}]},"70":{"type":"branch","line":242,"loc":{"start":{"line":242,"column":33},"end":{"line":242,"column":54}},"locations":[{"start":{"line":242,"column":33},"end":{"line":242,"column":54}}]},"71":{"type":"branch","line":242,"loc":{"start":{"line":242,"column":54},"end":{"line":243,"column":57}},"locations":[{"start":{"line":242,"column":54},"end":{"line":243,"column":57}}]},"72":{"type":"branch","line":243,"loc":{"start":{"line":243,"column":33},"end":{"line":243,"column":52}},"locations":[{"start":{"line":243,"column":33},"end":{"line":243,"column":52}}]},"73":{"type":"branch","line":243,"loc":{"start":{"line":243,"column":53},"end":{"line":244,"column":55}},"locations":[{"start":{"line":243,"column":53},"end":{"line":244,"column":55}}]},"74":{"type":"branch","line":244,"loc":{"start":{"line":244,"column":33},"end":{"line":244,"column":51}},"locations":[{"start":{"line":244,"column":33},"end":{"line":244,"column":51}}]},"75":{"type":"branch","line":244,"loc":{"start":{"line":244,"column":51},"end":{"line":245,"column":56}},"locations":[{"start":{"line":244,"column":51},"end":{"line":245,"column":56}}]},"76":{"type":"branch","line":245,"loc":{"start":{"line":245,"column":33},"end":{"line":245,"column":52}},"locations":[{"start":{"line":245,"column":33},"end":{"line":245,"column":52}}]},"77":{"type":"branch","line":245,"loc":{"start":{"line":245,"column":52},"end":{"line":246,"column":50}},"locations":[{"start":{"line":245,"column":52},"end":{"line":246,"column":50}}]},"78":{"type":"branch","line":246,"loc":{"start":{"line":246,"column":33},"end":{"line":246,"column":49}},"locations":[{"start":{"line":246,"column":33},"end":{"line":246,"column":49}}]},"79":{"type":"branch","line":247,"loc":{"start":{"line":247,"column":63},"end":{"line":247,"column":82}},"locations":[{"start":{"line":247,"column":63},"end":{"line":247,"column":82}}]},"80":{"type":"branch","line":249,"loc":{"start":{"line":249,"column":33},"end":{"line":249,"column":47}},"locations":[{"start":{"line":249,"column":33},"end":{"line":249,"column":47}}]},"81":{"type":"branch","line":249,"loc":{"start":{"line":249,"column":47},"end":{"line":250,"column":49}},"locations":[{"start":{"line":249,"column":47},"end":{"line":250,"column":49}}]},"82":{"type":"branch","line":250,"loc":{"start":{"line":250,"column":33},"end":{"line":250,"column":45}},"locations":[{"start":{"line":250,"column":33},"end":{"line":250,"column":45}}]},"83":{"type":"branch","line":250,"loc":{"start":{"line":250,"column":45},"end":{"line":251,"column":50}},"locations":[{"start":{"line":250,"column":45},"end":{"line":251,"column":50}}]},"84":{"type":"branch","line":251,"loc":{"start":{"line":251,"column":33},"end":{"line":251,"column":46}},"locations":[{"start":{"line":251,"column":33},"end":{"line":251,"column":46}}]},"85":{"type":"branch","line":251,"loc":{"start":{"line":251,"column":46},"end":{"line":252,"column":53}},"locations":[{"start":{"line":251,"column":46},"end":{"line":252,"column":53}}]},"86":{"type":"branch","line":252,"loc":{"start":{"line":252,"column":33},"end":{"line":252,"column":49}},"locations":[{"start":{"line":252,"column":33},"end":{"line":252,"column":49}}]},"87":{"type":"branch","line":252,"loc":{"start":{"line":252,"column":49},"end":{"line":253,"column":48}},"locations":[{"start":{"line":252,"column":49},"end":{"line":253,"column":48}}]},"88":{"type":"branch","line":253,"loc":{"start":{"line":253,"column":33},"end":{"line":253,"column":44}},"locations":[{"start":{"line":253,"column":33},"end":{"line":253,"column":44}}]},"89":{"type":"branch","line":253,"loc":{"start":{"line":253,"column":44},"end":{"line":254,"column":57}},"locations":[{"start":{"line":253,"column":44},"end":{"line":254,"column":57}}]},"90":{"type":"branch","line":254,"loc":{"start":{"line":254,"column":33},"end":{"line":254,"column":53}},"locations":[{"start":{"line":254,"column":33},"end":{"line":254,"column":53}}]},"91":{"type":"branch","line":254,"loc":{"start":{"line":254,"column":53},"end":{"line":255,"column":54}},"locations":[{"start":{"line":254,"column":53},"end":{"line":255,"column":54}}]},"92":{"type":"branch","line":255,"loc":{"start":{"line":255,"column":33},"end":{"line":255,"column":53}},"locations":[{"start":{"line":255,"column":33},"end":{"line":255,"column":53}}]},"93":{"type":"branch","line":256,"loc":{"start":{"line":256,"column":62},"end":{"line":256,"column":76}},"locations":[{"start":{"line":256,"column":62},"end":{"line":256,"column":76}}]},"94":{"type":"branch","line":256,"loc":{"start":{"line":256,"column":76},"end":{"line":256,"column":122}},"locations":[{"start":{"line":256,"column":76},"end":{"line":256,"column":122}}]},"95":{"type":"branch","line":256,"loc":{"start":{"line":256,"column":108},"end":{"line":256,"column":121}},"locations":[{"start":{"line":256,"column":108},"end":{"line":256,"column":121}}]},"96":{"type":"branch","line":257,"loc":{"start":{"line":257,"column":51},"end":{"line":257,"column":64}},"locations":[{"start":{"line":257,"column":51},"end":{"line":257,"column":64}}]},"97":{"type":"branch","line":258,"loc":{"start":{"line":258,"column":22},"end":{"line":258,"column":62}},"locations":[{"start":{"line":258,"column":22},"end":{"line":258,"column":62}}]},"98":{"type":"branch","line":258,"loc":{"start":{"line":258,"column":48},"end":{"line":258,"column":82}},"locations":[{"start":{"line":258,"column":48},"end":{"line":258,"column":82}}]},"99":{"type":"branch","line":258,"loc":{"start":{"line":258,"column":82},"end":{"line":268,"column":5}},"locations":[{"start":{"line":258,"column":82},"end":{"line":268,"column":5}}]},"100":{"type":"branch","line":263,"loc":{"start":{"line":263,"column":8},"end":{"line":267,"column":7}},"locations":[{"start":{"line":263,"column":8},"end":{"line":267,"column":7}}]},"101":{"type":"branch","line":257,"loc":{"start":{"line":257,"column":71},"end":{"line":257,"column":85}},"locations":[{"start":{"line":257,"column":71},"end":{"line":257,"column":85}}]},"102":{"type":"branch","line":272,"loc":{"start":{"line":272,"column":2},"end":{"line":299,"column":3}},"locations":[{"start":{"line":272,"column":2},"end":{"line":299,"column":3}}]},"103":{"type":"branch","line":301,"loc":{"start":{"line":301,"column":2},"end":{"line":312,"column":3}},"locations":[{"start":{"line":301,"column":2},"end":{"line":312,"column":3}}]},"104":{"type":"branch","line":302,"loc":{"start":{"line":302,"column":17},"end":{"line":302,"column":34}},"locations":[{"start":{"line":302,"column":17},"end":{"line":302,"column":34}}]},"105":{"type":"branch","line":302,"loc":{"start":{"line":302,"column":34},"end":{"line":304,"column":29}},"locations":[{"start":{"line":302,"column":34},"end":{"line":304,"column":29}}]},"106":{"type":"branch","line":304,"loc":{"start":{"line":304,"column":21},"end":{"line":304,"column":31}},"locations":[{"start":{"line":304,"column":21},"end":{"line":304,"column":31}}]},"107":{"type":"branch","line":309,"loc":{"start":{"line":309,"column":34},"end":{"line":311,"column":15}},"locations":[{"start":{"line":309,"column":34},"end":{"line":311,"column":15}}]},"108":{"type":"branch","line":314,"loc":{"start":{"line":314,"column":2},"end":{"line":326,"column":3}},"locations":[{"start":{"line":314,"column":2},"end":{"line":326,"column":3}}]},"109":{"type":"branch","line":315,"loc":{"start":{"line":315,"column":25},"end":{"line":315,"column":105}},"locations":[{"start":{"line":315,"column":25},"end":{"line":315,"column":105}}]},"110":{"type":"branch","line":316,"loc":{"start":{"line":316,"column":6},"end":{"line":316,"column":108}},"locations":[{"start":{"line":316,"column":6},"end":{"line":316,"column":108}}]},"111":{"type":"branch","line":317,"loc":{"start":{"line":317,"column":42},"end":{"line":317,"column":131}},"locations":[{"start":{"line":317,"column":42},"end":{"line":317,"column":131}}]},"112":{"type":"branch","line":317,"loc":{"start":{"line":317,"column":130},"end":{"line":319,"column":29}},"locations":[{"start":{"line":317,"column":130},"end":{"line":319,"column":29}}]},"113":{"type":"branch","line":319,"loc":{"start":{"line":319,"column":21},"end":{"line":319,"column":31}},"locations":[{"start":{"line":319,"column":21},"end":{"line":319,"column":31}}]},"114":{"type":"branch","line":324,"loc":{"start":{"line":324,"column":34},"end":{"line":325,"column":15}},"locations":[{"start":{"line":324,"column":34},"end":{"line":325,"column":15}}]},"115":{"type":"branch","line":328,"loc":{"start":{"line":328,"column":2},"end":{"line":342,"column":3}},"locations":[{"start":{"line":328,"column":2},"end":{"line":342,"column":3}}]},"116":{"type":"branch","line":329,"loc":{"start":{"line":329,"column":25},"end":{"line":329,"column":104}},"locations":[{"start":{"line":329,"column":25},"end":{"line":329,"column":104}}]},"117":{"type":"branch","line":330,"loc":{"start":{"line":330,"column":6},"end":{"line":330,"column":107}},"locations":[{"start":{"line":330,"column":6},"end":{"line":330,"column":107}}]},"118":{"type":"branch","line":332,"loc":{"start":{"line":332,"column":21},"end":{"line":332,"column":31}},"locations":[{"start":{"line":332,"column":21},"end":{"line":332,"column":31}}]},"119":{"type":"branch","line":344,"loc":{"start":{"line":344,"column":2},"end":{"line":358,"column":3}},"locations":[{"start":{"line":344,"column":2},"end":{"line":358,"column":3}}]},"120":{"type":"branch","line":345,"loc":{"start":{"line":345,"column":25},"end":{"line":345,"column":104}},"locations":[{"start":{"line":345,"column":25},"end":{"line":345,"column":104}}]},"121":{"type":"branch","line":346,"loc":{"start":{"line":346,"column":6},"end":{"line":346,"column":107}},"locations":[{"start":{"line":346,"column":6},"end":{"line":346,"column":107}}]},"122":{"type":"branch","line":348,"loc":{"start":{"line":348,"column":21},"end":{"line":348,"column":31}},"locations":[{"start":{"line":348,"column":21},"end":{"line":348,"column":31}}]},"123":{"type":"branch","line":360,"loc":{"start":{"line":360,"column":2},"end":{"line":374,"column":3}},"locations":[{"start":{"line":360,"column":2},"end":{"line":374,"column":3}}]},"124":{"type":"branch","line":361,"loc":{"start":{"line":361,"column":25},"end":{"line":361,"column":104}},"locations":[{"start":{"line":361,"column":25},"end":{"line":361,"column":104}}]},"125":{"type":"branch","line":362,"loc":{"start":{"line":362,"column":6},"end":{"line":362,"column":107}},"locations":[{"start":{"line":362,"column":6},"end":{"line":362,"column":107}}]},"126":{"type":"branch","line":364,"loc":{"start":{"line":364,"column":21},"end":{"line":364,"column":31}},"locations":[{"start":{"line":364,"column":21},"end":{"line":364,"column":31}}]},"127":{"type":"branch","line":376,"loc":{"start":{"line":376,"column":2},"end":{"line":389,"column":3}},"locations":[{"start":{"line":376,"column":2},"end":{"line":389,"column":3}}]},"128":{"type":"branch","line":377,"loc":{"start":{"line":377,"column":25},"end":{"line":377,"column":103}},"locations":[{"start":{"line":377,"column":25},"end":{"line":377,"column":103}}]},"129":{"type":"branch","line":378,"loc":{"start":{"line":378,"column":6},"end":{"line":378,"column":106}},"locations":[{"start":{"line":378,"column":6},"end":{"line":378,"column":106}}]},"130":{"type":"branch","line":380,"loc":{"start":{"line":380,"column":21},"end":{"line":380,"column":31}},"locations":[{"start":{"line":380,"column":21},"end":{"line":380,"column":31}}]},"131":{"type":"branch","line":382,"loc":{"start":{"line":382,"column":38},"end":{"line":382,"column":81}},"locations":[{"start":{"line":382,"column":38},"end":{"line":382,"column":81}}]},"132":{"type":"branch","line":382,"loc":{"start":{"line":382,"column":70},"end":{"line":382,"column":95}},"locations":[{"start":{"line":382,"column":70},"end":{"line":382,"column":95}}]},"133":{"type":"branch","line":391,"loc":{"start":{"line":391,"column":2},"end":{"line":402,"column":3}},"locations":[{"start":{"line":391,"column":2},"end":{"line":402,"column":3}}]},"134":{"type":"branch","line":392,"loc":{"start":{"line":392,"column":25},"end":{"line":392,"column":102}},"locations":[{"start":{"line":392,"column":25},"end":{"line":392,"column":102}}]},"135":{"type":"branch","line":393,"loc":{"start":{"line":393,"column":6},"end":{"line":393,"column":105}},"locations":[{"start":{"line":393,"column":6},"end":{"line":393,"column":105}}]},"136":{"type":"branch","line":395,"loc":{"start":{"line":395,"column":21},"end":{"line":395,"column":31}},"locations":[{"start":{"line":395,"column":21},"end":{"line":395,"column":31}}]},"137":{"type":"branch","line":397,"loc":{"start":{"line":397,"column":37},"end":{"line":397,"column":78}},"locations":[{"start":{"line":397,"column":37},"end":{"line":397,"column":78}}]},"138":{"type":"branch","line":397,"loc":{"start":{"line":397,"column":68},"end":{"line":397,"column":98}},"locations":[{"start":{"line":397,"column":68},"end":{"line":397,"column":98}}]},"139":{"type":"branch","line":404,"loc":{"start":{"line":404,"column":2},"end":{"line":415,"column":3}},"locations":[{"start":{"line":404,"column":2},"end":{"line":415,"column":3}}]},"140":{"type":"branch","line":405,"loc":{"start":{"line":405,"column":25},"end":{"line":405,"column":102}},"locations":[{"start":{"line":405,"column":25},"end":{"line":405,"column":102}}]},"141":{"type":"branch","line":406,"loc":{"start":{"line":406,"column":6},"end":{"line":406,"column":105}},"locations":[{"start":{"line":406,"column":6},"end":{"line":406,"column":105}}]},"142":{"type":"branch","line":408,"loc":{"start":{"line":408,"column":21},"end":{"line":408,"column":31}},"locations":[{"start":{"line":408,"column":21},"end":{"line":408,"column":31}}]},"143":{"type":"branch","line":410,"loc":{"start":{"line":410,"column":37},"end":{"line":410,"column":78}},"locations":[{"start":{"line":410,"column":37},"end":{"line":410,"column":78}}]},"144":{"type":"branch","line":410,"loc":{"start":{"line":410,"column":68},"end":{"line":410,"column":98}},"locations":[{"start":{"line":410,"column":68},"end":{"line":410,"column":98}}]},"145":{"type":"branch","line":417,"loc":{"start":{"line":417,"column":2},"end":{"line":428,"column":3}},"locations":[{"start":{"line":417,"column":2},"end":{"line":428,"column":3}}]},"146":{"type":"branch","line":418,"loc":{"start":{"line":418,"column":25},"end":{"line":418,"column":102}},"locations":[{"start":{"line":418,"column":25},"end":{"line":418,"column":102}}]},"147":{"type":"branch","line":419,"loc":{"start":{"line":419,"column":6},"end":{"line":419,"column":105}},"locations":[{"start":{"line":419,"column":6},"end":{"line":419,"column":105}}]},"148":{"type":"branch","line":421,"loc":{"start":{"line":421,"column":21},"end":{"line":421,"column":31}},"locations":[{"start":{"line":421,"column":21},"end":{"line":421,"column":31}}]},"149":{"type":"branch","line":423,"loc":{"start":{"line":423,"column":37},"end":{"line":423,"column":78}},"locations":[{"start":{"line":423,"column":37},"end":{"line":423,"column":78}}]},"150":{"type":"branch","line":423,"loc":{"start":{"line":423,"column":68},"end":{"line":423,"column":91}},"locations":[{"start":{"line":423,"column":68},"end":{"line":423,"column":91}}]},"151":{"type":"branch","line":431,"loc":{"start":{"line":431,"column":19},"end":{"line":446,"column":6}},"locations":[{"start":{"line":431,"column":19},"end":{"line":446,"column":6}}]},"152":{"type":"branch","line":432,"loc":{"start":{"line":432,"column":27},"end":{"line":432,"column":126}},"locations":[{"start":{"line":432,"column":27},"end":{"line":432,"column":126}}]},"153":{"type":"branch","line":433,"loc":{"start":{"line":433,"column":8},"end":{"line":433,"column":81}},"locations":[{"start":{"line":433,"column":8},"end":{"line":433,"column":81}}]},"154":{"type":"branch","line":434,"loc":{"start":{"line":434,"column":27},"end":{"line":434,"column":105}},"locations":[{"s
[...]
54}},"locations":[{"start":{"line":590,"column":21},"end":{"line":590,"column":54}}]},"298":{"type":"branch","line":591,"loc":{"start":{"line":591,"column":82},"end":{"line":600,"column":3}},"locations":[{"start":{"line":591,"column":82},"end":{"line":600,"column":3}}]},"299":{"type":"branch","line":591,"loc":{"start":{"line":591,"column":82},"end":{"line":595,"column":9}},"locations":[{"start":{"line":591,"column":82},"end":{"line":595,"column":9}}]},"300":{"type":"branch","line":596,"loc":{"start":{"line":596,"column":33},"end":{"line":596,"column":106}},"locations":[{"start":{"line":596,"column":33},"end":{"line":596,"column":106}}]},"301":{"type":"branch","line":596,"loc":{"start":{"line":596,"column":76},"end":{"line":596,"column":145}},"locations":[{"start":{"line":596,"column":76},"end":{"line":596,"column":145}}]},"302":{"type":"branch","line":597,"loc":{"start":{"line":597,"column":6},"end":{"line":597,"column":43}},"locations":[{"start":{"line":597,"column":6},"end":{"line":597,"column":43}}]},"303":{"type":"branch","line":598,"loc":{"start":{"line":598,"column":51},"end":{"line":598,"column":90}},"locations":[{"start":{"line":598,"column":51},"end":{"line":598,"column":90}}]},"304":{"type":"branch","line":599,"loc":{"start":{"line":599,"column":59},"end":{"line":599,"column":106}},"locations":[{"start":{"line":599,"column":59},"end":{"line":599,"column":106}}]},"305":{"type":"branch","line":602,"loc":{"start":{"line":602,"column":4},"end":{"line":602,"column":125}},"locations":[{"start":{"line":602,"column":4},"end":{"line":602,"column":125}}]},"306":{"type":"branch","line":602,"loc":{"start":{"line":602,"column":38},"end":{"line":602,"column":74}},"locations":[{"start":{"line":602,"column":38},"end":{"line":602,"column":74}}]},"307":{"type":"branch","line":602,"loc":{"start":{"line":602,"column":61},"end":{"line":602,"column":90}},"locations":[{"start":{"line":602,"column":61},"end":{"line":602,"column":90}}]},"308":{"type":"branch","line":602,"loc":{"start":{"line":602,"column":90},"end":{"line":602,"column":125}},"locations":[{"start":{"line":602,"column":90},"end":{"line":602,"column":125}}]},"309":{"type":"branch","line":606,"loc":{"start":{"line":606,"column":0},"end":{"line":656,"column":1}},"locations":[{"start":{"line":606,"column":0},"end":{"line":656,"column":1}}]},"310":{"type":"branch","line":607,"loc":{"start":{"line":607,"column":31},"end":{"line":607,"column":98}},"locations":[{"start":{"line":607,"column":31},"end":{"line":607,"column":98}}]},"311":{"type":"branch","line":608,"loc":{"start":{"line":608,"column":50},"end":{"line":608,"column":118}},"locations":[{"start":{"line":608,"column":50},"end":{"line":608,"column":118}}]},"312":{"type":"branch","line":609,"loc":{"start":{"line":609,"column":61},"end":{"line":609,"column":117}},"locations":[{"start":{"line":609,"column":61},"end":{"line":609,"column":117}}]},"313":{"type":"branch","line":610,"loc":{"start":{"line":610,"column":19},"end":{"line":610,"column":64}},"locations":[{"start":{"line":610,"column":19},"end":{"line":610,"column":64}}]},"314":{"type":"branch","line":610,"loc":{"start":{"line":610,"column":52},"end":{"line":610,"column":79}},"locations":[{"start":{"line":610,"column":52},"end":{"line":610,"column":79}}]},"315":{"type":"branch","line":611,"loc":{"start":{"line":611,"column":4},"end":{"line":611,"column":108}},"locations":[{"start":{"line":611,"column":4},"end":{"line":611,"column":108}}]},"316":{"type":"branch","line":611,"loc":{"start":{"line":611,"column":107},"end":{"line":612,"column":29}},"locations":[{"start":{"line":611,"column":107},"end":{"line":612,"column":29}}]},"317":{"type":"branch","line":612,"loc":{"start":{"line":612,"column":23},"end":{"line":612,"column":73}},"locations":[{"start":{"line":612,"column":23},"end":{"line":612,"column":73}}]},"318":{"type":"branch","line":612,"loc":{"start":{"line":612,"column":72},"end":{"line":614,"column":40}},"locations":[{"start":{"line":612,"column":72},"end":{"line":614,"column":40}}]},"319":{"type":"branch","line":614,"loc":{"start":{"line":614,"column":40},"end":{"line":617,"column":3}},"locations":[{"start":{"line":614,"column":40},"end":{"line":617,"column":3}}]},"320":{"type":"branch","line":617,"loc":{"start":{"line":617,"column":2},"end":{"line":619,"column":41}},"locations":[{"start":{"line":617,"column":2},"end":{"line":619,"column":41}}]},"321":{"type":"branch","line":619,"loc":{"start":{"line":619,"column":41},"end":{"line":622,"column":3}},"locations":[{"start":{"line":619,"column":41},"end":{"line":622,"column":3}}]},"322":{"type":"branch","line":622,"loc":{"start":{"line":622,"column":2},"end":{"line":624,"column":35}},"locations":[{"start":{"line":622,"column":2},"end":{"line":624,"column":35}}]},"323":{"type":"branch","line":624,"loc":{"start":{"line":624,"column":40},"end":{"line":624,"column":52}},"locations":[{"start":{"line":624,"column":40},"end":{"line":624,"column":52}}]},"324":{"type":"branch","line":625,"loc":{"start":{"line":625,"column":26},"end":{"line":625,"column":42}},"locations":[{"start":{"line":625,"column":26},"end":{"line":625,"column":42}}]},"325":{"type":"branch","line":632,"loc":{"start":{"line":632,"column":25},"end":{"line":632,"column":68}},"locations":[{"start":{"line":632,"column":25},"end":{"line":632,"column":68}}]},"326":{"type":"branch","line":632,"loc":{"start":{"line":632,"column":52},"end":{"line":632,"column":81}},"locations":[{"start":{"line":632,"column":52},"end":{"line":632,"column":81}}]},"327":{"type":"branch","line":632,"loc":{"start":{"line":632,"column":68},"end":{"line":632,"column":150}},"locations":[{"start":{"line":632,"column":68},"end":{"line":632,"column":150}}]},"328":{"type":"branch","line":620,"loc":{"start":{"line":620,"column":83},"end":{"line":620,"column":124}},"locations":[{"start":{"line":620,"column":83},"end":{"line":620,"column":124}}]},"329":{"type":"branch","line":624,"loc":{"start":{"line":624,"column":61},"end":{"line":624,"column":75}},"locations":[{"start":{"line":624,"column":61},"end":{"line":624,"column":75}}]},"330":{"type":"branch","line":636,"loc":{"start":{"line":636,"column":10},"end":{"line":655,"column":5}},"locations":[{"start":{"line":636,"column":10},"end":{"line":655,"column":5}}]},"331":{"type":"branch","line":639,"loc":{"start":{"line":639,"column":22},"end":{"line":639,"column":53}},"locations":[{"start":{"line":639,"column":22},"end":{"line":639,"column":53}}]},"332":{"type":"branch","line":647,"loc":{"start":{"line":647,"column":21},"end":{"line":647,"column":42}},"locations":[{"start":{"line":647,"column":21},"end":{"line":647,"column":42}}]},"333":{"type":"branch","line":647,"loc":{"start":{"line":647,"column":42},"end":{"line":647,"column":119}},"locations":[{"start":{"line":647,"column":42},"end":{"line":647,"column":119}}]},"334":{"type":"branch","line":649,"loc":{"start":{"line":649,"column":21},"end":{"line":649,"column":45}},"locations":[{"start":{"line":649,"column":21},"end":{"line":649,"column":45}}]},"335":{"type":"branch","line":650,"loc":{"start":{"line":650,"column":8},"end":{"line":652,"column":9}},"locations":[{"start":{"line":650,"column":8},"end":{"line":652,"column":9}}]},"336":{"type":"branch","line":654,"loc":{"start":{"line":654,"column":33},"end":{"line":654,"column":62}},"locations":[{"start":{"line":654,"column":33},"end":{"line":654,"column":62}}]},"337":{"type":"branch","line":641,"loc":{"start":{"line":641,"column":10},"end":{"line":644,"column":95}},"locations":[{"start":{"line":641,"column":10},"end":{"line":644,"column":95}}]},"338":{"type":"branch","line":642,"loc":{"start":{"line":642,"column":24},"end":{"line":642,"column":38}},"locations":[{"start":{"line":642,"column":24},"end":{"line":642,"column":38}}]},"339":{"type":"branch","line":644,"loc":{"start":{"line":644,"column":12},"end":{"line":644,"column":95}},"locations":[{"start":{"line":644,"column":12},"end":{"line":644,"column":95}}]},"340":{"type":"branch","line":642,"loc":{"start":{"line":642,"column":75},"end":{"line":643,"column":81}},"locations":[{"start":{"line":642,"column":75},"end":{"line":643,"column":81}}]},"341":{"type":"branch","line":647,"loc":{"start":{"line":647,"column":71},"end":{"line":647,"column":118}},"locations":[{"start":{"line":647,"column":71},"end":{"line":647,"column":118}}]},"342":{"type":"branch","line":651,"loc":{"start":{"line":651,"column":10},"end":{"line":651,"column":125}},"locations":[{"start":{"line":651,"column":10},"end":{"line":651,"column":125}}]},"343":{"type":"branch","line":658,"loc":{"start":{"line":658,"column":7},"end":{"line":674,"column":1}},"locations":[{"start":{"line":658,"column":7},"end":{"line":674,"column":1}}]},"344":{"type":"branch","line":662,"loc":{"start":{"line":662,"column":4},"end":{"line":671,"column":6}},"locations":[{"start":{"line":662,"column":4},"end":{"line":671,"column":6}}]},"345":{"type":"branch","line":663,"loc":{"start":{"line":663,"column":39},"end":{"line":663,"column":55}},"locations":[{"start":{"line":663,"column":39},"end":{"line":663,"column":55}}]},"346":{"type":"branch","line":664,"loc":{"start":{"line":664,"column":37},"end":{"line":664,"column":53}},"locations":[{"start":{"line":664,"column":37},"end":{"line":664,"column":53}}]},"347":{"type":"branch","line":665,"loc":{"start":{"line":665,"column":37},"end":{"line":665,"column":60}},"locations":[{"start":{"line":665,"column":37},"end":{"line":665,"column":60}}]},"348":{"type":"branch","line":666,"loc":{"start":{"line":666,"column":27},"end":{"line":666,"column":55}},"locations":[{"start":{"line":666,"column":27},"end":{"line":666,"column":55}}]},"349":{"type":"branch","line":666,"loc":{"start":{"line":666,"column":55},"end":{"line":669,"column":7}},"locations":[{"start":{"line":666,"column":55},"end":{"line":669,"column":7}}]},"350":{"type":"branch","line":667,"loc":{"start":{"line":667,"column":29},"end":{"line":667,"column":48}},"locations":[{"start":{"line":667,"column":29},"end":{"line":667,"column":48}}]},"351":{"type":"branch","line":667,"loc":{"start":{"line":667,"column":36},"end":{"line":669,"column":7}},"locations":[{"start":{"line":667,"column":36},"end":{"line":669,"column":7}}]},"352":{"type":"branch","line":669,"loc":{"start":{"line":669,"column":6},"end":{"line":670,"column":18}},"locations":[{"start":{"line":669,"column":6},"end":{"line":670,"column":18}}]}},"b":{"0":[16],"1":[2],"2":[1],"3":[0],"4":[1],"5":[1],"6":[294],"7":[294],"8":[62],"9":[61],"10":[55],"11":[0],"12":[54],"13":[3],"14":[52],"15":[2],"16":[50],"17":[50],"18":[1],"19":[0],"20":[0],"21":[52],"22":[40],"23":[52],"24":[1],"25":[52],"26":[0],"27":[0],"28":[52],"29":[50],"30":[0],"31":[10],"32":[0],"33":[9],"34":[0],"35":[0],"36":[0],"37":[1],"38":[0],"39":[5],"40":[65],"41":[1],"42":[64],"43":[0],"44":[128],"45":[0],"46":[0],"47":[0],"48":[0],"49":[0],"50":[0],"51":[0],"52":[0],"53":[0],"54":[0],"55":[0],"56":[0],"57":[0],"58":[0],"59":[0],"60":[0],"61":[0],"62":[16],"63":[0],"64":[0],"65":[16],"66":[0],"67":[0],"68":[0],"69":[0],"70":[261],"71":[134],"72":[225],"73":[201],"74":[127],"75":[111],"76":[16],"77":[8],"78":[8],"79":[30],"80":[0],"81":[28],"82":[10],"83":[20],"84":[1],"85":[19],"86":[10],"87":[6],"88":[0],"89":[20],"90":[0],"91":[18],"92":[16],"93":[5],"94":[4],"95":[1],"96":[3],"97":[0],"98":[5],"99":[0],"100":[3],"101":[2],"102":[1],"103":[0],"104":[1],"105":[5],"106":[0],"107":[2],"108":[1],"109":[0],"110":[0],"111":[0],"112":[1],"113":[0],"114":[0],"115":[1],"116":[0],"117":[0],"118":[1],"119":[0],"120":[0],"121":[1],"122":[0],"123":[0],"124":[1],"125":[0],"126":[0],"127":[1],"128":[0],"129":[0],"130":[1],"131":[0],"132":[0],"133":[1],"134":[0],"135":[0],"136":[1],"137":[0],"138":[0],"139":[1],"140":[0],"141":[0],"142":[1],"143":[0],"144":[0],"145":[1],"146":[0],"147":[0],"148":[1],"149":[0],"150":[0],"151":[1],"152":[0],"153":[1],"154":[0],"155":[1],"156":[0],"157":[3],"158":[1],"159":[1],"160":[1],"161":[2],"162":[1],"163":[217],"164":[3],"165":[1],"166":[3],"167":[0],"168":[0],"169":[2],"170":[1],"171":[0],"172":[0],"173":[0],"174":[1],"175":[0],"176":[0],"177":[0],"178":[0],"179":[0],"180":[5],"181":[5],"182":[6],"183":[0],"184":[0],"185":[0],"186":[1],"187":[5],"188":[1],"189":[4],"190":[1],"191":[1],"192":[3],"193":[1],"194":[3],"195":[1],"196":[2],"197":[0],"198":[0],"199":[2],"200":[0],"201":[0],"202":[0],"203":[2],"204":[0],"205":[0],"206":[2],"207":[0],"208":[0],"209":[3],"210":[2],"211":[1],"212":[1],"213":[2],"214":[1],"215":[0],"216":[0],"217":[2],"218":[0],"219":[1],"220":[0],"221":[2],"222":[0],"223":[1],"224":[0],"225":[2],"226":[0],"227":[1],"228":[0],"229":[0],"230":[2],"231":[0],"232":[1],"233":[0],"234":[2],"235":[0],"236":[1],"237":[0],"238":[2],"239":[0],"240":[1],"241":[0],"242":[2],"243":[0],"244":[1],"245":[2],"246":[0],"247":[1],"248":[0],"249":[2],"250":[0],"251":[1],"252":[0],"253":[2],"254":[0],"255":[1],"256":[0],"257":[2],"258":[0],"259":[1],"260":[0],"261":[2],"262":[0],"263":[1],"264":[0],"265":[2],"266":[0],"267":[1],"268":[0],"269":[2],"270":[0],"271":[1],"272":[499],"273":[17],"274":[0],"275":[21],"276":[18],"277":[42],"278":[1],"279":[0],"280":[2],"281":[6],"282":[3],"283":[1],"284":[3],"285":[0],"286":[1],"287":[1],"288":[0],"289":[1],"290":[5],"291":[0],"292":[5],"293":[1],"294":[0],"295":[8],"296":[0],"297":[1],"298":[7],"299":[1],"300":[6],"301":[1],"302":[1],"303":[2],"304":[1],"305":[20],"306":[1],"307":[1],"308":[1],"309":[7],"310":[0],"311":[0],"312":[0],"313":[1],"314":[1],"315":[1],"316":[6],"317":[0],"318":[6],"319":[1],"320":[5],"321":[1],"322":[4],"323":[4],"324":[4],"325":[4],"326":[4],"327":[0],"328":[1],"329":[8],"330":[4],"331":[0],"332":[1],"333":[1],"334":[2],"335":[1],"336":[1],"337":[6],"338":[1],"339":[5],"340":[11],"341":[1],"342":[2],"343":[131],"344":[521],"345":[0],"346":[0],"347":[0],"348":[240],"349":[222],"350":[1],"351":[221],"352":[520]},"fnMap":{"0":{"name":"escapeRegExp","decl":{"start":{"line":17,"column":21},"end":{"line":17,"column":88}},"loc":{"start":{"line":17,"column":21},"end":{"line":17,"column":88}},"line":17},"1":{"name":"parseConnectionUrl","decl":{"start":{"line":19,"column":7},"end":{"line":30,"column":1}},"loc":{"start":{"line":19,"column":7},"end":{"line":30,"column":1}},"line":19},"2":{"name":"<instance_members_initializer>","decl":{"start":{"line":33,"column":9},"end":{"line":33,"column":65}},"loc":{"start":{"line":33,"column":9},"end":{"line":33,"column":65}},"line":33},"3":{"name":"RyanlinkUtils","decl":{"start":{"line":34,"column":2},"end":{"line":36,"column":3}},"loc":{"start":{"line":34,"column":2},"end":{"line":36,"column":3}},"line":34},"4":{"name":"buildPluginInfo","decl":{"start":{"line":38,"column":2},"end":{"line":43,"column":3}},"loc":{"start":{"line":38,"column":2},"end":{"line":43,"column":3}},"line":38},"5":{"name":"buildTrack","decl":{"start":{"line":45,"column":2},"end":{"line":89,"column":3}},"loc":{"start":{"line":45,"column":2},"end":{"line":89,"column":3}},"line":45},"6":{"name":"buildUnresolvedTrack","decl":{"start":{"line":91,"column":2},"end":{"line":124,"column":3}},"loc":{"start":{"line":91,"column":2},"end":{"line":124,"column":3}},"line":91},"7":{"name":"resolve","decl":{"start":{"line":103,"column":6},"end":{"line":114,"column":8}},"loc":{"start":{"line":103,"column":6},"end":{"line":114,"column":8}},"line":103},"8":{"name":"isNode","decl":{"start":{"line":126,"column":2},"end":{"line":149,"column":3}},"loc":{"start":{"line":126,"column":2},"end":{"line":149,"column":3}},"line":126},"9":{"name":"getTransformedRequester","decl":{"start":{"line":151,"column":2},"end":{"line":167,"column":3}},"loc":{"start":{"line":151,"column":2},"end":{"line":167,"column":3}},"line":151},"10":{"name":"isNodeOptions","decl":{"start":{"line":169,"column":2},"end":{"line":196,"column":3}},"loc":{"start":{"line":169,"column":2},"end":{"line":196,"column":3}},"line":169},"11":{"name":"isNotBrokenTrack","decl":{"start":{"line":198,"column":2},"end":{"line":205,"column":3}},"loc":{"start":{"line":198,"column":2},"end":{"line":205,"column":3}},"line":198},"12":{"name":"isTrack","decl":{"start":{"line":207,"column":2},"end":{"line":211,"column":3}},"loc":{"start":{"line":207,"column":2},"end":{"line":211,"column":3}},"line":207},"13":{"name":"isUnresolvedTrack","decl":{"start":{"line":213,"column":2},"end":{"line":222,"column":3}},"loc":{"start":{"line":213,"column":2},"end":{"line":222,"column":3}},"line":213},"14":{"name":"isUnresolvedTrackQuery","decl":{"start":{"line":224,"column":2},"end":{"line":226,"column":3}},"loc":{"start":{"line":224,"column":2},"end":{"line":226,"column":3}},"line":224},"15":{"name":"getClosestTrack","decl":{"start":{"line":228,"column":2},"end":{"line":242,"column":3}},"loc":{"start":{"line":228,"column":2},"end":{"line":242,"column":3}},"line":228},"16":{"name":"validateQueryString","decl":{"start":{"line":244,"column":2},"end":{"line":342,"column":3}},"loc":{"start":{"line":244,"column":2},"end":{"line":342,"column":3}},"line":244},"17":{"name":"findSourceOfQuery","decl":{"start":{"line":344,"column":2},"end":{"line":354,"column":3}},"loc":{"start":{"line":344,"column":2},"end":{"line":354,"column":3}},"line":344},"18":{"name":"extractSourceOfQuery","decl":{"start":{"line":356,"column":2},"end":{"line":364,"column":3}},"loc":{"start":{"line":356,"column":2},"end":{"line":364,"column":3}},"line":356},"19":{"name":"typedLowerCase","decl":{"start":{"line":366,"column":2},"end":{"line":370,"column":3}},"loc":{"start":{"line":366,"column":2},"end":{"line":370,"column":3}},"line":366},"20":{"name":"transformQuery","decl":{"start":{"line":372,"column":2},"end":{"line":389,"column":3}},"loc":{"start":{"line":372,"column":2},"end":{"line":389,"column":3}},"line":372},"21":{"name":"transformAudioSearchQuery","decl":{"start":{"line":391,"column":2},"end":{"line":414,"column":3}},"loc":{"start":{"line":391,"column":2},"end":{"line":414,"column":3}},"line":391},"22":{"name":"validateSourceString","decl":{"start":{"line":416,"column":2},"end":{"line":508,"column":3}},"loc":{"start":{"line":416,"column":2},"end":{"line":508,"column":3}},"line":416},"23":{"name":"MiniMap","decl":{"start":{"line":516,"column":2},"end":{"line":518,"column":3}},"loc":{"start":{"line":516,"column":2},"end":{"line":518,"column":3}},"line":516},"24":{"name":"filter","decl":{"start":{"line":526,"column":9},"end":{"line":533,"column":3}},"loc":{"start":{"line":526,"column":9},"end":{"line":533,"column":3}},"line":526},"25":{"name":"toJSON","decl":{"start":{"line":535,"column":9},"end":{"line":537,"column":3}},"loc":{"start":{"line":535,"column":9},"end":{"line":537,"column":3}},"line":535},"26":{"name":"map","decl":{"start":{"line":541,"column":9},"end":{"line":549,"column":3}},"loc":{"start":{"line":541,"column":9},"end":{"line":549,"column":3}},"line":541},"27":{"name":"queueTrackEnd","decl":{"start":{"line":552,"column":0},"end":{"line":586,"column":1}},"loc":{"start":{"line":552,"column":0},"end":{"line":586,"column":1}},"line":552},"28":{"name":"applyUnresolvedData","decl":{"start":{"line":588,"column":0},"end":{"line":604,"column":1}},"loc":{"start":{"line":588,"column":0},"end":{"line":604,"column":1}},"line":588},"29":{"name":"getClosestTrack","decl":{"start":{"line":606,"column":0},"end":{"line":656,"column":1}},"loc":{"start":{"line":606,"column":0},"end":{"line":656,"column":1}},"line":606},"30":{"name":"safeStringify","decl":{"start":{"line":658,"column":7},"end":{"line":674,"column":1}},"loc":{"start":{"line":658,"column":7},"end":{"line":674,"column":1}},"line":658}},"f":{"0":16,"1":2,"2":294,"3":294,"4":62,"5":55,"6":10,"7":1,"8":0,"9":65,"10":128,"11":0,"12":261,"13":30,"14":0,"15":6,"16":20,"17":3,"18":3,"19":3,"20":2,"21":1,"22":6,"23":499,"24":17,"25":42,"26":1,"27":6,"28":8,"29":7,"30":131}}
,"/root/kryzox/ryanlink/src/utils/index.ts": {"path":"/root/kryzox/ryanlink/src/utils/index.ts","all":false,"statementMap":{"0":{"start":{"line":1,"column":0},"end":{"line":1,"column":23}}},"s":{"0":1},"branchMap":{},"b":{},"fnMap":{},"f":{}}
}
