TN:
SF:src/index.ts
FNF:0
FNH:0
DA:1,1
DA:2,1
DA:3,1
DA:4,1
DA:5,1
DA:6,1
DA:7,1
DA:8,1
DA:9,1
DA:10,1
DA:11,1
DA:12,1
DA:13,1
DA:14,1
DA:15,1
LF:15
LH:15
BRF:0
BRH:0
end_of_record
TN:
SF:src/audio/Filters.ts
FN:89,<static_initializer>
FN:91,<instance_members_initializer>
FN:128,FilterManager
FN:132,applyPlayerFilters
FN:192,privateNot0
FN:196,getAudioFilters
FN:212,checkFiltersState
FN:272,resetFilters
FN:301,setVolume
FN:314,setAudioOutput
FN:328,setSpeed
FN:344,setPitch
FN:360,setRate
FN:376,toggleRotation
FN:391,toggleVibrato
FN:404,toggleTremolo
FN:417,toggleLowPass
FN:431,toggleLowPass
FN:448,toggleHighPass
FN:465,toggleNormalization
FN:482,toggleEcho
FN:501,toggleEcho
FN:525,toggleReverb
FN:549,toggleNightcore
FN:565,toggleVaporwave
FN:581,toggleKaraoke
FN:594,isCustomFilterActive
FN:599,setEQPreset
FN:604,setEQ
FN:631,clearEQ
FNF:30
FNH:30
FNDA:15,<static_initializer>
FNDA:147,<instance_members_initializer>
FNDA:147,FilterManager
FNDA:56,applyPlayerFilters
FNDA:2562,privateNot0
FNDA:82,getAudioFilters
FNDA:82,checkFiltersState
FNDA:2,resetFilters
FNDA:4,setVolume
FNDA:3,setAudioOutput
FNDA:2,setSpeed
FNDA:2,setPitch
FNDA:1,setRate
FNDA:3,toggleRotation
FNDA:3,toggleVibrato
FNDA:4,toggleTremolo
FNDA:4,toggleLowPass
FNDA:2,toggleLowPass
FNDA:2,toggleHighPass
FNDA:2,toggleNormalization
FNDA:2,toggleEcho
FNDA:2,toggleEcho
FNDA:2,toggleReverb
FNDA:5,toggleNightcore
FNDA:3,toggleVaporwave
FNDA:4,toggleKaraoke
FNDA:8,isCustomFilterActive
FNDA:2,setEQPreset
FNDA:8,setEQ
FNDA:1,clearEQ
DA:1,1
DA:2,1
DA:3,1
DA:4,1
DA:5,1
DA:6,1
DA:7,1
DA:8,1
DA:9,1
DA:10,1
DA:11,1
DA:12,1
DA:13,1
DA:14,1
DA:15,1
DA:16,1
DA:17,1
DA:18,1
DA:19,1
DA:20,1
DA:21,1
DA:22,1
DA:23,1
DA:24,1
DA:25,1
DA:26,1
DA:27,1
DA:28,1
DA:29,1
DA:30,1
DA:31,1
DA:32,1
DA:33,1
DA:34,1
DA:35,1
DA:36,1
DA:37,1
DA:38,1
DA:39,1
DA:40,1
DA:41,1
DA:42,1
DA:43,1
DA:44,1
DA:45,1
DA:46,1
DA:47,1
DA:48,1
DA:49,1
DA:50,1
DA:51,1
DA:52,1
DA:53,1
DA:54,1
DA:55,1
DA:56,1
DA:57,1
DA:58,1
DA:59,1
DA:60,1
DA:61,1
DA:62,1
DA:63,1
DA:64,1
DA:65,1
DA:66,1
DA:67,1
DA:68,1
DA:69,1
DA:70,1
DA:71,1
DA:72,1
DA:73,1
DA:74,1
DA:75,1
DA:76,1
DA:77,1
DA:78,1
DA:79,1
DA:80,1
DA:81,1
DA:82,1
DA:83,1
DA:84,1
DA:85,1
DA:86,1
DA:87,1
DA:88,1
DA:89,1
DA:90,1
DA:91,1
DA:92,147
DA:93,147
DA:94,147
DA:95,147
DA:96,147
DA:97,147
DA:98,147
DA:99,147
DA:100,147
DA:101,147
DA:102,147
DA:103,147
DA:104,147
DA:105,147
DA:106,147
DA:107,147
DA:108,147
DA:109,147
DA:110,147
DA:111,147
DA:112,147
DA:113,147
DA:114,147
DA:115,147
DA:116,147
DA:117,147
DA:118,147
DA:119,147
DA:120,147
DA:121,147
DA:122,147
DA:123,147
DA:124,147
DA:125,147
DA:126,147
DA:127,147
DA:128,147
DA:129,147
DA:130,147
DA:131,147
DA:132,147
DA:133,56
DA:134,56
DA:135,56
DA:136,56
DA:137,56
DA:138,56
DA:139,56
DA:140,56
DA:141,56
DA:142,56
DA:143,56
DA:144,56
DA:145,56
DA:146,56
DA:147,56
DA:148,56
DA:149,56
DA:150,56
DA:151,56
DA:152,56
DA:153,56
DA:154,56
DA:155,56
DA:156,56
DA:157,56
DA:158,56
DA:159,56
DA:160,56
DA:161,56
DA:162,56
DA:163,56
DA:164,56
DA:165,56
DA:166,56
DA:167,56
DA:168,56
DA:169,56
DA:170,56
DA:171,53
DA:172,53
DA:173,53
DA:174,56
DA:175,56
DA:176,56
DA:177,56
DA:178,56
DA:179,56
DA:180,56
DA:181,56
DA:182,56
DA:183,56
DA:184,56
DA:185,56
DA:186,56
DA:187,56
DA:188,56
DA:189,56
DA:190,56
DA:191,147
DA:192,147
DA:193,2562
DA:194,2562
DA:195,147
DA:196,147
DA:197,82
DA:198,82
DA:199,33
DA:200,33
DA:201,33
DA:202,33
DA:203,33
DA:204,33
DA:205,33
DA:206,33
DA:207,33
DA:208,33
DA:209,82
DA:210,82
DA:211,147
DA:212,147
DA:213,82
DA:214,82
DA:215,82
DA:216,82
DA:217,82
DA:218,82
DA:219,82
DA:220,82
DA:221,82
DA:222,82
DA:223,82
DA:224,82
DA:225,82
DA:226,82
DA:227,82
DA:228,82
DA:229,82
DA:230,1
DA:231,82
DA:232,82
DA:233,82
DA:234,82
DA:235,82
DA:236,82
DA:237,71
DA:238,71
DA:239,71
DA:240,71
DA:241,82
DA:242,82
DA:243,73
DA:244,73
DA:245,73
DA:246,73
DA:247,82
DA:248,82
DA:249,82
DA:250,81
DA:251,77
DA:252,77
DA:253,77
DA:254,77
DA:255,77
DA:256,82
DA:257,82
DA:258,82
DA:259,1
DA:260,1
DA:261,1
DA:262,1
DA:263,1
DA:264,0
DA:265,0
DA:266,0
DA:267,0
DA:268,1
DA:269,82
DA:270,82
DA:271,147
DA:272,147
DA:273,2
DA:274,2
DA:275,2
DA:276,2
DA:277,2
DA:278,2
DA:279,2
DA:280,2
DA:281,2
DA:282,2
DA:283,2
DA:284,2
DA:285,2
DA:286,2
DA:287,2
DA:288,2
DA:289,2
DA:290,2
DA:291,2
DA:292,2
DA:293,2
DA:294,2
DA:295,2
DA:296,2
DA:297,2
DA:298,2
DA:299,2
DA:300,147
DA:301,147
DA:302,4
DA:303,2
DA:304,4
DA:305,4
DA:306,4
DA:307,4
DA:308,4
DA:309,4
DA:310,2
DA:311,2
DA:312,4
DA:313,147
DA:314,147
DA:315,3
DA:316,3
DA:317,3
DA:318,2
DA:319,3
DA:320,3
DA:321,3
DA:322,3
DA:323,3
DA:324,3
DA:325,2
DA:326,3
DA:327,147
DA:328,147
DA:329,2
DA:330,2
DA:331,2
DA:332,2
DA:333,2
DA:334,2
DA:335,2
DA:336,2
DA:337,2
DA:338,2
DA:339,2
DA:340,2
DA:341,2
DA:342,2
DA:343,147
DA:344,147
DA:345,2
DA:346,2
DA:347,2
DA:348,2
DA:349,2
DA:350,2
DA:351,2
DA:352,2
DA:353,2
DA:354,2
DA:355,2
DA:356,2
DA:357,2
DA:358,2
DA:359,147
DA:360,147
DA:361,1
DA:362,1
DA:363,1
DA:364,1
DA:365,1
DA:366,1
DA:367,1
DA:368,1
DA:369,1
DA:370,1
DA:371,1
DA:372,1
DA:373,1
DA:374,1
DA:375,147
DA:376,147
DA:377,3
DA:378,3
DA:379,3
DA:380,3
DA:381,3
DA:382,3
DA:383,3
DA:384,3
DA:385,3
DA:386,3
DA:387,3
DA:388,3
DA:389,3
DA:390,147
DA:391,147
DA:392,3
DA:393,3
DA:394,3
DA:395,3
DA:396,3
DA:397,3
DA:398,3
DA:399,3
DA:400,3
DA:401,3
DA:402,3
DA:403,147
DA:404,147
DA:405,4
DA:406,4
DA:407,4
DA:408,4
DA:409,4
DA:410,4
DA:411,4
DA:412,4
DA:413,4
DA:414,4
DA:415,4
DA:416,147
DA:417,147
DA:418,4
DA:419,4
DA:420,4
DA:421,4
DA:422,4
DA:423,4
DA:424,4
DA:425,4
DA:426,4
DA:427,4
DA:428,4
DA:429,147
DA:430,147
DA:431,147
DA:432,2
DA:433,2
DA:434,2
DA:435,2
DA:436,2
DA:437,2
DA:438,2
DA:439,2
DA:440,2
DA:441,1
DA:442,2
DA:443,2
DA:444,2
DA:445,2
DA:446,2
DA:447,147
DA:448,147
DA:449,2
DA:450,2
DA:451,2
DA:452,2
DA:453,2
DA:454,2
DA:455,2
DA:456,2
DA:457,2
DA:458,1
DA:459,2
DA:460,2
DA:461,2
DA:462,2
DA:463,2
DA:464,147
DA:465,147
DA:466,2
DA:467,2
DA:468,2
DA:469,2
DA:470,2
DA:471,2
DA:472,2
DA:473,2
DA:474,2
DA:475,1
DA:476,2
DA:477,2
DA:478,2
DA:479,2
DA:480,2
DA:481,147
DA:482,147
DA:483,2
DA:484,2
DA:485,2
DA:486,2
DA:487,2
DA:488,2
DA:489,2
DA:490,2
DA:491,2
DA:492,1
DA:493,2
DA:494,2
DA:495,2
DA:496,2
DA:497,2
DA:498,147
DA:499,147
DA:500,147
DA:501,147
DA:502,2
DA:503,2
DA:504,2
DA:505,2
DA:506,2
DA:507,2
DA:508,2
DA:509,2
DA:510,2
DA:511,2
DA:512,2
DA:513,2
DA:514,2
DA:515,2
DA:516,2
DA:517,2
DA:518,2
DA:519,2
DA:520,2
DA:521,2
DA:522,2
DA:523,2
DA:524,147
DA:525,147
DA:526,2
DA:527,2
DA:528,2
DA:529,2
DA:530,2
DA:531,2
DA:532,2
DA:533,2
DA:534,2
DA:535,2
DA:536,2
DA:537,2
DA:538,2
DA:539,2
DA:540,2
DA:541,2
DA:542,2
DA:543,2
DA:544,2
DA:545,2
DA:546,2
DA:547,147
DA:548,1
DA:549,1
DA:550,5
DA:551,5
DA:552,5
DA:553,5
DA:554,5
DA:555,5
DA:556,5
DA:557,5
DA:558,5
DA:559,5
DA:560,5
DA:561,5
DA:562,5
DA:563,5
DA:564,1
DA:565,1
DA:566,3
DA:567,3
DA:568,3
DA:569,3
DA:570,3
DA:571,3
DA:572,3
DA:573,3
DA:574,3
DA:575,3
DA:576,3
DA:577,3
DA:578,3
DA:579,3
DA:580,1
DA:581,1
DA:582,4
DA:583,4
DA:584,4
DA:585,4
DA:586,4
DA:587,4
DA:588,4
DA:589,4
DA:590,4
DA:591,4
DA:592,4
DA:593,1
DA:594,1
DA:595,8
DA:596,8
DA:597,8
DA:598,1
DA:599,1
DA:600,2
DA:601,2
DA:602,2
DA:603,1
DA:604,1
DA:605,8
DA:606,8
DA:607,8
DA:608,8
DA:609,6
DA:610,8
DA:611,6
DA:612,8
DA:613,6
DA:614,6
DA:615,6
DA:616,8
DA:617,6
DA:618,6
DA:619,6
DA:620,6
DA:621,6
DA:622,6
DA:623,6
DA:624,6
DA:625,6
DA:626,6
DA:627,6
DA:628,6
DA:629,8
DA:630,1
DA:631,1
DA:632,1
DA:633,1
DA:634,1
LF:634
LH:630
BRDA:89,0,0,15
BRDA:91,1,0,147
BRDA:128,2,0,147
BRDA:132,3,0,56
BRDA:136,4,0,55
BRDA:137,5,0,52
BRDA:138,6,0,54
BRDA:140,7,0,55
BRDA:140,8,0,35
BRDA:141,9,0,55
BRDA:141,10,0,35
BRDA:143,11,0,55
BRDA:144,12,0,55
BRDA:145,13,0,55
BRDA:146,14,0,55
BRDA:148,15,0,36
BRDA:149,16,0,34
BRDA:150,17,0,50
BRDA:151,18,0,51
BRDA:152,19,0,53
BRDA:153,20,0,54
BRDA:154,21,0,54
BRDA:156,22,0,50
BRDA:157,23,0,51
BRDA:158,24,0,52
BRDA:160,25,0,54
BRDA:163,26,0,0
BRDA:163,27,0,45
BRDA:165,28,0,0
BRDA:170,29,0,53
BRDA:171,30,0,6
BRDA:172,31,0,47
BRDA:172,32,0,25
BRDA:172,33,0,8
BRDA:172,34,0,17
BRDA:177,35,0,0
BRDA:163,36,0,149
BRDA:192,37,0,2562
BRDA:193,38,0,2479
BRDA:196,39,0,82
BRDA:198,40,0,33
BRDA:200,41,0,0
BRDA:200,42,0,0
BRDA:200,43,0,0
BRDA:201,44,0,0
BRDA:212,45,0,82
BRDA:213,46,0,0
BRDA:216,47,0,80
BRDA:217,48,0,75
BRDA:221,49,0,81
BRDA:222,50,0,81
BRDA:225,51,0,35
BRDA:226,52,0,35
BRDA:227,53,0,35
BRDA:229,54,0,35
BRDA:229,55,0,1
BRDA:234,56,0,79
BRDA:234,57,0,69
BRDA:234,58,0,66
BRDA:234,59,0,69
BRDA:234,60,0,66
BRDA:236,61,0,79
BRDA:236,62,0,71
BRDA:237,63,0,68
BRDA:237,64,0,71
BRDA:238,65,0,68
BRDA:238,66,0,71
BRDA:239,67,0,68
BRDA:239,68,0,71
BRDA:240,69,0,68
BRDA:242,70,0,79
BRDA:242,71,0,73
BRDA:243,72,0,70
BRDA:243,73,0,73
BRDA:244,74,0,70
BRDA:244,75,0,73
BRDA:245,76,0,70
BRDA:245,77,0,73
BRDA:246,78,0,70
BRDA:247,79,0,79
BRDA:249,80,0,79
BRDA:249,81,0,81
BRDA:250,82,0,78
BRDA:250,83,0,77
BRDA:251,84,0,74
BRDA:251,85,0,77
BRDA:252,86,0,74
BRDA:252,87,0,77
BRDA:253,88,0,74
BRDA:253,89,0,77
BRDA:254,90,0,74
BRDA:254,91,0,77
BRDA:255,92,0,74
BRDA:256,93,0,79
BRDA:256,94,0,81
BRDA:256,95,0,78
BRDA:257,96,0,0
BRDA:258,97,0,77
BRDA:258,98,0,7
BRDA:258,99,0,1
BRDA:263,100,0,0
BRDA:257,101,0,313
BRDA:272,102,0,2
BRDA:301,103,0,4
BRDA:302,104,0,3
BRDA:302,105,0,2
BRDA:304,106,0,0
BRDA:309,107,0,2
BRDA:314,108,0,3
BRDA:315,109,0,0
BRDA:316,110,0,0
BRDA:317,111,0,1
BRDA:317,112,0,2
BRDA:319,113,0,0
BRDA:324,114,0,2
BRDA:328,115,0,2
BRDA:329,116,0,0
BRDA:330,117,0,0
BRDA:332,118,0,0
BRDA:344,119,0,2
BRDA:345,120,0,1
BRDA:346,121,0,0
BRDA:348,122,0,0
BRDA:360,123,0,1
BRDA:361,124,0,0
BRDA:362,125,0,0
BRDA:364,126,0,0
BRDA:376,127,0,3
BRDA:377,128,0,0
BRDA:378,129,0,0
BRDA:380,130,0,0
BRDA:382,131,0,1
BRDA:382,132,0,2
BRDA:391,133,0,3
BRDA:392,134,0,0
BRDA:393,135,0,0
BRDA:395,136,0,0
BRDA:397,137,0,1
BRDA:397,138,0,2
BRDA:404,139,0,4
BRDA:405,140,0,1
BRDA:406,141,0,0
BRDA:408,142,0,0
BRDA:410,143,0,1
BRDA:410,144,0,3
BRDA:417,145,0,4
BRDA:418,146,0,1
BRDA:419,147,0,0
BRDA:421,148,0,0
BRDA:423,149,0,1
BRDA:423,150,0,3
BRDA:431,151,0,2
BRDA:432,152,0,0
BRDA:433,153,0,0
BRDA:434,154,0,0
BRDA:435,155,0,0
BRDA:437,156,0,0
BRDA:438,157,0,0
BRDA:440,158,0,1
BRDA:448,159,0,2
BRDA:449,160,0,0
BRDA:450,161,0,0
BRDA:451,162,0,0
BRDA:452,163,0,0
BRDA:454,164,0,0
BRDA:455,165,0,0
BRDA:457,166,0,1
BRDA:465,167,0,2
BRDA:466,168,0,0
BRDA:467,169,0,0
BRDA:468,170,0,0
BRDA:469,171,0,0
BRDA:471,172,0,0
BRDA:472,173,0,0
BRDA:474,174,0,1
BRDA:482,175,0,2
BRDA:483,176,0,0
BRDA:484,177,0,0
BRDA:485,178,0,0
BRDA:486,179,0,0
BRDA:488,180,0,0
BRDA:489,181,0,0
BRDA:491,182,0,1
BRDA:501,183,0,2
BRDA:502,184,0,0
BRDA:503,185,0,0
BRDA:504,186,0,0
BRDA:505,187,0,0
BRDA:507,188,0,0
BRDA:514,189,0,1
BRDA:515,190,0,1
BRDA:515,191,0,1
BRDA:525,192,0,2
BRDA:526,193,0,0
BRDA:527,194,0,0
BRDA:528,195,0,0
BRDA:529,196,0,0
BRDA:531,197,0,0
BRDA:538,198,0,1
BRDA:539,199,0,1
BRDA:539,200,0,1
BRDA:549,201,0,5
BRDA:550,202,0,1
BRDA:551,203,0,0
BRDA:553,204,0,0
BRDA:555,205,0,1
BRDA:555,206,0,4
BRDA:565,207,0,3
BRDA:566,208,0,0
BRDA:567,209,0,0
BRDA:569,210,0,0
BRDA:571,211,0,1
BRDA:571,212,0,2
BRDA:581,213,0,4
BRDA:582,214,0,1
BRDA:583,215,0,0
BRDA:585,216,0,0
BRDA:587,217,0,1
BRDA:587,218,0,3
BRDA:594,219,0,8
BRDA:595,220,0,7
BRDA:595,221,0,7
BRDA:595,222,0,12
BRDA:599,223,0,2
BRDA:604,224,0,8
BRDA:605,225,0,1
BRDA:607,226,0,7
BRDA:608,227,0,2
BRDA:608,228,0,6
BRDA:610,229,0,49
BRDA:610,230,0,6
BRDA:612,231,0,0
BRDA:612,232,0,6
BRDA:616,233,0,0
BRDA:616,234,0,6
BRDA:607,235,0,50
BRDA:631,236,0,1
BRDA:632,237,0,15
BRF:238
BRH:163
end_of_record
TN:
SF:src/audio/Player.ts
FN:38,<instance_members_initializer>
FN:70,get position
FN:107,dispatchDebug
FN:120,Player
FN:170,set
FN:175,get
FN:179,setData
FN:184,getData
FN:188,deleteData
FN:194,clearData
FN:203,getAllData
FN:207,play
FN:437,syncState
FN:449,setVolume
FN:493,audioSearch
FN:497,setSponsorBlock
FN:501,getSponsorBlock
FN:505,deleteSponsorBlock
FN:509,search
FN:524,_bandCampSearch
FN:579,pause
FN:591,resume
FN:603,seek
FN:625,setRepeatMode
FN:632,skip
FN:656,stopPlaying
FN:686,connect
FN:704,changeVoiceState
FN:726,disconnect
FN:744,destroy
FN:783,getCurrentLyrics
FN:787,getLyrics
FN:791,subscribeLyrics
FN:795,unsubscribeLyrics
FN:799,changeNode
FN:807,isDefaultSource
FN:899,moveNode
FN:923,toJSON
FN:949,<static_initializer>
FN:951,defaultAutoplay
FN:986,buildPlayedData
FN:990,addTrack
FN:1007,fetchRelatedTracks
FN:1034,filterTracks
FN:1058,getSpotifyRecommendations
FN:1067,getYouTubeSimilar
FN:1075,getArtistSearch
FNF:47
FNH:35
FNDA:85,<instance_members_initializer>
FNDA:114,get position
FNDA:5,dispatchDebug
FNDA:85,Player
FNDA:0,set
FNDA:0,get
FNDA:14,setData
FNDA:39,getData
FNDA:0,deleteData
FNDA:0,clearData
FNDA:0,getAllData
FNDA:5,play
FNDA:20,syncState
FNDA:2,setVolume
FNDA:0,audioSearch
FNDA:2,setSponsorBlock
FNDA:1,getSponsorBlock
FNDA:1,deleteSponsorBlock
FNDA:1,search
FNDA:1,_bandCampSearch
FNDA:3,pause
FNDA:2,resume
FNDA:6,seek
FNDA:0,setRepeatMode
FNDA:0,skip
FNDA:1,stopPlaying
FNDA:2,connect
FNDA:1,changeVoiceState
FNDA:2,disconnect
FNDA:2,destroy
FNDA:0,getCurrentLyrics
FNDA:0,getLyrics
FNDA:0,subscribeLyrics
FNDA:0,unsubscribeLyrics
FNDA:2,changeNode
FNDA:2,isDefaultSource
FNDA:3,moveNode
FNDA:107,toJSON
FNDA:14,<static_initializer>
FNDA:6,defaultAutoplay
FNDA:5,buildPlayedData
FNDA:1,addTrack
FNDA:4,fetchRelatedTracks
FNDA:4,filterTracks
FNDA:1,getSpotifyRecommendations
FNDA:2,getYouTubeSimilar
FNDA:1,getArtistSearch
DA:1,1
DA:2,1
DA:3,1
DA:4,1
DA:5,1
DA:6,1
DA:7,1
DA:8,1
DA:9,1
DA:10,1
DA:11,1
DA:12,1
DA:13,1
DA:14,1
DA:15,1
DA:16,1
DA:17,1
DA:18,1
DA:19,1
DA:20,1
DA:21,1
DA:22,1
DA:23,1
DA:24,1
DA:25,1
DA:26,1
DA:27,1
DA:28,1
DA:29,1
DA:30,1
DA:31,1
DA:32,1
DA:33,1
DA:34,1
DA:35,1
DA:36,1
DA:37,1
DA:38,1
DA:39,85
DA:40,85
DA:41,85
DA:42,85
DA:43,85
DA:44,85
DA:45,85
DA:46,85
DA:47,85
DA:48,85
DA:49,85
DA:50,85
DA:51,85
DA:52,85
DA:53,85
DA:54,85
DA:55,85
DA:56,85
DA:57,85
DA:58,85
DA:59,85
DA:60,85
DA:61,85
DA:62,85
DA:63,85
DA:64,85
DA:65,85
DA:66,85
DA:67,85
DA:68,85
DA:69,85
DA:70,85
DA:71,114
DA:72,114
DA:73,85
DA:74,85
DA:75,85
DA:76,85
DA:77,85
DA:78,85
DA:79,85
DA:80,85
DA:81,85
DA:82,85
DA:83,85
DA:84,85
DA:85,85
DA:86,85
DA:87,85
DA:88,85
DA:89,85
DA:90,85
DA:91,85
DA:92,85
DA:93,85
DA:94,85
DA:95,85
DA:96,85
DA:97,85
DA:98,85
DA:99,85
DA:100,85
DA:101,85
DA:102,85
DA:103,85
DA:104,85
DA:105,85
DA:106,85
DA:107,85
DA:108,5
DA:109,5
DA:110,5
DA:111,5
DA:112,5
DA:113,5
DA:114,5
DA:115,5
DA:116,5
DA:117,0
DA:118,5
DA:119,85
DA:120,85
DA:121,85
DA:122,85
DA:123,85
DA:124,85
DA:125,85
DA:126,85
DA:127,85
DA:128,85
DA:129,85
DA:130,85
DA:131,85
DA:132,85
DA:133,85
DA:134,77
DA:135,0
DA:136,0
DA:137,0
DA:138,0
DA:139,0
DA:140,0
DA:141,77
DA:142,77
DA:143,77
DA:144,77
DA:145,85
DA:146,80
DA:147,85
DA:148,80
DA:149,80
DA:150,80
DA:151,80
DA:152,80
DA:153,80
DA:154,80
DA:155,80
DA:156,80
DA:157,0
DA:158,85
DA:159,85
DA:160,85
DA:161,85
DA:162,85
DA:163,85
DA:164,85
DA:165,85
DA:166,80
DA:167,80
DA:168,85
DA:169,85
DA:170,85
DA:171,0
DA:172,0
DA:173,0
DA:174,85
DA:175,85
DA:176,0
DA:177,0
DA:178,85
DA:179,85
DA:180,14
DA:181,14
DA:182,14
DA:183,85
DA:184,85
DA:185,39
DA:186,39
DA:187,85
DA:188,85
DA:189,0
DA:190,0
DA:191,0
DA:192,0
DA:193,85
DA:194,85
DA:195,0
DA:196,0
DA:197,0
DA:198,0
DA:199,0
DA:200,0
DA:201,0
DA:202,85
DA:203,85
DA:204,0
DA:205,0
DA:206,85
DA:207,85
DA:208,5
DA:209,0
DA:210,0
DA:211,0
DA:212,0
DA:213,0
DA:214,0
DA:215,0
DA:216,0
DA:217,0
DA:218,5
DA:219,5
DA:220,5
DA:221,0
DA:222,5
DA:223,0
DA:224,0
DA:225,0
DA:226,0
DA:227,0
DA:228,0
DA:229,0
DA:230,0
DA:231,0
DA:232,0
DA:233,0
DA:234,0
DA:235,0
DA:236,0
DA:237,0
DA:238,0
DA:239,0
DA:240,0
DA:241,0
DA:242,0
DA:243,0
DA:244,0
DA:245,0
DA:246,0
DA:247,0
DA:248,0
DA:249,0
DA:250,0
DA:251,0
DA:252,0
DA:253,0
DA:254,0
DA:255,0
DA:256,0
DA:257,0
DA:258,0
DA:259,0
DA:260,0
DA:261,0
DA:262,0
DA:263,0
DA:264,0
DA:265,0
DA:266,5
DA:267,5
DA:268,1
DA:269,1
DA:270,1
DA:271,1
DA:272,0
DA:273,0
DA:274,0
DA:275,0
DA:276,0
DA:277,0
DA:278,1
DA:279,1
DA:280,1
DA:281,1
DA:282,1
DA:283,1
DA:284,1
DA:285,0
DA:286,0
DA:287,0
DA:288,1
DA:289,1
DA:290,1
DA:291,1
DA:292,1
DA:293,1
DA:294,1
DA:295,1
DA:296,1
DA:297,1
DA:298,1
DA:299,1
DA:300,1
DA:301,1
DA:302,0
DA:303,0
DA:304,1
DA:305,1
DA:306,1
DA:307,1
DA:308,1
DA:309,1
DA:310,1
DA:311,1
DA:312,1
DA:313,1
DA:314,1
DA:315,1
DA:316,1
DA:317,1
DA:318,1
DA:319,1
DA:320,1
DA:321,4
DA:322,5
DA:323,4
DA:324,5
DA:325,0
DA:326,0
DA:327,0
DA:328,0
DA:329,0
DA:330,0
DA:331,0
DA:332,0
DA:333,0
DA:334,0
DA:335,0
DA:336,0
DA:337,0
DA:338,0
DA:339,0
DA:340,0
DA:341,0
DA:342,0
DA:343,0
DA:344,0
DA:345,0
DA:346,0
DA:347,0
DA:348,0
DA:349,0
DA:350,0
DA:351,0
DA:352,0
DA:353,0
DA:354,0
DA:355,0
DA:356,0
DA:357,0
DA:358,0
DA:359,0
DA:360,0
DA:361,0
DA:362,0
DA:363,0
DA:364,4
DA:365,5
DA:366,4
DA:367,5
DA:368,0
DA:369,0
DA:370,0
DA:371,0
DA:372,0
DA:373,0
DA:374,4
DA:375,4
DA:376,4
DA:377,4
DA:378,5
DA:379,5
DA:380,5
DA:381,5
DA:382,3
DA:383,3
DA:384,3
DA:385,1
DA:386,5
DA:387,5
DA:388,5
DA:389,5
DA:390,5
DA:391,5
DA:392,5
DA:393,5
DA:394,5
DA:395,5
DA:396,5
DA:397,5
DA:398,5
DA:399,5
DA:400,5
DA:401,0
DA:402,0
DA:403,4
DA:404,4
DA:405,4
DA:406,4
DA:407,5
DA:408,5
DA:409,4
DA:410,4
DA:411,4
DA:412,5
DA:413,5
DA:414,4
DA:415,5
DA:416,4
DA:417,4
DA:418,5
DA:419,5
DA:420,5
DA:421,5
DA:422,4
DA:423,4
DA:424,4
DA:425,4
DA:426,4
DA:427,5
DA:428,5
DA:429,5
DA:430,2
DA:431,2
DA:432,2
DA:433,5
DA:434,85
DA:435,85
DA:436,1
DA:437,1
DA:438,20
DA:439,20
DA:440,20
DA:441,20
DA:442,0
DA:443,0
DA:444,0
DA:445,0
DA:446,0
DA:447,20
DA:448,1
DA:449,1
DA:450,2
DA:451,2
DA:452,2
DA:453,2
DA:454,2
DA:455,2
DA:456,2
DA:457,2
DA:458,2
DA:459,2
DA:460,2
DA:461,2
DA:462,0
DA:463,2
DA:464,2
DA:465,2
DA:466,2
DA:467,2
DA:468,2
DA:469,2
DA:470,2
DA:471,2
DA:472,2
DA:473,2
DA:474,0
DA:475,0
DA:476,0
DA:477,0
DA:478,0
DA:479,0
DA:480,0
DA:481,0
DA:482,0
DA:483,2
DA:484,2
DA:485,2
DA:486,2
DA:487,2
DA:488,2
DA:489,2
DA:490,2
DA:491,2
DA:492,1
DA:493,1
DA:494,0
DA:495,0
DA:496,1
DA:497,1
DA:498,2
DA:499,2
DA:500,1
DA:501,1
DA:502,1
DA:503,1
DA:504,1
DA:505,1
DA:506,1
DA:507,1
DA:508,1
DA:509,1
DA:510,1
DA:511,1
DA:512,1
DA:513,1
DA:514,1
DA:515,1
DA:516,1
DA:517,1
DA:518,1
DA:519,1
DA:520,0
DA:521,0
DA:522,1
DA:523,1
DA:524,1
DA:525,1
DA:526,1
DA:527,1
DA:528,1
DA:529,1
DA:530,1
DA:531,1
DA:532,1
DA:533,1
DA:534,1
DA:535,1
DA:536,1
DA:537,1
DA:538,1
DA:539,1
DA:540,1
DA:541,1
DA:542,1
DA:543,1
DA:544,1
DA:545,1
DA:546,1
DA:547,1
DA:548,0
DA:549,0
DA:550,1
DA:551,1
DA:552,1
DA:553,1
DA:554,1
DA:555,1
DA:556,1
DA:557,1
DA:558,1
DA:559,1
DA:560,1
DA:561,1
DA:562,1
DA:563,1
DA:564,1
DA:565,1
DA:566,1
DA:567,0
DA:568,0
DA:569,1
DA:570,1
DA:571,1
DA:572,1
DA:573,1
DA:574,1
DA:575,1
DA:576,1
DA:577,1
DA:578,1
DA:579,1
DA:580,3
DA:581,3
DA:582,3
DA:583,3
DA:584,3
DA:585,3
DA:586,3
DA:587,3
DA:588,3
DA:589,3
DA:590,1
DA:591,1
DA:592,2
DA:593,1
DA:594,1
DA:595,1
DA:596,1
DA:597,1
DA:598,1
DA:599,1
DA:600,1
DA:601,2
DA:602,1
DA:603,1
DA:604,6
DA:605,4
DA:606,4
DA:607,4
DA:608,5
DA:609,4
DA:610,6
DA:611,2
DA:612,6
DA:613,2
DA:614,2
DA:615,2
DA:616,2
DA:617,2
DA:618,2
DA:619,2
DA:620,2
DA:621,2
DA:622,2
DA:623,6
DA:624,1
DA:625,1
DA:626,0
DA:627,0
DA:628,0
DA:629,0
DA:630,0
DA:631,1
DA:632,1
DA:633,0
DA:634,0
DA:635,0
DA:636,0
DA:637,0
DA:638,0
DA:639,0
DA:640,0
DA:641,0
DA:642,0
DA:643,0
DA:644,0
DA:645,0
DA:646,0
DA:647,0
DA:648,0
DA:649,0
DA:650,0
DA:651,0
DA:652,0
DA:653,0
DA:654,0
DA:655,1
DA:656,1
DA:657,1
DA:658,1
DA:659,1
DA:660,1
DA:661,1
DA:662,0
DA:663,1
DA:664,1
DA:665,1
DA:666,1
DA:667,1
DA:668,1
DA:669,0
DA:670,0
DA:671,0
DA:672,0
DA:673,0
DA:674,1
DA:675,1
DA:676,1
DA:677,1
DA:678,1
DA:679,1
DA:680,1
DA:681,1
DA:682,1
DA:683,1
DA:684,1
DA:685,1
DA:686,1
DA:687,2
DA:688,2
DA:689,2
DA:690,2
DA:691,2
DA:692,2
DA:693,2
DA:694,2
DA:695,2
DA:696,2
DA:697,2
DA:698,2
DA:699,2
DA:700,2
DA:701,2
DA:702,2
DA:703,1
DA:704,1
DA:705,1
DA:706,1
DA:707,1
DA:708,1
DA:709,1
DA:710,1
DA:711,1
DA:712,1
DA:713,1
DA:714,1
DA:715,1
DA:716,1
DA:717,1
DA:718,1
DA:719,1
DA:720,1
DA:721,1
DA:722,1
DA:723,1
DA:724,1
DA:725,1
DA:726,1
DA:727,2
DA:728,2
DA:729,2
DA:730,2
DA:731,2
DA:732,2
DA:733,2
DA:734,2
DA:735,2
DA:736,2
DA:737,2
DA:738,2
DA:739,2
DA:740,2
DA:741,2
DA:742,2
DA:743,1
DA:744,1
DA:745,2
DA:746,2
DA:747,2
DA:748,2
DA:749,0
DA:750,0
DA:751,0
DA:752,2
DA:753,2
DA:754,0
DA:755,0
DA:756,0
DA:757,0
DA:758,0
DA:759,0
DA:760,0
DA:761,0
DA:762,0
DA:763,0
DA:764,2
DA:765,2
DA:766,2
DA:767,1
DA:768,2
DA:769,2
DA:770,2
DA:771,2
DA:772,2
DA:773,2
DA:774,2
DA:775,2
DA:776,2
DA:777,2
DA:778,2
DA:779,2
DA:780,2
DA:781,2
DA:782,1
DA:783,1
DA:784,0
DA:785,0
DA:786,1
DA:787,1
DA:788,0
DA:789,0
DA:790,1
DA:791,1
DA:792,0
DA:793,0
DA:794,1
DA:795,1
DA:796,0
DA:797,0
DA:798,1
DA:799,1
DA:800,2
DA:801,2
DA:802,2
DA:803,2
DA:804,2
DA:805,2
DA:806,2
DA:807,2
DA:808,2
DA:809,2
DA:810,2
DA:811,2
DA:812,0
DA:813,0
DA:814,2
DA:815,2
DA:816,2
DA:817,0
DA:818,0
DA:819,2
DA:820,1
DA:821,1
DA:822,1
DA:823,1
DA:824,1
DA:825,2
DA:826,1
DA:827,1
DA:828,1
DA:829,1
DA:830,1
DA:831,1
DA:832,1
DA:833,1
DA:834,1
DA:835,2
DA:836,1
DA:837,1
DA:838,1
DA:839,1
DA:840,1
DA:841,1
DA:842,2
DA:843,2
DA:844,1
DA:845,1
DA:846,0
DA:847,0
DA:848,0
DA:849,0
DA:850,0
DA:851,0
DA:852,0
DA:853,0
DA:854,1
DA:855,1
DA:856,1
DA:857,1
DA:858,1
DA:859,1
DA:860,1
DA:861,1
DA:862,1
DA:863,1
DA:864,1
DA:865,1
DA:866,1
DA:867,1
DA:868,1
DA:869,2
DA:870,0
DA:871,0
DA:872,0
DA:873,0
DA:874,0
DA:875,2
DA:876,2
DA:877,2
DA:878,2
DA:879,2
DA:880,2
DA:881,2
DA:882,2
DA:883,0
DA:884,0
DA:885,0
DA:886,2
DA:887,1
DA:888,1
DA:889,1
DA:890,1
DA:891,1
DA:892,1
DA:893,1
DA:894,2
DA:895,1
DA:896,1
DA:897,2
DA:898,1
DA:899,1
DA:900,3
DA:901,3
DA:902,1
DA:903,1
DA:904,1
DA:905,1
DA:906,0
DA:907,0
DA:908,3
DA:909,1
DA:910,0
DA:911,0
DA:912,0
DA:913,0
DA:914,0
DA:915,0
DA:916,0
DA:917,0
DA:918,2
DA:919,2
DA:920,2
DA:921,3
DA:922,1
DA:923,1
DA:924,107
DA:925,107
DA:926,107
DA:927,107
DA:928,107
DA:929,107
DA:930,107
DA:931,107
DA:932,107
DA:933,107
DA:934,107
DA:935,107
DA:936,107
DA:937,107
DA:938,107
DA:939,107
DA:940,107
DA:941,107
DA:942,107
DA:943,107
DA:944,107
DA:945,107
DA:946,1
DA:947,1
DA:948,1
DA:949,1
DA:950,1
DA:951,1
DA:952,6
DA:953,6
DA:954,6
DA:955,6
DA:956,6
DA:957,6
DA:958,6
DA:959,6
DA:960,6
DA:961,6
DA:962,6
DA:963,6
DA:964,4
DA:965,5
DA:966,3
DA:967,3
DA:968,3
DA:969,3
DA:970,3
DA:971,3
DA:972,1
DA:973,3
DA:974,6
DA:975,4
DA:976,4
DA:977,4
DA:978,4
DA:979,4
DA:980,4
DA:981,6
DA:982,6
DA:983,6
DA:984,6
DA:985,1
DA:986,1
DA:987,5
DA:988,5
DA:989,5
DA:990,5
DA:991,1
DA:992,1
DA:993,1
DA:994,1
DA:995,1
DA:996,1
DA:997,1
DA:998,1
DA:999,5
DA:1000,5
DA:1001,5
DA:1002,5
DA:1003,5
DA:1004,5
DA:1005,5
DA:1006,1
DA:1007,1
DA:1008,4
DA:1009,4
DA:1010,4
DA:1011,4
DA:1012,4
DA:1013,4
DA:1014,4
DA:1015,4
DA:1016,4
DA:1017,1
DA:1018,1
DA:1019,1
DA:1020,4
DA:1021,4
DA:1022,2
DA:1023,2
DA:1024,2
DA:1025,4
DA:1026,4
DA:1027,1
DA:1028,1
DA:1029,1
DA:1030,4
DA:1031,4
DA:1032,4
DA:1033,1
DA:1034,1
DA:1035,4
DA:1036,4
DA:1037,4
DA:1038,4
DA:1039,7
DA:1040,7
DA:1041,6
DA:1042,6
DA:1043,7
DA:1044,6
DA:1045,7
DA:1046,2
DA:1047,2
DA:1048,4
DA:1049,4
DA:1050,7
DA:1051,3
DA:1052,3
DA:1053,4
DA:1054,4
DA:1055,4
DA:1056,4
DA:1057,1
DA:1058,1
DA:1059,1
DA:1060,1
DA:1061,1
DA:1062,0
DA:1063,1
DA:1064,0
DA:1065,1
DA:1066,1
DA:1067,1
DA:1068,2
DA:1069,2
DA:1070,2
DA:1071,2
DA:1072,0
DA:1073,2
DA:1074,1
DA:1075,1
DA:1076,1
DA:1077,1
DA:1078,1
DA:1079,1
DA:1080,0
DA:1081,1
DA:1082,1
LF:1082
LH:834
BRDA:38,0,0,85
BRDA:70,1,0,114
BRDA:71,2,0,5
BRDA:71,3,0,109
BRDA:107,4,0,5
BRDA:116,5,0,0
BRDA:120,6,0,85
BRDA:121,7,0,0
BRDA:131,8,0,8
BRDA:131,9,0,77
BRDA:133,10,0,8
BRDA:133,11,0,77
BRDA:134,12,0,0
BRDA:143,13,0,5
BRDA:143,14,0,5
BRDA:145,15,0,84
BRDA:145,16,0,5
BRDA:145,17,0,80
BRDA:147,18,0,0
BRDA:147,19,0,81
BRDA:147,20,0,0
BRDA:147,21,0,80
BRDA:156,22,0,0
BRDA:165,23,0,81
BRDA:165,24,0,0
BRDA:165,25,0,80
BRDA:143,26,0,73
BRDA:143,27,0,0
BRDA:179,28,0,14
BRDA:184,29,0,39
BRDA:207,30,0,5
BRDA:208,31,0,0
BRDA:220,32,0,0
BRDA:222,33,0,0
BRDA:267,34,0,1
BRDA:267,35,0,4
BRDA:267,36,0,0
BRDA:267,37,0,4
BRDA:267,38,0,1
BRDA:271,39,0,0
BRDA:271,40,0,0
BRDA:284,41,0,0
BRDA:301,42,0,0
BRDA:301,43,0,0
BRDA:315,44,0,0
BRDA:322,45,0,2
BRDA:322,46,0,4
BRDA:322,47,0,2
BRDA:324,48,0,0
BRDA:363,49,0,4
BRDA:365,50,0,0
BRDA:365,51,0,4
BRDA:367,52,0,0
BRDA:367,53,0,0
BRDA:373,54,0,4
BRDA:378,55,0,0
BRDA:381,56,0,4
BRDA:381,57,0,3
BRDA:383,58,0,0
BRDA:384,59,0,1
BRDA:386,60,0,4
BRDA:386,61,0,0
BRDA:387,62,0,4
BRDA:389,63,0,4
BRDA:389,64,0,0
BRDA:392,65,0,4
BRDA:392,66,0,4
BRDA:393,67,0,4
BRDA:393,68,0,4
BRDA:394,69,0,4
BRDA:394,70,0,4
BRDA:395,71,0,4
BRDA:395,72,0,4
BRDA:396,73,0,4
BRDA:396,74,0,4
BRDA:400,75,0,0
BRDA:400,76,0,0
BRDA:402,77,0,4
BRDA:404,78,0,4
BRDA:405,79,0,4
BRDA:406,80,0,3
BRDA:408,81,0,0
BRDA:408,82,0,4
BRDA:410,83,0,4
BRDA:413,84,0,0
BRDA:413,85,0,4
BRDA:415,86,0,0
BRDA:415,87,0,4
BRDA:416,88,0,0
BRDA:416,89,0,4
BRDA:417,90,0,0
BRDA:417,91,0,0
BRDA:419,92,0,0
BRDA:419,93,0,4
BRDA:420,94,0,0
BRDA:421,95,0,0
BRDA:421,96,0,4
BRDA:427,97,0,3
BRDA:429,98,0,2
BRDA:292,99,0,4
BRDA:317,100,0,7
BRDA:397,101,0,28
BRDA:437,102,0,20
BRDA:441,103,0,0
BRDA:449,104,0,2
BRDA:452,105,0,0
BRDA:461,106,0,0
BRDA:473,107,0,0
BRDA:497,108,0,2
BRDA:501,109,0,1
BRDA:505,110,0,1
BRDA:509,111,0,1
BRDA:519,112,0,0
BRDA:524,113,0,1
BRDA:529,114,0,0
BRDA:542,115,0,0
BRDA:547,116,0,0
BRDA:565,117,0,0
BRDA:566,118,0,0
BRDA:553,119,0,1
BRDA:554,120,0,1
BRDA:557,121,0,0
BRDA:561,122,0,0
BRDA:579,123,0,3
BRDA:591,124,0,2
BRDA:592,125,0,1
BRDA:603,126,0,6
BRDA:604,127,0,2
BRDA:604,128,0,5
BRDA:604,129,0,4
BRDA:608,130,0,0
BRDA:608,131,0,4
BRDA:610,132,0,3
BRDA:610,133,0,2
BRDA:612,134,0,5
BRDA:612,135,0,1
BRDA:612,136,0,2
BRDA:656,137,0,1
BRDA:659,138,0,0
BRDA:659,139,0,0
BRDA:661,140,0,0
BRDA:668,141,0,0
BRDA:686,142,0,2
BRDA:687,143,0,0
BRDA:704,144,0,1
BRDA:705,145,0,0
BRDA:713,146,0,0
BRDA:713,147,0,0
BRDA:726,148,0,2
BRDA:727,149,0,1
BRDA:727,150,0,0
BRDA:744,151,0,2
BRDA:746,152,0,0
BRDA:748,153,0,0
BRDA:753,154,0,0
BRDA:766,155,0,1
BRDA:776,156,0,0
BRDA:799,157,0,2
BRDA:800,158,0,1
BRDA:800,159,0,1
BRDA:801,160,0,0
BRDA:802,161,0,0
BRDA:803,162,0,0
BRDA:804,163,0,0
BRDA:816,164,0,0
BRDA:819,165,0,1
BRDA:819,166,0,1
BRDA:825,167,0,1
BRDA:835,168,0,1
BRDA:835,169,0,0
BRDA:835,170,0,1
BRDA:842,171,0,0
BRDA:843,172,0,1
BRDA:845,173,0,0
BRDA:845,174,0,0
BRDA:869,175,0,0
BRDA:882,176,0,0
BRDA:886,177,0,1
BRDA:894,178,0,0
BRDA:894,179,0,1
BRDA:807,180,0,2
BRDA:811,181,0,0
BRDA:820,182,0,1
BRDA:821,183,0,1
BRDA:855,184,0,1
BRDA:899,185,0,3
BRDA:901,186,0,1
BRDA:905,187,0,0
BRDA:907,188,0,2
BRDA:908,189,0,2
BRDA:908,190,0,1
BRDA:909,191,0,0
BRDA:903,192,0,1
BRDA:923,193,0,107
BRDA:938,194,0,22
BRDA:938,195,0,85
BRDA:939,196,0,22
BRDA:939,197,0,85
BRDA:940,198,0,22
BRDA:941,199,0,22
BRDA:943,200,0,22
BRDA:949,201,0,14
BRDA:951,202,0,6
BRDA:952,203,0,0
BRDA:956,204,0,0
BRDA:958,205,0,0
BRDA:963,206,0,5
BRDA:963,207,0,4
BRDA:965,208,0,3
BRDA:971,209,0,1
BRDA:974,210,0,4
BRDA:986,211,0,5
BRDA:1000,212,0,1
BRDA:990,213,0,1
BRDA:991,214,0,0
BRDA:993,215,0,0
BRDA:1007,216,0,4
BRDA:1016,217,0,1
BRDA:1021,218,0,2
BRDA:1021,219,0,2
BRDA:1021,220,0,2
BRDA:1026,221,0,1
BRDA:1034,222,0,4
BRDA:1035,223,0,3
BRDA:1035,224,0,1
BRDA:1055,225,0,2
BRDA:1035,226,0,1
BRDA:1038,227,0,7
BRDA:1039,228,0,1
BRDA:1039,229,0,6
BRDA:1040,230,0,0
BRDA:1040,231,0,0
BRDA:1040,232,0,6
BRDA:1043,233,0,0
BRDA:1043,234,0,6
BRDA:1045,235,0,2
BRDA:1045,236,0,4
BRDA:1045,237,0,3
BRDA:1045,238,0,6
BRDA:1045,239,0,2
BRDA:1047,240,0,4
BRDA:1050,241,0,1
BRDA:1050,242,0,3
BRDA:1050,243,0,2
BRDA:1058,244,0,1
BRDA:1061,245,0,0
BRDA:1061,246,0,0
BRDA:1063,247,0,0
BRDA:1067,248,0,2
BRDA:1071,249,0,0
BRDA:1075,250,0,1
BRDA:1078,251,0,0
BRDA:1079,252,0,0
BRF:253
BRH:161
end_of_record
TN:
SF:src/audio/Queue.ts
FN:6,<instance_members_initializer>
FN:11,QueueSaver
FN:18,get
FN:22,delete
FN:26,set
FN:30,sync
FN:36,<instance_members_initializer>
FN:37,DefaultQueueStore
FN:39,get
FN:43,set
FN:47,delete
FN:51,stringify
FN:55,parse
FN:61,<instance_members_initializer>
FN:70,Queue
FN:90,save
FN:95,sync
FN:125,destroy
FN:129,toJSON
FN:138,totalDuration
FN:142,filterTracks
FN:205,findTrack
FN:224,shuffle
FN:244,add
FN:281,splice
FN:323,remove
FN:434,shiftPrevious
FN:440,filter
FN:457,find
FN:474,sortBy
FN:506,toSortedBy
FN:537,getTracks
FNF:32
FNH:31
FNDA:136,<instance_members_initializer>
FNDA:136,QueueSaver
FNDA:2,get
FNDA:3,delete
FNDA:82,set
FNDA:0,sync
FNDA:200,<instance_members_initializer>
FNDA:200,DefaultQueueStore
FNDA:4,get
FNDA:83,set
FNDA:3,delete
FNDA:82,stringify
FNDA:2,parse
FNDA:133,<instance_members_initializer>
FNDA:133,Queue
FNDA:81,save
FNDA:1,sync
FNDA:3,destroy
FNDA:113,toJSON
FNDA:2,totalDuration
FNDA:14,filterTracks
FNDA:3,findTrack
FNDA:5,shuffle
FNDA:48,add
FNDA:7,splice
FNDA:10,remove
FNDA:2,shiftPrevious
FNDA:4,filter
FNDA:2,find
FNDA:6,sortBy
FNDA:8,toSortedBy
FNDA:1,getTracks
DA:1,1
DA:2,1
DA:3,1
DA:4,1
DA:5,1
DA:6,1
DA:7,136
DA:8,136
DA:9,1
DA:10,1
DA:11,1
DA:12,136
DA:13,136
DA:14,136
DA:15,136
DA:16,136
DA:17,1
DA:18,1
DA:19,2
DA:20,2
DA:21,1
DA:22,1
DA:23,3
DA:24,3
DA:25,1
DA:26,1
DA:27,82
DA:28,82
DA:29,1
DA:30,1
DA:31,0
DA:32,0
DA:33,1
DA:34,1
DA:35,1
DA:36,1
DA:37,1
DA:38,1
DA:39,1
DA:40,4
DA:41,4
DA:42,1
DA:43,1
DA:44,83
DA:45,83
DA:46,1
DA:47,1
DA:48,3
DA:49,3
DA:50,1
DA:51,1
DA:52,82
DA:53,82
DA:54,1
DA:55,1
DA:56,2
DA:57,2
DA:58,1
DA:59,1
DA:60,1
DA:61,1
DA:62,133
DA:63,133
DA:64,133
DA:65,133
DA:66,133
DA:67,133
DA:68,133
DA:69,133
DA:70,133
DA:71,133
DA:72,133
DA:73,133
DA:74,133
DA:75,133
DA:76,133
DA:77,133
DA:78,133
DA:79,0
DA:80,133
DA:81,133
DA:82,133
DA:83,0
DA:84,133
DA:85,133
DA:86,133
DA:87,133
DA:88,133
DA:89,133
DA:90,133
DA:91,81
DA:92,81
DA:93,81
DA:94,133
DA:95,133
DA:96,1
DA:97,1
DA:98,1
DA:99,1
DA:100,1
DA:101,1
DA:102,1
DA:103,1
DA:104,1
DA:105,1
DA:106,1
DA:107,1
DA:108,1
DA:109,1
DA:110,1
DA:111,1
DA:112,1
DA:113,1
DA:114,1
DA:115,1
DA:116,1
DA:117,1
DA:118,1
DA:119,1
DA:120,1
DA:121,1
DA:122,1
DA:123,1
DA:124,133
DA:125,133
DA:126,3
DA:127,3
DA:128,133
DA:129,133
DA:130,113
DA:131,113
DA:132,113
DA:133,113
DA:134,113
DA:135,113
DA:136,113
DA:137,133
DA:138,133
DA:139,2
DA:140,2
DA:141,133
DA:142,133
DA:143,14
DA:144,14
DA:145,14
DA:146,14
DA:147,14
DA:148,14
DA:149,14
DA:150,14
DA:151,14
DA:152,14
DA:153,14
DA:154,14
DA:155,14
DA:156,14
DA:157,2
DA:158,2
DA:159,12
DA:160,12
DA:161,12
DA:162,12
DA:163,31
DA:164,11
DA:165,11
DA:166,20
DA:167,31
DA:168,2
DA:169,2
DA:170,18
DA:171,31
DA:172,6
DA:173,6
DA:174,0
DA:175,6
DA:176,6
DA:177,6
DA:178,6
DA:179,6
DA:180,15
DA:181,31
DA:182,0
DA:183,0
DA:184,15
DA:185,31
DA:186,0
DA:187,0
DA:188,15
DA:189,31
DA:190,3
DA:191,3
DA:192,12
DA:193,31
DA:194,0
DA:195,0
DA:196,12
DA:197,31
DA:198,0
DA:199,0
DA:200,12
DA:201,12
DA:202,12
DA:203,14
DA:204,133
DA:205,133
DA:206,3
DA:207,3
DA:208,3
DA:209,3
DA:210,3
DA:211,3
DA:212,3
DA:213,3
DA:214,3
DA:215,3
DA:216,3
DA:217,3
DA:218,3
DA:219,3
DA:220,3
DA:221,3
DA:222,133
DA:223,1
DA:224,1
DA:225,5
DA:226,5
DA:227,5
DA:228,3
DA:229,5
DA:230,1
DA:231,2
DA:232,2
DA:233,12
DA:234,12
DA:235,12
DA:236,2
DA:237,3
DA:238,5
DA:239,3
DA:240,3
DA:241,3
DA:242,5
DA:243,1
DA:244,1
DA:245,48
DA:246,1
DA:247,1
DA:248,1
DA:249,1
DA:250,1
DA:251,1
DA:252,1
DA:253,1
DA:254,47
DA:255,48
DA:256,48
DA:257,48
DA:258,48
DA:259,48
DA:260,48
DA:261,48
DA:262,48
DA:263,48
DA:264,48
DA:265,0
DA:266,0
DA:267,0
DA:268,0
DA:269,0
DA:270,0
DA:271,0
DA:272,0
DA:273,0
DA:274,0
DA:275,47
DA:276,47
DA:277,47
DA:278,47
DA:279,48
DA:280,1
DA:281,1
DA:282,7
DA:283,7
DA:284,7
DA:285,7
DA:286,1
DA:287,1
DA:288,1
DA:289,6
DA:290,7
DA:291,7
DA:292,0
DA:293,0
DA:294,0
DA:295,0
DA:296,0
DA:297,0
DA:298,0
DA:299,0
DA:300,0
DA:301,0
DA:302,6
DA:303,6
DA:304,3
DA:305,3
DA:306,3
DA:307,3
DA:308,3
DA:309,3
DA:310,3
DA:311,3
DA:312,7
DA:313,7
DA:314,7
DA:315,1
DA:316,1
DA:317,6
DA:318,6
DA:319,6
DA:320,7
DA:321,7
DA:322,1
DA:323,1
DA:324,10
DA:325,10
DA:326,10
DA:327,2
DA:328,2
DA:329,8
DA:330,10
DA:331,10
DA:332,4
DA:333,4
DA:334,3
DA:335,3
DA:336,3
DA:337,4
DA:338,4
DA:339,1
DA:340,1
DA:341,3
DA:342,3
DA:343,3
DA:344,3
DA:345,3
DA:346,4
DA:347,8
DA:348,2
DA:349,1
DA:350,1
DA:351,1
DA:352,2
DA:353,2
DA:354,2
DA:355,2
DA:356,1
DA:357,1
DA:358,1
DA:359,1
DA:360,0
DA:361,0
DA:362,1
DA:363,1
DA:364,1
DA:365,1
DA:366,1
DA:367,1
DA:368,1
DA:369,1
DA:370,1
DA:371,3
DA:372,3
DA:373,6
DA:374,6
DA:375,6
DA:376,6
DA:377,5
DA:378,4
DA:379,3
DA:380,3
DA:381,3
DA:382,1
DA:383,1
DA:384,2
DA:385,1
DA:386,1
DA:387,1
DA:388,1
DA:389,2
DA:390,3
DA:391,3
DA:392,3
DA:393,3
DA:394,1
DA:395,2
DA:396,2
DA:397,0
DA:398,0
DA:399,0
DA:400,0
DA:401,0
DA:402,0
DA:403,0
DA:404,0
DA:405,1
DA:406,1
DA:407,1
DA:408,1
DA:409,1
DA:410,2
DA:411,2
DA:412,3
DA:413,2
DA:414,1
DA:415,1
DA:416,1
DA:417,1
DA:418,2
DA:419,2
DA:420,8
DA:421,2
DA:422,2
DA:423,2
DA:424,10
DA:425,10
DA:426,1
DA:427,1
DA:428,2
DA:429,2
DA:430,2
DA:431,2
DA:432,10
DA:433,1
DA:434,1
DA:435,2
DA:436,2
DA:437,2
DA:438,2
DA:439,1
DA:440,1
DA:441,4
DA:442,4
DA:443,4
DA:444,4
DA:445,4
DA:446,4
DA:447,4
DA:448,4
DA:449,4
DA:450,4
DA:451,4
DA:452,4
DA:453,4
DA:454,4
DA:455,4
DA:456,1
DA:457,1
DA:458,2
DA:459,2
DA:460,2
DA:461,2
DA:462,2
DA:463,2
DA:464,2
DA:465,2
DA:466,2
DA:467,2
DA:468,2
DA:469,2
DA:470,2
DA:471,2
DA:472,2
DA:473,1
DA:474,1
DA:475,6
DA:476,6
DA:477,6
DA:478,6
DA:479,1
DA:480,6
DA:481,5
DA:482,17
DA:483,17
DA:484,17
DA:485,17
DA:486,12
DA:487,12
DA:488,17
DA:489,2
DA:490,2
DA:491,17
DA:492,3
DA:493,3
DA:494,17
DA:495,0
DA:496,17
DA:497,17
DA:498,17
DA:499,5
DA:500,5
DA:501,6
DA:502,6
DA:503,6
DA:504,6
DA:505,1
DA:506,1
DA:507,8
DA:508,8
DA:509,8
DA:510,8
DA:511,8
DA:512,8
DA:513,3
DA:514,3
DA:515,5
DA:516,5
DA:517,5
DA:518,5
DA:519,5
DA:520,5
DA:521,1
DA:522,1
DA:523,5
DA:524,1
DA:525,1
DA:526,5
DA:527,2
DA:528,2
DA:529,5
DA:530,1
DA:531,5
DA:532,4
DA:533,5
DA:534,5
DA:535,8
DA:536,1
DA:537,1
DA:538,1
DA:539,1
DA:540,1
LF:540
LH:496
BRDA:6,0,0,136
BRDA:11,1,0,136
BRDA:12,2,0,2
BRDA:14,3,0,2
BRDA:18,4,0,2
BRDA:22,5,0,3
BRDA:26,6,0,82
BRDA:36,7,0,200
BRDA:37,8,0,200
BRDA:39,9,0,4
BRDA:43,10,0,83
BRDA:44,11,0,0
BRDA:47,12,0,3
BRDA:51,13,0,82
BRDA:55,14,0,2
BRDA:61,15,0,133
BRDA:70,16,0,133
BRDA:71,17,0,132
BRDA:74,18,0,0
BRDA:76,19,0,0
BRDA:78,20,0,0
BRDA:78,21,0,0
BRDA:82,22,0,0
BRDA:82,23,0,0
BRDA:90,24,0,81
BRDA:91,25,0,0
BRDA:95,26,0,1
BRDA:97,27,0,0
BRDA:105,28,0,0
BRDA:106,29,0,0
BRDA:116,30,0,0
BRDA:102,31,0,1
BRDA:102,32,0,0
BRDA:107,33,0,1
BRDA:107,34,0,0
BRDA:112,35,0,1
BRDA:112,36,0,0
BRDA:117,37,0,1
BRDA:117,38,0,0
BRDA:125,39,0,3
BRDA:129,40,0,113
BRDA:130,41,0,1
BRDA:132,42,0,21
BRDA:132,43,0,92
BRDA:133,44,0,0
BRDA:134,45,0,0
BRDA:138,46,0,2
BRDA:139,47,0,1
BRDA:139,48,0,1
BRDA:139,49,0,2
BRDA:139,50,0,0
BRDA:142,51,0,14
BRDA:156,52,0,2
BRDA:158,53,0,12
BRDA:157,54,0,6
BRDA:157,55,0,6
BRDA:161,56,0,31
BRDA:162,57,0,31
BRDA:163,58,0,17
BRDA:163,59,0,23
BRDA:163,60,0,11
BRDA:165,61,0,20
BRDA:167,62,0,3
BRDA:167,63,0,2
BRDA:169,64,0,18
BRDA:171,65,0,6
BRDA:172,66,0,0
BRDA:173,67,0,0
BRDA:176,68,0,2
BRDA:176,69,0,4
BRDA:177,70,0,1
BRDA:179,71,0,15
BRDA:181,72,0,0
BRDA:181,73,0,0
BRDA:183,74,0,15
BRDA:185,75,0,0
BRDA:185,76,0,0
BRDA:187,77,0,15
BRDA:189,78,0,5
BRDA:189,79,0,3
BRDA:191,80,0,12
BRDA:193,81,0,0
BRDA:193,82,0,0
BRDA:195,83,0,12
BRDA:197,84,0,0
BRDA:197,85,0,0
BRDA:199,86,0,12
BRDA:205,87,0,3
BRDA:220,88,0,2
BRDA:220,89,0,1
BRDA:224,90,0,5
BRDA:225,91,0,1
BRDA:225,92,0,1
BRDA:225,93,0,4
BRDA:227,94,0,3
BRDA:227,95,0,2
BRDA:229,96,0,2
BRDA:229,97,0,1
BRDA:232,98,0,12
BRDA:236,99,0,3
BRDA:238,100,0,1
BRDA:238,101,0,1
BRDA:238,102,0,3
BRDA:244,103,0,48
BRDA:245,104,0,1
BRDA:245,105,0,1
BRDA:245,106,0,1
BRDA:249,107,0,0
BRDA:253,108,0,47
BRDA:255,109,0,0
BRDA:255,110,0,0
BRDA:255,111,0,47
BRDA:258,112,0,32
BRDA:258,113,0,15
BRDA:263,114,0,0
BRDA:264,115,0,0
BRDA:274,116,0,47
BRDA:251,117,0,1
BRDA:251,118,0,0
BRDA:260,119,0,109
BRDA:260,120,0,2
BRDA:281,121,0,7
BRDA:283,122,0,1
BRDA:283,123,0,6
BRDA:283,124,0,0
BRDA:283,125,0,1
BRDA:283,126,0,6
BRDA:285,127,0,1
BRDA:286,128,0,0
BRDA:288,129,0,6
BRDA:290,130,0,3
BRDA:290,131,0,0
BRDA:291,132,0,0
BRDA:301,133,0,6
BRDA:303,134,0,3
BRDA:307,135,0,1
BRDA:307,136,0,2
BRDA:310,137,0,3
BRDA:313,138,0,1
BRDA:314,139,0,1
BRDA:316,140,0,6
BRDA:320,141,0,2
BRDA:320,142,0,4
BRDA:309,143,0,3
BRDA:309,144,0,0
BRDA:323,145,0,10
BRDA:326,146,0,9
BRDA:326,147,0,9
BRDA:326,148,0,3
BRDA:326,149,0,2
BRDA:328,150,0,8
BRDA:330,151,0,2
BRDA:330,152,0,2
BRDA:330,153,0,6
BRDA:331,154,0,4
BRDA:333,155,0,3
BRDA:333,156,0,1
BRDA:337,157,0,1
BRDA:338,158,0,1
BRDA:340,159,0,3
BRDA:345,160,0,8
BRDA:345,161,0,4
BRDA:347,162,0,2
BRDA:348,163,0,1
BRDA:351,164,0,2
BRDA:356,165,0,0
BRDA:358,166,0,0
BRDA:359,167,0,0
BRDA:384,168,0,0
BRDA:384,169,0,1
BRDA:389,170,0,3
BRDA:393,171,0,1
BRDA:395,172,0,0
BRDA:396,173,0,0
BRDA:404,174,0,1
BRDA:420,175,0,0
BRDA:420,176,0,2
BRDA:424,177,0,1
BRDA:425,178,0,8
BRDA:425,179,0,1
BRDA:427,180,0,0
BRDA:427,181,0,2
BRDA:348,182,0,3
BRDA:350,183,0,1
BRDA:369,184,0,3
BRDA:370,185,0,3
BRDA:372,186,0,6
BRDA:373,187,0,0
BRDA:375,188,0,0
BRDA:376,189,0,3
BRDA:376,190,0,5
BRDA:377,191,0,2
BRDA:377,192,0,4
BRDA:378,193,0,1
BRDA:378,194,0,3
BRDA:379,195,0,0
BRDA:379,196,0,3
BRDA:380,197,0,0
BRDA:388,198,0,2
BRDA:411,199,0,3
BRDA:412,200,0,2
BRDA:412,201,0,2
BRDA:413,202,0,1
BRDA:414,203,0,1
BRDA:415,204,0,1
BRDA:416,205,0,0
BRDA:416,206,0,1
BRDA:417,207,0,0
BRDA:434,208,0,2
BRDA:436,209,0,1
BRDA:437,210,0,1
BRDA:440,211,0,4
BRDA:457,212,0,2
BRDA:474,213,0,6
BRDA:478,214,0,1
BRDA:480,215,0,5
BRDA:481,216,0,17
BRDA:485,217,0,12
BRDA:486,218,0,0
BRDA:486,219,0,0
BRDA:488,220,0,2
BRDA:489,221,0,0
BRDA:489,222,0,0
BRDA:491,223,0,3
BRDA:492,224,0,0
BRDA:492,225,0,0
BRDA:494,226,0,0
BRDA:498,227,0,8
BRDA:498,228,0,9
BRDA:506,229,0,8
BRDA:512,230,0,3
BRDA:514,231,0,5
BRDA:516,232,0,5
BRDA:520,233,0,1
BRDA:521,234,0,0
BRDA:521,235,0,0
BRDA:523,236,0,1
BRDA:524,237,0,0
BRDA:524,238,0,0
BRDA:526,239,0,2
BRDA:527,240,0,0
BRDA:527,241,0,0
BRDA:529,242,0,1
BRDA:531,243,0,4
BRDA:533,244,0,1
BRDA:533,245,0,3
BRDA:537,246,0,1
BRF:247
BRH:180
end_of_record
TN:
SF:src/audio/index.ts
FNF:0
FNH:0
DA:1,1
DA:2,1
DA:3,1
LF:3
LH:3
BRF:0
BRH:0
end_of_record
TN:
SF:src/config/Constants.ts
FN:313,highCPULoad
FN:314,highSystemLoad
FN:315,highMemoryUsage
FN:317,frameDeficit
FN:318,highLatency
FN:320,highPlayercount
FNF:6
FNH:6
FNDA:1,highCPULoad
FNDA:1,highSystemLoad
FNDA:1,highMemoryUsage
FNDA:1,frameDeficit
FNDA:1,highLatency
FNDA:1,highPlayercount
DA:1,1
DA:2,1
DA:3,1
DA:4,1
DA:5,1
DA:6,1
DA:7,1
DA:8,1
DA:9,1
DA:10,1
DA:11,1
DA:12,1
DA:13,1
DA:14,1
DA:15,1
DA:16,1
DA:17,1
DA:18,1
DA:19,1
DA:20,1
DA:21,1
DA:22,1
DA:23,1
DA:24,1
DA:25,1
DA:26,1
DA:27,1
DA:28,1
DA:29,1
DA:30,1
DA:31,1
DA:32,1
DA:33,1
DA:34,1
DA:35,1
DA:36,1
DA:37,1
DA:38,1
DA:39,1
DA:40,1
DA:41,1
DA:42,1
DA:43,1
DA:44,1
DA:45,1
DA:46,1
DA:47,1
DA:48,1
DA:49,1
DA:50,1
DA:51,1
DA:52,1
DA:53,1
DA:54,1
DA:55,1
DA:56,1
DA:57,1
DA:58,1
DA:59,1
DA:60,1
DA:61,1
DA:62,1
DA:63,1
DA:64,1
DA:65,1
DA:66,1
DA:67,1
DA:68,1
DA:69,1
DA:70,1
DA:71,1
DA:72,1
DA:73,1
DA:74,1
DA:75,1
DA:76,1
DA:77,1
DA:78,1
DA:79,1
DA:80,1
DA:81,1
DA:82,1
DA:83,1
DA:84,1
DA:85,1
DA:86,1
DA:87,1
DA:88,1
DA:89,1
DA:90,1
DA:91,1
DA:92,1
DA:93,1
DA:94,1
DA:95,1
DA:96,1
DA:97,1
DA:98,1
DA:99,1
DA:100,1
DA:101,1
DA:102,1
DA:103,1
DA:104,1
DA:105,1
DA:106,1
DA:107,1
DA:108,1
DA:109,1
DA:110,1
DA:111,1
DA:112,1
DA:113,1
DA:114,1
DA:115,1
DA:116,1
DA:117,1
DA:118,1
DA:119,1
DA:120,1
DA:121,1
DA:122,1
DA:123,1
DA:124,1
DA:125,1
DA:126,1
DA:127,1
DA:128,1
DA:129,1
DA:130,1
DA:131,1
DA:132,1
DA:133,1
DA:134,1
DA:135,1
DA:136,1
DA:137,1
DA:138,1
DA:139,1
DA:140,1
DA:141,1
DA:142,1
DA:143,1
DA:144,1
DA:145,1
DA:146,1
DA:147,1
DA:148,1
DA:149,1
DA:150,1
DA:151,1
DA:152,1
DA:153,1
DA:154,1
DA:155,1
DA:156,1
DA:157,1
DA:158,1
DA:159,1
DA:160,1
DA:161,1
DA:162,1
DA:163,1
DA:164,1
DA:165,1
DA:166,1
DA:167,1
DA:168,1
DA:169,1
DA:170,1
DA:171,1
DA:172,1
DA:173,1
DA:174,1
DA:175,1
DA:176,1
DA:177,1
DA:178,1
DA:179,1
DA:180,1
DA:181,1
DA:182,1
DA:183,1
DA:184,1
DA:185,1
DA:186,1
DA:187,1
DA:188,1
DA:189,1
DA:190,1
DA:191,1
DA:192,1
DA:193,1
DA:194,1
DA:195,1
DA:196,1
DA:197,1
DA:198,1
DA:199,1
DA:200,1
DA:201,1
DA:202,1
DA:203,1
DA:204,1
DA:205,1
DA:206,1
DA:207,1
DA:208,1
DA:209,1
DA:210,1
DA:211,1
DA:212,1
DA:213,1
DA:214,1
DA:215,1
DA:216,1
DA:217,1
DA:218,1
DA:219,1
DA:220,1
DA:221,1
DA:222,1
DA:223,1
DA:224,1
DA:225,1
DA:226,1
DA:227,1
DA:228,1
DA:229,1
DA:230,1
DA:231,1
DA:232,1
DA:233,1
DA:234,1
DA:235,1
DA:236,1
DA:237,1
DA:238,1
DA:239,1
DA:240,1
DA:241,1
DA:242,1
DA:243,1
DA:244,1
DA:245,1
DA:246,1
DA:247,1
DA:248,1
DA:249,1
DA:250,1
DA:251,1
DA:252,1
DA:253,1
DA:254,1
DA:255,1
DA:256,1
DA:257,1
DA:258,1
DA:259,1
DA:260,1
DA:261,1
DA:262,1
DA:263,1
DA:264,1
DA:265,1
DA:266,1
DA:267,1
DA:268,1
DA:269,1
DA:270,1
DA:271,1
DA:272,1
DA:273,1
DA:274,1
DA:275,1
DA:276,1
DA:277,1
DA:278,1
DA:279,1
DA:280,1
DA:281,1
DA:282,1
DA:283,1
DA:284,1
DA:285,1
DA:286,1
DA:287,1
DA:288,1
DA:289,1
DA:290,1
DA:291,1
DA:292,1
DA:293,1
DA:294,1
DA:295,1
DA:296,1
DA:297,1
DA:298,1
DA:299,1
DA:300,1
DA:301,1
DA:302,1
DA:303,1
DA:304,1
DA:305,1
DA:306,1
DA:307,1
DA:308,1
DA:309,1
DA:310,1
DA:311,1
DA:312,1
DA:313,1
DA:314,1
DA:315,1
DA:316,1
DA:317,1
DA:318,1
DA:319,1
DA:320,1
DA:321,1
DA:322,1
DA:323,1
DA:324,1
DA:325,1
DA:326,1
DA:327,1
DA:328,1
DA:329,1
DA:330,1
DA:331,1
DA:332,1
DA:333,1
DA:334,1
DA:335,1
DA:336,1
DA:337,1
DA:338,1
DA:339,1
DA:340,1
LF:340
LH:340
BRDA:4,0,0,17
BRDA:61,1,0,17
BRDA:78,2,0,17
BRDA:313,3,0,1
BRDA:314,4,0,1
BRDA:315,5,0,1
BRDA:317,6,0,1
BRDA:318,7,0,1
BRDA:320,8,0,1
BRF:9
BRH:9
end_of_record
TN:
SF:src/config/index.ts
FNF:0
FNH:0
DA:1,1
LF:1
LH:1
BRF:0
BRH:0
end_of_record
TN:
SF:src/core/Manager.ts
FN:13,emit
FN:20,on
FN:24,once
FN:28,off
FN:32,removeListener
FN:39,<instance_members_initializer>
FN:49,applyOptions
FN:123,validateOptions
FN:161,dispatchDebug
FN:174,<static_initializer>
FN:176,_debugNoAudio
FN:189,RyanlinkManager
FN:201,getPlayer
FN:205,createPlayer
FN:215,destroyPlayer
FN:221,deletePlayer
FN:238,get useable
FN:242,init
FN:270,provideVoiceUpdate
FNF:19
FNH:18
FNDA:141,emit
FNDA:38,on
FNDA:16,once
FNDA:0,off
FNDA:6,removeListener
FNDA:140,<instance_members_initializer>
FNDA:140,applyOptions
FNDA:140,validateOptions
FNDA:28,dispatchDebug
FNDA:14,<static_initializer>
FNDA:24,_debugNoAudio
FNDA:140,RyanlinkManager
FNDA:152,getPlayer
FNDA:85,createPlayer
FNDA:1,destroyPlayer
FNDA:2,deletePlayer
FNDA:14,get useable
FNDA:89,init
FNDA:34,provideVoiceUpdate
DA:1,1
DA:2,1
DA:3,1
DA:4,1
DA:5,1
DA:6,1
DA:7,1
DA:8,1
DA:9,1
DA:10,1
DA:11,1
DA:12,1
DA:13,1
DA:14,141
DA:15,141
DA:16,141
DA:17,141
DA:18,141
DA:19,1
DA:20,1
DA:21,38
DA:22,38
DA:23,1
DA:24,1
DA:25,16
DA:26,16
DA:27,1
DA:28,1
DA:29,0
DA:30,0
DA:31,1
DA:32,1
DA:33,6
DA:34,6
DA:35,6
DA:36,6
DA:37,6
DA:38,1
DA:39,1
DA:40,140
DA:41,140
DA:42,140
DA:43,140
DA:44,140
DA:45,140
DA:46,140
DA:47,140
DA:48,1
DA:49,1
DA:50,140
DA:51,140
DA:52,140
DA:53,140
DA:54,140
DA:55,140
DA:56,140
DA:57,140
DA:58,140
DA:59,140
DA:60,140
DA:61,140
DA:62,140
DA:63,140
DA:64,140
DA:65,140
DA:66,140
DA:67,140
DA:68,140
DA:69,140
DA:70,140
DA:71,140
DA:72,140
DA:73,140
DA:74,140
DA:75,140
DA:76,140
DA:77,140
DA:78,140
DA:79,140
DA:80,140
DA:81,140
DA:82,140
DA:83,140
DA:84,140
DA:85,140
DA:86,140
DA:87,140
DA:88,140
DA:89,140
DA:90,140
DA:91,140
DA:92,140
DA:93,140
DA:94,140
DA:95,140
DA:96,140
DA:97,140
DA:98,140
DA:99,140
DA:100,140
DA:101,140
DA:102,140
DA:103,140
DA:104,140
DA:105,140
DA:106,140
DA:107,140
DA:108,140
DA:109,140
DA:110,140
DA:111,140
DA:112,140
DA:113,140
DA:114,140
DA:115,140
DA:116,140
DA:117,140
DA:118,140
DA:119,140
DA:120,140
DA:121,140
DA:122,1
DA:123,1
DA:124,140
DA:125,140
DA:126,140
DA:127,140
DA:128,140
DA:129,140
DA:130,140
DA:131,140
DA:132,140
DA:133,140
DA:134,140
DA:135,140
DA:136,140
DA:137,140
DA:138,140
DA:139,140
DA:140,140
DA:141,140
DA:142,140
DA:143,140
DA:144,140
DA:145,140
DA:146,0
DA:147,0
DA:148,0
DA:149,0
DA:150,0
DA:151,0
DA:152,0
DA:153,0
DA:154,0
DA:155,0
DA:156,140
DA:157,140
DA:158,140
DA:159,140
DA:160,1
DA:161,1
DA:162,28
DA:163,28
DA:164,28
DA:165,28
DA:166,28
DA:167,28
DA:168,28
DA:169,28
DA:170,28
DA:171,7
DA:172,28
DA:173,1
DA:174,1
DA:175,1
DA:176,1
DA:177,24
DA:178,24
DA:179,24
DA:180,24
DA:181,24
DA:182,24
DA:183,24
DA:184,0
DA:185,0
DA:186,0
DA:187,24
DA:188,1
DA:189,1
DA:190,140
DA:191,140
DA:192,140
DA:193,140
DA:194,140
DA:195,140
DA:196,140
DA:197,140
DA:198,140
DA:199,140
DA:200,1
DA:201,1
DA:202,152
DA:203,152
DA:204,1
DA:205,1
DA:206,85
DA:207,85
DA:208,85
DA:209,85
DA:210,85
DA:211,85
DA:212,85
DA:213,85
DA:214,1
DA:215,1
DA:216,1
DA:217,1
DA:218,1
DA:219,1
DA:220,1
DA:221,1
DA:222,2
DA:223,2
DA:224,2
DA:225,2
DA:226,0
DA:227,0
DA:228,0
DA:229,0
DA:230,0
DA:231,0
DA:232,0
DA:233,0
DA:234,0
DA:235,2
DA:236,2
DA:237,1
DA:238,1
DA:239,14
DA:240,14
DA:241,1
DA:242,1
DA:243,89
DA:244,89
DA:245,89
DA:246,89
DA:247,89
DA:248,89
DA:249,89
DA:250,89
DA:251,89
DA:252,89
DA:253,89
DA:254,87
DA:255,89
DA:256,2
DA:257,2
DA:258,2
DA:259,89
DA:260,87
DA:261,0
DA:262,0
DA:263,0
DA:264,0
DA:265,0
DA:266,0
DA:267,87
DA:268,89
DA:269,1
DA:270,1
DA:271,34
DA:272,2
DA:273,2
DA:274,2
DA:275,2
DA:276,2
DA:277,2
DA:278,32
DA:279,33
DA:280,3
DA:281,3
DA:282,3
DA:283,3
DA:284,3
DA:285,3
DA:286,3
DA:287,3
DA:288,3
DA:289,3
DA:290,3
DA:291,29
DA:292,33
DA:293,2
DA:294,2
DA:295,2
DA:296,2
DA:297,2
DA:298,27
DA:299,27
DA:300,27
DA:301,27
DA:302,1
DA:303,1
DA:304,1
DA:305,1
DA:306,1
DA:307,1
DA:308,1
DA:309,1
DA:310,1
DA:311,1
DA:312,1
DA:313,26
DA:314,27
DA:315,5
DA:316,5
DA:317,5
DA:318,5
DA:319,5
DA:320,5
DA:321,5
DA:322,5
DA:323,5
DA:324,5
DA:325,5
DA:326,21
DA:327,21
DA:328,21
DA:329,27
DA:330,2
DA:331,2
DA:332,2
DA:333,2
DA:334,2
DA:335,2
DA:336,2
DA:337,2
DA:338,2
DA:339,2
DA:340,2
DA:341,19
DA:342,27
DA:343,1
DA:344,1
DA:345,1
DA:346,1
DA:347,1
DA:348,18
DA:349,24
DA:350,6
DA:351,6
DA:352,6
DA:353,6
DA:354,6
DA:355,6
DA:356,6
DA:357,6
DA:358,6
DA:359,6
DA:360,6
DA:361,6
DA:362,6
DA:363,2
DA:364,2
DA:365,2
DA:366,2
DA:367,2
DA:368,2
DA:369,2
DA:370,2
DA:371,2
DA:372,5
DA:373,2
DA:374,2
DA:375,2
DA:376,2
DA:377,2
DA:378,2
DA:379,2
DA:380,2
DA:381,2
DA:382,2
DA:383,2
DA:384,2
DA:385,2
DA:386,2
DA:387,2
DA:388,2
DA:389,2
DA:390,2
DA:391,2
DA:392,2
DA:393,2
DA:394,2
DA:395,2
DA:396,2
DA:397,2
DA:398,2
DA:399,6
DA:400,6
DA:401,12
DA:402,27
DA:403,4
DA:404,4
DA:405,4
DA:406,4
DA:407,4
DA:408,4
DA:409,4
DA:410,4
DA:411,4
DA:412,4
DA:413,4
DA:414,4
DA:415,4
DA:416,4
DA:417,4
DA:418,4
DA:419,4
DA:420,4
DA:421,8
DA:422,22
DA:423,3
DA:424,3
DA:425,3
DA:426,3
DA:427,3
DA:428,3
DA:429,0
DA:430,0
DA:431,0
DA:432,0
DA:433,0
DA:434,3
DA:435,3
DA:436,3
DA:437,3
DA:438,3
DA:439,3
DA:440,3
DA:441,3
DA:442,3
DA:443,3
DA:444,3
DA:445,3
DA:446,3
DA:447,3
DA:448,3
DA:449,3
DA:450,3
DA:451,2
DA:452,2
DA:453,0
DA:454,0
DA:455,0
DA:456,2
DA:457,3
DA:458,3
DA:459,22
DA:460,5
DA:461,5
DA:462,5
DA:463,1
DA:464,1
DA:465,4
DA:466,5
DA:467,3
DA:468,3
DA:469,3
DA:470,3
DA:471,3
DA:472,3
DA:473,3
DA:474,3
DA:475,3
DA:476,3
DA:477,3
DA:478,3
DA:479,2
DA:480,2
DA:481,2
DA:482,2
DA:483,2
DA:484,1
DA:485,1
DA:486,1
DA:487,1
DA:488,1
DA:489,1
DA:490,1
DA:491,1
DA:492,0
DA:493,0
DA:494,1
DA:495,1
DA:496,1
DA:497,1
DA:498,1
DA:499,1
DA:500,1
DA:501,1
DA:502,1
DA:503,1
DA:504,1
DA:505,1
DA:506,3
DA:507,1
DA:508,1
DA:509,1
DA:510,1
DA:511,1
DA:512,1
DA:513,1
DA:514,27
DA:515,34
DA:516,1
LF:516
LH:476
BRDA:13,0,0,141
BRDA:20,1,0,38
BRDA:24,2,0,16
BRDA:32,3,0,6
BRDA:39,4,0,140
BRDA:49,5,0,140
BRDA:55,6,0,119
BRDA:62,7,0,20
BRDA:63,8,0,20
BRDA:64,9,0,20
BRDA:65,10,0,20
BRDA:65,11,0,134
BRDA:67,12,0,20
BRDA:67,13,0,14
BRDA:67,14,0,132
BRDA:68,15,0,20
BRDA:68,16,0,14
BRDA:68,17,0,126
BRDA:69,18,0,20
BRDA:69,19,0,14
BRDA:69,20,0,134
BRDA:72,21,0,20
BRDA:72,22,0,0
BRDA:73,23,0,20
BRDA:73,24,0,0
BRDA:76,25,0,20
BRDA:76,26,0,0
BRDA:77,27,0,20
BRDA:77,28,0,0
BRDA:78,29,0,20
BRDA:78,30,0,0
BRDA:79,31,0,20
BRDA:79,32,0,0
BRDA:80,33,0,20
BRDA:80,34,0,0
BRDA:81,35,0,20
BRDA:81,36,0,0
BRDA:83,37,0,20
BRDA:84,38,0,20
BRDA:85,39,0,20
BRDA:85,40,0,134
BRDA:86,41,0,20
BRDA:88,42,0,20
BRDA:88,43,0,0
BRDA:89,44,0,20
BRDA:89,45,0,0
BRDA:91,46,0,20
BRDA:100,47,0,0
BRDA:101,48,0,0
BRDA:102,49,0,0
BRDA:105,50,0,8
BRDA:105,51,0,132
BRDA:106,52,0,8
BRDA:108,53,0,8
BRDA:108,54,0,0
BRDA:109,55,0,8
BRDA:109,56,0,0
BRDA:111,57,0,8
BRDA:111,58,0,0
BRDA:112,59,0,8
BRDA:112,60,0,0
BRDA:123,61,0,140
BRDA:124,62,0,0
BRDA:127,63,0,0
BRDA:130,64,0,0
BRDA:132,65,0,0
BRDA:133,66,0,0
BRDA:136,67,0,0
BRDA:142,68,0,0
BRDA:145,69,0,0
BRDA:158,70,0,0
BRDA:135,71,0,128
BRDA:141,72,0,700
BRDA:141,73,0,700
BRDA:161,74,0,28
BRDA:170,75,0,21
BRDA:170,76,0,7
BRDA:174,77,0,14
BRDA:176,78,0,24
BRDA:183,79,0,0
BRDA:189,80,0,140
BRDA:192,81,0,0
BRDA:201,82,0,152
BRDA:205,83,0,85
BRDA:207,84,0,0
BRDA:215,85,0,1
BRDA:217,86,0,0
BRDA:221,87,0,2
BRDA:223,88,0,0
BRDA:225,89,0,1
BRDA:225,90,0,0
BRDA:225,91,0,0
BRDA:238,92,0,14
BRDA:239,93,0,14
BRDA:242,94,0,89
BRDA:243,95,0,0
BRDA:244,96,0,0
BRDA:246,97,0,0
BRDA:248,98,0,0
BRDA:253,99,0,87
BRDA:255,100,0,2
BRDA:259,101,0,87
BRDA:260,102,0,0
BRDA:266,103,0,87
BRDA:270,104,0,34
BRDA:271,105,0,2
BRDA:277,106,0,33
BRDA:277,107,0,32
BRDA:279,108,0,3
BRDA:290,109,0,29
BRDA:292,110,0,2
BRDA:293,111,0,0
BRDA:294,112,0,0
BRDA:297,113,0,27
BRDA:300,114,0,26
BRDA:300,115,0,1
BRDA:301,116,0,1
BRDA:312,117,0,26
BRDA:314,118,0,18
BRDA:314,119,0,5
BRDA:325,120,0,21
BRDA:329,121,0,2
BRDA:340,122,0,19
BRDA:342,123,0,1
BRDA:347,124,0,24
BRDA:347,125,0,18
BRDA:349,126,0,6
BRDA:350,127,0,0
BRDA:352,128,0,2
BRDA:352,129,0,0
BRDA:354,130,0,4
BRDA:354,131,0,0
BRDA:362,132,0,5
BRDA:362,133,0,2
BRDA:372,134,0,4
BRDA:372,135,0,2
BRDA:400,136,0,12
BRDA:402,137,0,22
BRDA:402,138,0,4
BRDA:404,139,0,2
BRDA:404,140,0,2
BRDA:420,141,0,8
BRDA:422,142,0,3
BRDA:423,143,0,2
BRDA:425,144,0,0
BRDA:426,145,0,0
BRDA:428,146,0,0
BRDA:438,147,0,2
BRDA:439,148,0,1
BRDA:440,149,0,1
BRDA:441,150,0,0
BRDA:442,151,0,0
BRDA:444,152,0,2
BRDA:445,153,0,1
BRDA:447,154,0,2
BRDA:450,155,0,1
BRDA:450,156,0,2
BRDA:452,157,0,0
BRDA:457,158,0,2
BRDA:457,159,0,1
BRDA:458,160,0,0
BRDA:459,161,0,5
BRDA:460,162,0,0
BRDA:462,163,0,1
BRDA:464,164,0,4
BRDA:466,165,0,3
BRDA:477,166,0,0
BRDA:478,167,0,2
BRDA:483,168,0,1
BRDA:489,169,0,1
BRDA:491,170,0,0
BRDA:506,171,0,1
BRF:172
BRH:119
end_of_record
TN:
SF:src/core/index.ts
FNF:0
FNH:0
DA:1,1
LF:1
LH:1
BRF:0
BRH:0
end_of_record
TN:
SF:src/node/Node.ts
FN:66,<instance_members_initializer>
FN:73,<static_initializer>
FN:130,get _LManager
FN:134,get heartBeatPing
FN:138,get _checkForPlugins
FN:143,get _checkForSources
FN:147,dispatchDebug
FN:160,get connected
FN:164,get connectionStatus
FN:169,RyanlinkNode
FN:199,rawRequest
FN:242,request
FN:260,search
FN:359,audioSearch
FN:419,updatePlayer
FN:449,destroyPlayer
FN:457,connect
FN:485,heartBeat
FN:514,get id
FN:518,destroy
FN:613,disconnect
FN:626,fetchAllPlayers
FN:634,fetchPlayer
FN:639,updateSession
FN:656,singleTrack
FN:665,multipleTracks
FN:679,get
FN:699,getCurrent
FN:719,subscribe
FN:733,unsubscribe
FN:745,fetchStats
FN:749,fetchConnectionMetrics
FN:755,fetchVersion
FN:765,fetchInfo
FN:769,nodeMetricSummary
FN:795,getHealthStatus
FN:926,getStatus
FN:931,unmarkFailedAddress
FN:941,unmarkAllFailedAddresses
FN:951,validate
FN:981,isNodeLink
FN:985,isRyanlinkNode
FN:989,syncPlayerData
FN:1051,get restAddress
FN:1055,get isNodeReconnecting
FN:1059,reconnect
FN:1079,get reconnectionAttemptCount
FN:1085,executeReconnect
FN:1109,resetReconnectionAttempts
FN:1117,resetAckTimeouts
FN:1129,open
FN:1169,close
FN:1211,error
FN:1224,message
FN:1311,handleEvent
FN:1376,nodeLinkEventHandler
FN:1385,getTrackOfPayload
FN:1389,trackStart
FN:1418,trackEnd
FN:1468,trackStuck
FN:1513,trackError
FN:1537,socketClosed
FN:1542,SponsorBlockSegmentLoaded
FN:1547,SponsorBlockSegmentSkipped
FN:1552,SponsorBlockChaptersLoaded
FN:1557,SponsorBlockChapterStarted
FN:1562,getSponsorBlock
FN:1569,setSponsorBlock
FN:1601,deleteSponsorBlock
FN:1619,queueEnd
FN:1717,LyricsLine
FN:1735,LyricsFound
FN:1753,LyricsNotFound
FNF:73
FNH:46
FNDA:147,<instance_members_initializer>
FNDA:14,<static_initializer>
FNDA:230,get _LManager
FNDA:15,get heartBeatPing
FNDA:23,get _checkForPlugins
FNDA:51,get _checkForSources
FNDA:50,dispatchDebug
FNDA:407,get connected
FNDA:14,get connectionStatus
FNDA:147,RyanlinkNode
FNDA:88,rawRequest
FNDA:87,request
FNDA:0,search
FNDA:0,audioSearch
FNDA:30,updatePlayer
FNDA:5,destroyPlayer
FNDA:95,connect
FNDA:16,heartBeat
FNDA:214,get id
FNDA:0,destroy
FNDA:0,disconnect
FNDA:1,fetchAllPlayers
FNDA:1,fetchPlayer
FNDA:1,updateSession
FNDA:0,singleTrack
FNDA:0,multipleTracks
FNDA:0,get
FNDA:0,getCurrent
FNDA:0,subscribe
FNDA:0,unsubscribe
FNDA:2,fetchStats
FNDA:0,fetchConnectionMetrics
FNDA:2,fetchVersion
FNDA:25,fetchInfo
FNDA:1,nodeMetricSummary
FNDA:1,getHealthStatus
FNDA:0,getStatus
FNDA:0,unmarkFailedAddress
FNDA:0,unmarkAllFailedAddresses
FNDA:147,validate
FNDA:1,isNodeLink
FNDA:0,isRyanlinkNode
FNDA:58,syncPlayerData
FNDA:111,get restAddress
FNDA:14,get isNodeReconnecting
FNDA:0,reconnect
FNDA:16,get reconnectionAttemptCount
FNDA:0,executeReconnect
FNDA:50,resetReconnectionAttempts
FNDA:16,resetAckTimeouts
FNDA:24,open
FNDA:0,close
FNDA:1,error
FNDA:44,message
FNDA:8,handleEvent
FNDA:0,nodeLinkEventHandler
FNDA:3,getTrackOfPayload
FNDA:1,trackStart
FNDA:2,trackEnd
FNDA:1,trackStuck
FNDA:1,trackError
FNDA:1,socketClosed
FNDA:0,SponsorBlockSegmentLoaded
FNDA:0,SponsorBlockSegmentSkipped
FNDA:0,SponsorBlockChaptersLoaded
FNDA:0,SponsorBlockChapterStarted
FNDA:3,getSponsorBlock
FNDA:3,setSponsorBlock
FNDA:3,deleteSponsorBlock
FNDA:0,queueEnd
FNDA:0,LyricsLine
FNDA:0,LyricsFound
FNDA:0,LyricsNotFound
DA:1,1
DA:2,1
DA:3,1
DA:4,1
DA:5,1
DA:6,1
DA:7,1
DA:8,1
DA:9,1
DA:10,1
DA:11,1
DA:12,1
DA:13,1
DA:14,1
DA:15,1
DA:16,1
DA:17,1
DA:18,1
DA:19,1
DA:20,1
DA:21,1
DA:22,1
DA:23,1
DA:24,1
DA:25,1
DA:26,1
DA:27,1
DA:28,1
DA:29,1
DA:30,1
DA:31,1
DA:32,1
DA:33,1
DA:34,1
DA:35,1
DA:36,1
DA:37,1
DA:38,1
DA:39,1
DA:40,1
DA:41,1
DA:42,1
DA:43,1
DA:44,1
DA:45,1
DA:46,1
DA:47,1
DA:48,1
DA:49,1
DA:50,1
DA:51,1
DA:52,1
DA:53,1
DA:54,1
DA:55,1
DA:56,1
DA:57,1
DA:58,1
DA:59,1
DA:60,1
DA:61,1
DA:62,1
DA:63,1
DA:64,1
DA:65,1
DA:66,1
DA:67,147
DA:68,147
DA:69,147
DA:70,147
DA:71,147
DA:72,147
DA:73,147
DA:74,147
DA:75,147
DA:76,147
DA:77,147
DA:78,147
DA:79,147
DA:80,147
DA:81,147
DA:82,147
DA:83,147
DA:84,147
DA:85,147
DA:86,147
DA:87,147
DA:88,147
DA:89,147
DA:90,147
DA:91,147
DA:92,147
DA:93,147
DA:94,147
DA:95,147
DA:96,147
DA:97,147
DA:98,147
DA:99,147
DA:100,147
DA:101,147
DA:102,147
DA:103,147
DA:104,147
DA:105,147
DA:106,147
DA:107,147
DA:108,147
DA:109,147
DA:110,147
DA:111,147
DA:112,147
DA:113,147
DA:114,147
DA:115,147
DA:116,147
DA:117,147
DA:118,147
DA:119,147
DA:120,147
DA:121,147
DA:122,147
DA:123,147
DA:124,147
DA:125,147
DA:126,147
DA:127,147
DA:128,147
DA:129,147
DA:130,147
DA:131,230
DA:132,230
DA:133,147
DA:134,147
DA:135,15
DA:136,15
DA:137,147
DA:138,147
DA:139,23
DA:140,23
DA:141,23
DA:142,147
DA:143,147
DA:144,51
DA:145,51
DA:146,147
DA:147,147
DA:148,50
DA:149,50
DA:150,50
DA:151,50
DA:152,50
DA:153,50
DA:154,50
DA:155,50
DA:156,50
DA:157,0
DA:158,50
DA:159,147
DA:160,147
DA:161,407
DA:162,407
DA:163,147
DA:164,147
DA:165,14
DA:166,12
DA:167,14
DA:168,147
DA:169,147
DA:170,147
DA:171,147
DA:172,147
DA:173,147
DA:174,147
DA:175,147
DA:176,147
DA:177,147
DA:178,147
DA:179,147
DA:180,147
DA:181,147
DA:182,147
DA:183,147
DA:184,147
DA:185,147
DA:186,147
DA:187,0
DA:188,0
DA:189,147
DA:190,147
DA:191,147
DA:192,147
DA:193,147
DA:194,147
DA:195,147
DA:196,147
DA:197,147
DA:198,147
DA:199,147
DA:200,88
DA:201,88
DA:202,88
DA:203,88
DA:204,88
DA:205,88
DA:206,88
DA:207,88
DA:208,88
DA:209,88
DA:210,88
DA:211,88
DA:212,88
DA:213,88
DA:214,88
DA:215,0
DA:216,88
DA:217,88
DA:218,88
DA:219,88
DA:220,88
DA:221,88
DA:222,88
DA:223,88
DA:224,0
DA:225,0
DA:226,0
DA:227,0
DA:228,88
DA:229,88
DA:230,88
DA:231,88
DA:232,88
DA:233,88
DA:234,88
DA:235,88
DA:236,88
DA:237,88
DA:238,88
DA:239,147
DA:240,147
DA:241,147
DA:242,147
DA:243,87
DA:244,87
DA:245,87
DA:246,87
DA:247,87
DA:248,77
DA:249,77
DA:250,86
DA:251,87
DA:252,86
DA:253,10
DA:254,2
DA:255,2
DA:256,65
DA:257,86
DA:258,87
DA:259,147
DA:260,147
DA:261,0
DA:262,0
DA:263,0
DA:264,0
DA:265,0
DA:266,0
DA:267,0
DA:268,0
DA:269,0
DA:270,0
DA:271,0
DA:272,0
DA:273,0
DA:274,0
DA:275,0
DA:276,0
DA:277,0
DA:278,0
DA:279,0
DA:280,0
DA:281,0
DA:282,0
DA:283,0
DA:284,0
DA:285,0
DA:286,0
DA:287,0
DA:288,0
DA:289,0
DA:290,0
DA:291,0
DA:292,0
DA:293,0
DA:294,0
DA:295,0
DA:296,0
DA:297,0
DA:298,0
DA:299,0
DA:300,0
DA:301,0
DA:302,0
DA:303,0
DA:304,0
DA:305,0
DA:306,0
DA:307,0
DA:308,0
DA:309,0
DA:310,0
DA:311,0
DA:312,0
DA:313,0
DA:314,0
DA:315,0
DA:316,0
DA:317,0
DA:318,0
DA:319,0
DA:320,0
DA:321,0
DA:322,0
DA:323,0
DA:324,0
DA:325,0
DA:326,0
DA:327,0
DA:328,0
DA:329,0
DA:330,0
DA:331,0
DA:332,0
DA:333,0
DA:334,0
DA:335,0
DA:336,0
DA:337,0
DA:338,0
DA:339,0
DA:340,0
DA:341,0
DA:342,0
DA:343,0
DA:344,0
DA:345,0
DA:346,0
DA:347,0
DA:348,0
DA:349,0
DA:350,0
DA:351,0
DA:352,0
DA:353,0
DA:354,0
DA:355,0
DA:356,0
DA:357,0
DA:358,147
DA:359,147
DA:360,0
DA:361,0
DA:362,0
DA:363,0
DA:364,0
DA:365,0
DA:366,0
DA:367,0
DA:368,0
DA:369,0
DA:370,0
DA:371,0
DA:372,0
DA:373,0
DA:374,0
DA:375,0
DA:376,0
DA:377,0
DA:378,0
DA:379,0
DA:380,0
DA:381,0
DA:382,0
DA:383,0
DA:384,0
DA:385,0
DA:386,0
DA:387,0
DA:388,0
DA:389,0
DA:390,0
DA:391,0
DA:392,0
DA:393,0
DA:394,0
DA:395,0
DA:396,0
DA:397,0
DA:398,0
DA:399,0
DA:400,0
DA:401,0
DA:402,0
DA:403,0
DA:404,0
DA:405,0
DA:406,0
DA:407,0
DA:408,0
DA:409,0
DA:410,0
DA:411,0
DA:412,0
DA:413,0
DA:414,0
DA:415,0
DA:416,0
DA:417,0
DA:418,147
DA:419,147
DA:420,30
DA:421,30
DA:422,30
DA:423,30
DA:424,30
DA:425,30
DA:426,30
DA:427,30
DA:428,30
DA:429,30
DA:430,30
DA:431,30
DA:432,1
DA:433,1
DA:434,1
DA:435,1
DA:436,30
DA:437,28
DA:438,28
DA:439,28
DA:440,28
DA:441,28
DA:442,28
DA:443,28
DA:444,28
DA:445,28
DA:446,28
DA:447,30
DA:448,147
DA:449,147
DA:450,5
DA:451,5
DA:452,5
DA:453,5
DA:454,5
DA:455,5
DA:456,147
DA:457,147
DA:458,95
DA:459,0
DA:460,0
DA:461,0
DA:462,0
DA:463,0
DA:464,0
DA:465,0
DA:466,95
DA:467,95
DA:468,95
DA:469,95
DA:470,95
DA:471,95
DA:472,95
DA:473,95
DA:474,0
DA:475,0
DA:476,0
DA:477,95
DA:478,95
DA:479,95
DA:480,95
DA:481,95
DA:482,95
DA:483,95
DA:484,147
DA:485,147
DA:486,16
DA:487,16
DA:488,16
DA:489,16
DA:490,16
DA:491,16
DA:492,16
DA:493,16
DA:494,16
DA:495,16
DA:496,0
DA:497,0
DA:498,0
DA:499,0
DA:500,0
DA:501,0
DA:502,0
DA:503,0
DA:504,0
DA:505,0
DA:506,0
DA:507,0
DA:508,0
DA:509,0
DA:510,0
DA:511,16
DA:512,16
DA:513,147
DA:514,147
DA:515,214
DA:516,214
DA:517,147
DA:518,147
DA:519,0
DA:520,0
DA:521,0
DA:522,0
DA:523,0
DA:524,0
DA:525,0
DA:526,0
DA:527,0
DA:528,0
DA:529,0
DA:530,0
DA:531,0
DA:532,0
DA:533,0
DA:534,0
DA:535,0
DA:536,0
DA:537,0
DA:538,0
DA:539,0
DA:540,0
DA:541,0
DA:542,0
DA:543,0
DA:544,0
DA:545,0
DA:546,0
DA:547,0
DA:548,0
DA:549,0
DA:550,0
DA:551,0
DA:552,0
DA:553,0
DA:554,0
DA:555,0
DA:556,0
DA:557,0
DA:558,0
DA:559,0
DA:560,0
DA:561,0
DA:562,0
DA:563,0
DA:564,0
DA:565,0
DA:566,0
DA:567,0
DA:568,0
DA:569,0
DA:570,0
DA:571,0
DA:572,0
DA:573,0
DA:574,0
DA:575,0
DA:576,0
DA:577,0
DA:578,0
DA:579,0
DA:580,0
DA:581,0
DA:582,0
DA:583,0
DA:584,0
DA:585,0
DA:586,0
DA:587,0
DA:588,0
DA:589,0
DA:590,0
DA:591,0
DA:592,0
DA:593,0
DA:594,0
DA:595,0
DA:596,0
DA:597,0
DA:598,0
DA:599,0
DA:600,0
DA:601,0
DA:602,0
DA:603,0
DA:604,0
DA:605,0
DA:606,0
DA:607,0
DA:608,0
DA:609,0
DA:610,0
DA:611,0
DA:612,147
DA:613,147
DA:614,0
DA:615,0
DA:616,0
DA:617,0
DA:618,0
DA:619,0
DA:620,0
DA:621,0
DA:622,0
DA:623,0
DA:624,0
DA:625,147
DA:626,147
DA:627,1
DA:628,1
DA:629,1
DA:630,0
DA:631,1
DA:632,1
DA:633,147
DA:634,147
DA:635,1
DA:636,1
DA:637,1
DA:638,147
DA:639,147
DA:640,1
DA:641,1
DA:642,1
DA:643,1
DA:644,1
DA:645,1
DA:646,1
DA:647,1
DA:648,1
DA:649,1
DA:650,1
DA:651,1
DA:652,1
DA:653,1
DA:654,147
DA:655,147
DA:656,147
DA:657,0
DA:658,0
DA:659,0
DA:660,0
DA:661,0
DA:662,0
DA:663,0
DA:664,147
DA:665,147
DA:666,0
DA:667,0
DA:668,0
DA:669,0
DA:670,0
DA:671,0
DA:672,0
DA:673,0
DA:674,0
DA:675,0
DA:676,147
DA:677,147
DA:678,147
DA:679,147
DA:680,0
DA:681,0
DA:682,0
DA:683,0
DA:684,0
DA:685,0
DA:686,0
DA:687,0
DA:688,0
DA:689,0
DA:690,0
DA:691,0
DA:692,0
DA:693,0
DA:694,0
DA:695,0
DA:696,0
DA:697,0
DA:698,147
DA:699,147
DA:700,0
DA:701,0
DA:702,0
DA:703,0
DA:704,0
DA:705,0
DA:706,0
DA:707,0
DA:708,0
DA:709,0
DA:710,0
DA:711,0
DA:712,0
DA:713,0
DA:714,0
DA:715,0
DA:716,0
DA:717,0
DA:718,147
DA:719,147
DA:720,0
DA:721,0
DA:722,0
DA:723,0
DA:724,0
DA:725,0
DA:726,0
DA:727,0
DA:728,0
DA:729,0
DA:730,0
DA:731,0
DA:732,147
DA:733,147
DA:734,0
DA:735,0
DA:736,0
DA:737,0
DA:738,0
DA:739,0
DA:740,0
DA:741,0
DA:742,0
DA:743,147
DA:744,147
DA:745,147
DA:746,2
DA:747,2
DA:748,147
DA:749,147
DA:750,0
DA:751,0
DA:752,0
DA:753,0
DA:754,147
DA:755,147
DA:756,2
DA:757,2
DA:758,2
DA:759,2
DA:760,2
DA:761,2
DA:762,2
DA:763,2
DA:764,147
DA:765,147
DA:766,25
DA:767,25
DA:768,147
DA:769,147
DA:770,1
DA:771,1
DA:772,0
DA:773,0
DA:774,0
DA:775,0
DA:776,0
DA:777,0
DA:778,0
DA:779,0
DA:780,0
DA:781,1
DA:782,1
DA:783,1
DA:784,1
DA:785,1
DA:786,1
DA:787,1
DA:788,1
DA:789,1
DA:790,1
DA:791,1
DA:792,1
DA:793,1
DA:794,147
DA:795,147
DA:796,1
DA:797,1
DA:798,1
DA:799,1
DA:800,1
DA:801,1
DA:802,1
DA:803,1
DA:804,1
DA:805,1
DA:806,1
DA:807,1
DA:808,1
DA:809,1
DA:810,1
DA:811,1
DA:812,1
DA:813,1
DA:814,1
DA:815,1
DA:816,1
DA:817,1
DA:818,1
DA:819,1
DA:820,1
DA:821,0
DA:822,0
DA:823,0
DA:824,0
DA:825,0
DA:826,0
DA:827,0
DA:828,0
DA:829,0
DA:830,0
DA:831,0
DA:832,1
DA:833,1
DA:834,1
DA:835,0
DA:836,0
DA:837,0
DA:838,1
DA:839,1
DA:840,1
DA:841,0
DA:842,0
DA:843,0
DA:844,1
DA:845,1
DA:846,1
DA:847,0
DA:848,0
DA:849,0
DA:850,1
DA:851,1
DA:852,1
DA:853,1
DA:854,0
DA:855,0
DA:856,1
DA:857,1
DA:858,1
DA:859,1
DA:860,1
DA:861,1
DA:862,1
DA:863,1
DA:864,1
DA:865,1
DA:866,1
DA:867,1
DA:868,1
DA:869,1
DA:870,1
DA:871,1
DA:872,1
DA:873,1
DA:874,1
DA:875,1
DA:876,1
DA:877,1
DA:878,1
DA:879,1
DA:880,1
DA:881,1
DA:882,1
DA:883,1
DA:884,1
DA:885,1
DA:886,1
DA:887,1
DA:888,1
DA:889,1
DA:890,1
DA:891,1
DA:892,1
DA:893,1
DA:894,1
DA:895,1
DA:896,1
DA:897,1
DA:898,0
DA:899,0
DA:900,0
DA:901,1
DA:902,1
DA:903,1
DA:904,0
DA:905,0
DA:906,0
DA:907,1
DA:908,1
DA:909,1
DA:910,1
DA:911,1
DA:912,1
DA:913,1
DA:914,1
DA:915,1
DA:916,1
DA:917,1
DA:918,1
DA:919,1
DA:920,1
DA:921,1
DA:922,1
DA:923,1
DA:924,147
DA:925,147
DA:926,147
DA:927,0
DA:928,0
DA:929,0
DA:930,147
DA:931,147
DA:932,0
DA:933,0
DA:934,0
DA:935,0
DA:936,0
DA:937,0
DA:938,0
DA:939,0
DA:940,147
DA:941,147
DA:942,0
DA:943,0
DA:944,0
DA:945,0
DA:946,0
DA:947,0
DA:948,0
DA:949,147
DA:950,1
DA:951,1
DA:952,147
DA:953,147
DA:954,147
DA:955,147
DA:956,147
DA:957,147
DA:958,147
DA:959,147
DA:960,147
DA:961,147
DA:962,147
DA:963,147
DA:964,147
DA:965,147
DA:966,147
DA:967,147
DA:968,147
DA:969,147
DA:970,147
DA:971,147
DA:972,147
DA:973,147
DA:974,147
DA:975,147
DA:976,147
DA:977,147
DA:978,147
DA:979,147
DA:980,1
DA:981,1
DA:982,1
DA:983,1
DA:984,1
DA:985,1
DA:986,0
DA:987,0
DA:988,1
DA:989,1
DA:990,58
DA:991,58
DA:992,58
DA:993,30
DA:994,30
DA:995,58
DA:996,30
DA:997,30
DA:998,29
DA:999,30
DA:1000,4
DA:1001,4
DA:1002,4
DA:1003,29
DA:1004,29
DA:1005,6
DA:1006,6
DA:1007,6
DA:1008,29
DA:1009,30
DA:1010,29
DA:1011,7
DA:1012,7
DA:1013,7
DA:1014,7
DA:1015,0
DA:1016,0
DA:1017,0
DA:1018,7
DA:1019,29
DA:1020,30
DA:1021,12
DA:1022,12
DA:1023,12
DA:1024,12
DA:1025,12
DA:1026,12
DA:1027,12
DA:1028,12
DA:1029,12
DA:1030,12
DA:1031,12
DA:1032,12
DA:1033,12
DA:1034,12
DA:1035,30
DA:1036,57
DA:1037,58
DA:1038,0
DA:1039,0
DA:1040,0
DA:1041,0
DA:1042,0
DA:1043,0
DA:1044,0
DA:1045,0
DA:1046,0
DA:1047,57
DA:1048,57
DA:1049,58
DA:1050,1
DA:1051,1
DA:1052,111
DA:1053,111
DA:1054,1
DA:1055,1
DA:1056,14
DA:1057,14
DA:1058,1
DA:1059,1
DA:1060,0
DA:1061,0
DA:1062,0
DA:1063,0
DA:1064,0
DA:1065,0
DA:1066,0
DA:1067,0
DA:1068,0
DA:1069,0
DA:1070,0
DA:1071,0
DA:1072,0
DA:1073,0
DA:1074,0
DA:1075,0
DA:1076,0
DA:1077,0
DA:1078,1
DA:1079,1
DA:1080,16
DA:1081,16
DA:1082,0
DA:1083,16
DA:1084,1
DA:1085,1
DA:1086,0
DA:1087,0
DA:1088,0
DA:1089,0
DA:1090,0
DA:1091,0
DA:1092,0
DA:1093,0
DA:1094,0
DA:1095,0
DA:1096,0
DA:1097,0
DA:1098,0
DA:1099,0
DA:1100,0
DA:1101,0
DA:1102,0
DA:1103,0
DA:1104,0
DA:1105,0
DA:1106,0
DA:1107,0
DA:1108,1
DA:1109,1
DA:1110,50
DA:1111,50
DA:1112,50
DA:1113,50
DA:1114,50
DA:1115,50
DA:1116,1
DA:1117,1
DA:1118,16
DA:1119,16
DA:1120,16
DA:1121,16
DA:1122,16
DA:1123,0
DA:1124,0
DA:1125,0
DA:1126,16
DA:1127,16
DA:1128,1
DA:1129,1
DA:1130,24
DA:1131,24
DA:1132,24
DA:1133,24
DA:1134,24
DA:1135,16
DA:1136,16
DA:1137,16
DA:1138,16
DA:1139,16
DA:1140,16
DA:1141,0
DA:1142,0
DA:1143,16
DA:1144,16
DA:1145,16
DA:1146,0
DA:1147,0
DA:1148,0
DA:1149,0
DA:1150,0
DA:1151,0
DA:1152,16
DA:1153,16
DA:1154,16
DA:1155,24
DA:1156,24
DA:1157,24
DA:1158,24
DA:1159,8
DA:1160,8
DA:1161,8
DA:1162,16
DA:1163,16
DA:1164,16
DA:1165,16
DA:1166,16
DA:1167,24
DA:1168,1
DA:1169,1
DA:1170,0
DA:1171,0
DA:1172,0
DA:1173,0
DA:1174,0
DA:1175,0
DA:1176,0
DA:1177,0
DA:1178,0
DA:1179,0
DA:1180,0
DA:1181,0
DA:1182,0
DA:1183,0
DA:1184,0
DA:1185,0
DA:1186,0
DA:1187,0
DA:1188,0
DA:1189,0
DA:1190,0
DA:1191,0
DA:1192,0
DA:1193,0
DA:1194,0
DA:1195,0
DA:1196,0
DA:1197,0
DA:1198,0
DA:1199,0
DA:1200,0
DA:1201,0
DA:1202,0
DA:1203,0
DA:1204,0
DA:1205,0
DA:1206,0
DA:1207,0
DA:1208,0
DA:1209,0
DA:1210,1
DA:1211,1
DA:1212,1
DA:1213,1
DA:1214,1
DA:1215,1
DA:1216,0
DA:1217,0
DA:1218,0
DA:1219,0
DA:1220,0
DA:1221,0
DA:1222,1
DA:1223,1
DA:1224,1
DA:1225,44
DA:1226,44
DA:1227,44
DA:1228,44
DA:1229,44
DA:1230,44
DA:1231,44
DA:1232,8
DA:1233,8
DA:1234,8
DA:1235,36
DA:1236,36
DA:1237,36
DA:1238,36
DA:1239,36
DA:1240,36
DA:1241,36
DA:1242,0
DA:1243,0
DA:1244,0
DA:1245,0
DA:1246,44
DA:1247,1
DA:1248,1
DA:1249,1
DA:1250,1
DA:1251,0
DA:1252,0
DA:1253,0
DA:1254,0
DA:1255,1
DA:1256,1
DA:1257,1
DA:1258,1
DA:1259,1
DA:1260,1
DA:1261,1
DA:1262,1
DA:1263,1
DA:1264,1
DA:1265,1
DA:1266,1
DA:1267,0
DA:1268,0
DA:1269,1
DA:1270,0
DA:1271,0
DA:1272,0
DA:1273,0
DA:1274,0
DA:1275,0
DA:1276,0
DA:1277,0
DA:1278,0
DA:1279,0
DA:1280,1
DA:1281,1
DA:1282,1
DA:1283,44
DA:1284,8
DA:1285,8
DA:1286,44
DA:1287,26
DA:1288,26
DA:1289,26
DA:1290,26
DA:1291,26
DA:1292,2
DA:1293,2
DA:1294,1
DA:1295,1
DA:1296,1
DA:1297,1
DA:1298,1
DA:1299,1
DA:1300,1
DA:1301,1
DA:1302,1
DA:1303,2
DA:1304,26
DA:1305,44
DA:1306,1
DA:1307,1
DA:1308,44
DA:1309,44
DA:1310,1
DA:1311,1
DA:1312,8
DA:1313,8
DA:1314,8
DA:1315,8
DA:1316,8
DA:1317,8
DA:1318,8
DA:1319,0
DA:1320,0
DA:1321,0
DA:1322,0
DA:1323,0
DA:1324,0
DA:1325,0
DA:1326,8
DA:1327,8
DA:1328,8
DA:1329,1
DA:1330,1
DA:1331,8
DA:1332,2
DA:1333,2
DA:1334,8
DA:1335,1
DA:1336,1
DA:1337,8
DA:1338,1
DA:1339,1
DA:1340,8
DA:1341,1
DA:1342,1
DA:1343,8
DA:1344,0
DA:1345,0
DA:1346,8
DA:1347,0
DA:1348,0
DA:1349,8
DA:1350,0
DA:1351,0
DA:1352,8
DA:1353,0
DA:1354,0
DA:1355,8
DA:1356,0
DA:1357,0
DA:1358,8
DA:1359,0
DA:1360,0
DA:1361,8
DA:1362,0
DA:1363,0
DA:1364,8
DA:1365,2
DA:1366,2
DA:1367,2
DA:1368,2
DA:1369,2
DA:1370,2
DA:1371,2
DA:1372,8
DA:1373,6
DA:1374,8
DA:1375,1
DA:1376,1
DA:1377,0
DA:1378,0
DA:1379,0
DA:1380,0
DA:1381,0
DA:1382,0
DA:1383,0
DA:1384,1
DA:1385,1
DA:1386,3
DA:1387,3
DA:1388,1
DA:1389,1
DA:1390,1
DA:1391,1
DA:1392,1
DA:1393,1
DA:1394,1
DA:1395,1
DA:1396,0
DA:1397,0
DA:1398,0
DA:1399,0
DA:1400,0
DA:1401,0
DA:1402,1
DA:1403,1
DA:1404,1
DA:1405,1
DA:1406,1
DA:1407,0
DA:1408,0
DA:1409,0
DA:1410,0
DA:1411,0
DA:1412,0
DA:1413,1
DA:1414,1
DA:1415,1
DA:1416,1
DA:1417,1
DA:1418,1
DA:1419,2
DA:1420,2
DA:1421,2
DA:1422,2
DA:1423,1
DA:1424,1
DA:1425,1
DA:1426,1
DA:1427,1
DA:1428,1
DA:1429,1
DA:1430,1
DA:1431,1
DA:1432,2
DA:1433,2
DA:1434,1
DA:1435,1
DA:1436,1
DA:1437,1
DA:1438,1
DA:1439,1
DA:1440,1
DA:1441,1
DA:1442,1
DA:1443,1
DA:1444,1
DA:1445,1
DA:1446,1
DA:1447,1
DA:1448,0
DA:1449,2
DA:1450,0
DA:1451,0
DA:1452,0
DA:1453,0
DA:1454,0
DA:1455,0
DA:1456,0
DA:1457,0
DA:1458,0
DA:1459,0
DA:1460,0
DA:1461,0
DA:1462,2
DA:1463,0
DA:1464,0
DA:1465,0
DA:1466,2
DA:1467,1
DA:1468,1
DA:1469,1
DA:1470,1
DA:1471,1
DA:1472,1
DA:1473,1
DA:1474,1
DA:1475,1
DA:1476,1
DA:1477,1
DA:1478,0
DA:1479,0
DA:1480,0
DA:1481,0
DA:1482,0
DA:1483,0
DA:1484,0
DA:1485,0
DA:1486,1
DA:1487,1
DA:1488,1
DA:1489,1
DA:1490,0
DA:1491,0
DA:1492,0
DA:1493,0
DA:1494,0
DA:1495,0
DA:1496,0
DA:1497,0
DA:1498,0
DA:1499,0
DA:1500,0
DA:1501,0
DA:1502,0
DA:1503,0
DA:1504,0
DA:1505,0
DA:1506,0
DA:1507,1
DA:1508,0
DA:1509,0
DA:1510,0
DA:1511,1
DA:1512,1
DA:1513,1
DA:1514,1
DA:1515,1
DA:1516,1
DA:1517,1
DA:1518,1
DA:1519,1
DA:1520,1
DA:1521,1
DA:1522,1
DA:1523,0
DA:1524,0
DA:1525,0
DA:1526,0
DA:1527,0
DA:1528,0
DA:1529,0
DA:1530,0
DA:1531,1
DA:1532,1
DA:1533,1
DA:1534,1
DA:1535,1
DA:1536,1
DA:1537,1
DA:1538,1
DA:1539,1
DA:1540,1
DA:1541,1
DA:1542,1
DA:1543,0
DA:1544,0
DA:1545,0
DA:1546,1
DA:1547,1
DA:1548,0
DA:1549,0
DA:1550,0
DA:1551,1
DA:1552,1
DA:1553,0
DA:1554,0
DA:1555,0
DA:1556,1
DA:1557,1
DA:1558,0
DA:1559,0
DA:1560,0
DA:1561,1
DA:1562,1
DA:1563,3
DA:1564,3
DA:1565,2
DA:1566,2
DA:1567,3
DA:1568,1
DA:1569,1
DA:1570,3
DA:1571,3
DA:1572,2
DA:1573,3
DA:1574,2
DA:1575,2
DA:1576,3
DA:1577,2
DA:1578,2
DA:1579,2
DA:1580,2
DA:1581,2
DA:1582,2
DA:1583,2
DA:1584,2
DA:1585,2
DA:1586,2
DA:1587,2
DA:1588,2
DA:1589,2
DA:1590,2
DA:1591,2
DA:1592,2
DA:1593,2
DA:1594,2
DA:1595,2
DA:1596,2
DA:1597,2
DA:1598,2
DA:1599,3
DA:1600,1
DA:1601,1
DA:1602,3
DA:1603,3
DA:1604,2
DA:1605,2
DA:1606,2
DA:1607,2
DA:1608,2
DA:1609,2
DA:1610,2
DA:1611,2
DA:1612,2
DA:1613,2
DA:1614,2
DA:1615,2
DA:1616,2
DA:1617,3
DA:1618,1
DA:1619,1
DA:1620,0
DA:1621,0
DA:1622,0
DA:1623,0
DA:1624,0
DA:1625,0
DA:1626,0
DA:1627,0
DA:1628,0
DA:1629,0
DA:1630,0
DA:1631,0
DA:1632,0
DA:1633,0
DA:1634,0
DA:1635,0
DA:1636,0
DA:1637,0
DA:1638,0
DA:1639,0
DA:1640,0
DA:1641,0
DA:1642,0
DA:1643,0
DA:1644,0
DA:1645,0
DA:1646,0
DA:1647,0
DA:1648,0
DA:1649,0
DA:1650,0
DA:1651,0
DA:1652,0
DA:1653,0
DA:1654,0
DA:1655,0
DA:1656,0
DA:1657,0
DA:1658,0
DA:1659,0
DA:1660,0
DA:1661,0
DA:1662,0
DA:1663,0
DA:1664,0
DA:1665,0
DA:1666,0
DA:1667,0
DA:1668,0
DA:1669,0
DA:1670,0
DA:1671,0
DA:1672,0
DA:1673,0
DA:1674,0
DA:1675,0
DA:1676,0
DA:1677,0
DA:1678,0
DA:1679,0
DA:1680,0
DA:1681,0
DA:1682,0
DA:1683,0
DA:1684,0
DA:1685,0
DA:1686,0
DA:1687,0
DA:1688,0
DA:1689,0
DA:1690,0
DA:1691,0
DA:1692,0
DA:1693,0
DA:1694,0
DA:1695,0
DA:1696,0
DA:1697,0
DA:1698,0
DA:1699,0
DA:1700,0
DA:1701,0
DA:1702,0
DA:1703,0
DA:1704,0
DA:1705,0
DA:1706,0
DA:1707,0
DA:1708,0
DA:1709,0
DA:1710,0
DA:1711,0
DA:1712,0
DA:1713,0
DA:1714,0
DA:1715,0
DA:1716,1
DA:1717,1
DA:1718,0
DA:1719,0
DA:1720,0
DA:1721,0
DA:1722,0
DA:1723,0
DA:1724,0
DA:1725,0
DA:1726,0
DA:1727,0
DA:1728,0
DA:1729,0
DA:1730,0
DA:1731,0
DA:1732,0
DA:1733,0
DA:1734,1
DA:1735,1
DA:1736,0
DA:1737,0
DA:1738,0
DA:1739,0
DA:1740,0
DA:1741,0
DA:1742,0
DA:1743,0
DA:1744,0
DA:1745,0
DA:1746,0
DA:1747,0
DA:1748,0
DA:1749,0
DA:1750,0
DA:1751,0
DA:1752,1
DA:1753,1
DA:1754,0
DA:1755,0
DA:1756,0
DA:1757,0
DA:1758,0
DA:1759,0
DA:1760,0
DA:1761,0
DA:1762,0
DA:1763,0
DA:1764,0
DA:1765,0
DA:1766,0
DA:1767,0
DA:1768,0
DA:1769,0
DA:1770,1
LF:1770
LH:964
BRDA:66,0,0,147
BRDA:73,1,0,14
BRDA:130,2,0,230
BRDA:134,3,0,15
BRDA:138,4,0,23
BRDA:139,5,0,0
BRDA:143,6,0,51
BRDA:147,7,0,50
BRDA:156,8,0,0
BRDA:160,9,0,407
BRDA:161,10,0,304
BRDA:164,11,0,14
BRDA:165,12,0,2
BRDA:165,13,0,12
BRDA:166,14,0,0
BRDA:169,15,0,147
BRDA:181,16,0,15
BRDA:181,17,0,132
BRDA:182,18,0,15
BRDA:186,19,0,9
BRDA:186,20,0,0
BRDA:186,21,0,0
BRDA:190,22,0,138
BRDA:194,23,0,0
BRDA:194,24,0,0
BRDA:199,25,0,88
BRDA:207,26,0,0
BRDA:214,27,0,0
BRDA:218,28,0,57
BRDA:223,29,0,0
BRDA:223,30,0,0
BRDA:242,31,0,87
BRDA:243,32,0,0
BRDA:247,33,0,10
BRDA:247,34,0,86
BRDA:247,35,0,77
BRDA:249,36,0,0
BRDA:249,37,0,77
BRDA:250,38,0,11
BRDA:251,39,0,86
BRDA:251,40,0,2
BRDA:251,41,0,75
BRDA:252,42,0,10
BRDA:253,43,0,2
BRDA:255,44,0,65
BRDA:257,45,0,1
BRDA:257,46,0,64
BRDA:419,47,0,30
BRDA:420,48,0,0
BRDA:436,49,0,28
BRDA:424,50,0,30
BRDA:431,51,0,1
BRDA:433,52,0,0
BRDA:449,53,0,5
BRDA:450,54,0,0
BRDA:452,55,0,5
BRDA:457,56,0,95
BRDA:458,57,0,0
BRDA:473,58,0,0
BRDA:478,59,0,0
BRDA:485,60,0,16
BRDA:486,61,0,0
BRDA:514,62,0,214
BRDA:515,63,0,0
BRDA:626,64,0,1
BRDA:627,65,0,0
BRDA:629,66,0,0
BRDA:634,67,0,1
BRDA:635,68,0,0
BRDA:639,69,0,1
BRDA:640,70,0,0
BRDA:645,71,0,0
BRDA:646,72,0,0
BRDA:648,73,0,1
BRDA:745,74,0,2
BRDA:755,75,0,2
BRDA:758,76,0,2
BRDA:765,77,0,25
BRDA:769,78,0,1
BRDA:771,79,0,0
BRDA:786,80,0,0
BRDA:795,81,0,1
BRDA:801,82,0,0
BRDA:808,83,0,0
BRDA:815,84,0,0
BRDA:820,85,0,0
BRDA:834,86,0,0
BRDA:840,87,0,0
BRDA:846,88,0,0
BRDA:853,89,0,0
BRDA:860,90,0,0
BRDA:860,91,0,0
BRDA:864,92,0,0
BRDA:866,93,0,0
BRDA:868,94,0,0
BRDA:869,95,0,0
BRDA:870,96,0,0
BRDA:871,97,0,0
BRDA:872,98,0,0
BRDA:873,99,0,0
BRDA:874,100,0,0
BRDA:885,101,0,0
BRDA:886,102,0,0
BRDA:888,103,0,0
BRDA:897,104,0,0
BRDA:903,105,0,0
BRDA:910,106,0,0
BRDA:951,107,0,147
BRDA:952,108,0,0
BRDA:953,109,0,0
BRDA:954,110,0,0
BRDA:956,111,0,0
BRDA:958,112,0,0
BRDA:960,113,0,0
BRDA:962,114,0,0
BRDA:964,115,0,0
BRDA:966,116,0,0
BRDA:968,117,0,0
BRDA:970,118,0,0
BRDA:972,119,0,0
BRDA:974,120,0,0
BRDA:976,121,0,0
BRDA:977,122,0,0
BRDA:978,123,0,0
BRDA:981,124,0,1
BRDA:989,125,0,58
BRDA:992,126,0,30
BRDA:993,127,0,30
BRDA:995,128,0,30
BRDA:997,129,0,29
BRDA:997,130,0,1
BRDA:999,131,0,4
BRDA:1002,132,0,29
BRDA:1004,133,0,6
BRDA:1009,134,0,1
BRDA:1009,135,0,29
BRDA:1010,136,0,7
BRDA:1014,137,0,0
BRDA:1020,138,0,12
BRDA:1023,139,0,2
BRDA:1024,140,0,0
BRDA:1025,141,0,0
BRDA:1026,142,0,0
BRDA:1027,143,0,0
BRDA:1028,144,0,0
BRDA:1029,145,0,1
BRDA:1030,146,0,3
BRDA:1031,147,0,0
BRDA:1032,148,0,2
BRDA:1035,149,0,57
BRDA:1037,150,0,28
BRDA:1037,151,0,5
BRDA:1037,152,0,0
BRDA:1046,153,0,57
BRDA:1051,154,0,111
BRDA:1052,155,0,0
BRDA:1055,156,0,14
BRDA:1079,157,0,16
BRDA:1080,158,0,0
BRDA:1081,159,0,0
BRDA:1109,160,0,50
BRDA:1117,161,0,16
BRDA:1119,162,0,0
BRDA:1122,163,0,0
BRDA:1129,164,0,24
BRDA:1134,165,0,16
BRDA:1137,166,0,0
BRDA:1152,167,0,0
BRDA:1158,168,0,8
BRDA:1158,169,0,8
BRDA:1161,170,0,16
BRDA:1156,171,0,8
BRDA:1211,172,0,1
BRDA:1212,173,0,0
BRDA:1215,174,0,0
BRDA:1224,175,0,44
BRDA:1225,176,0,0
BRDA:1226,177,0,0
BRDA:1231,178,0,36
BRDA:1231,179,0,8
BRDA:1236,180,0,0
BRDA:1241,181,0,0
BRDA:1246,182,0,1
BRDA:1250,183,0,0
BRDA:1259,184,0,0
BRDA:1261,185,0,0
BRDA:1266,186,0,0
BRDA:1269,187,0,0
BRDA:1283,188,0,8
BRDA:1286,189,0,26
BRDA:1291,190,0,2
BRDA:1293,191,0,1
BRDA:1305,192,0,1
BRDA:1311,193,0,8
BRDA:1312,194,0,0
BRDA:1315,195,0,0
BRDA:1318,196,0,0
BRDA:1318,197,0,0
BRDA:1328,198,0,1
BRDA:1331,199,0,2
BRDA:1334,200,0,1
BRDA:1337,201,0,1
BRDA:1340,202,0,1
BRDA:1343,203,0,0
BRDA:1346,204,0,0
BRDA:1349,205,0,0
BRDA:1352,206,0,0
BRDA:1355,207,0,0
BRDA:1358,208,0,0
BRDA:1361,209,0,0
BRDA:1364,210,0,2
BRDA:1372,211,0,6
BRDA:1385,212,0,3
BRDA:1386,213,0,0
BRDA:1389,214,0,1
BRDA:1395,215,0,0
BRDA:1395,216,0,0
BRDA:1406,217,0,0
BRDA:1418,218,0,2
BRDA:1419,219,0,0
BRDA:1420,220,0,0
BRDA:1422,221,0,1
BRDA:1432,222,0,0
BRDA:1433,223,0,0
BRDA:1433,224,0,1
BRDA:1436,225,0,0
BRDA:1439,226,0,0
BRDA:1447,227,0,0
BRDA:1449,228,0,0
BRDA:1462,229,0,0
BRDA:1468,230,0,1
BRDA:1477,231,0,0
BRDA:1489,232,0,0
BRDA:1489,233,0,0
BRDA:1507,234,0,0
BRDA:1513,235,0,1
BRDA:1522,236,0,0
BRDA:1537,237,0,1
BRDA:1562,238,0,3
BRDA:1564,239,0,2
BRDA:1564,240,0,1
BRDA:1563,241,0,2
BRDA:1569,242,0,3
BRDA:1571,243,0,2
BRDA:1571,244,0,1
BRDA:1573,245,0,0
BRDA:1573,246,0,2
BRDA:1576,247,0,0
BRDA:1576,248,0,2
BRDA:1570,249,0,2
BRDA:1575,250,0,2
BRDA:1578,251,0,2
BRDA:1584,252,0,2
BRDA:1589,253,0,2
BRDA:1594,254,0,2
BRDA:1601,255,0,3
BRDA:1603,256,0,2
BRDA:1603,257,0,1
BRDA:1602,258,0,2
BRDA:1605,259,0,2
BRF:260
BRH:133
end_of_record
TN:
SF:src/node/NodeLink.ts
FN:30,<instance_members_initializer>
FN:32,NodeLinkNode
FN:41,setNextTrackGapLess
FN:53,removeNextTrackGapLess
FN:63,getMeaning
FN:72,addMixerLayer
FN:87,listMixerLayers
FN:94,updateMixerLayerVolume
FN:105,removeMixerLayer
FN:114,echo
FN:121,chorus
FN:128,compressor
FN:135,highPass
FN:142,phaser
FN:149,spatial
FN:156,resetNodeLinkFilters
FN:169,nodeLinkLyrics
FN:178,getChapters
FN:187,getConnectionMetrics
FN:193,getDirectStream
FN:199,loadDirectStream
FN:210,changeAudioTrackLanguage
FN:230,updateYoutubeConfig
FN:247,getYoutubeConfig
FN:262,getYoutubeOAUTH
FN:270,updateYoutubeOAUTH
FNF:26
FNH:26
FNDA:9,<instance_members_initializer>
FNDA:9,NodeLinkNode
FNDA:1,setNextTrackGapLess
FNDA:1,removeNextTrackGapLess
FNDA:1,getMeaning
FNDA:1,addMixerLayer
FNDA:1,listMixerLayers
FNDA:1,updateMixerLayerVolume
FNDA:1,removeMixerLayer
FNDA:1,echo
FNDA:1,chorus
FNDA:1,compressor
FNDA:1,highPass
FNDA:1,phaser
FNDA:1,spatial
FNDA:1,resetNodeLinkFilters
FNDA:1,nodeLinkLyrics
FNDA:1,getChapters
FNDA:1,getConnectionMetrics
FNDA:1,getDirectStream
FNDA:1,loadDirectStream
FNDA:1,changeAudioTrackLanguage
FNDA:1,updateYoutubeConfig
FNDA:1,getYoutubeConfig
FNDA:1,getYoutubeOAUTH
FNDA:1,updateYoutubeOAUTH
DA:1,1
DA:2,1
DA:3,1
DA:4,1
DA:5,1
DA:6,1
DA:7,1
DA:8,1
DA:9,1
DA:10,1
DA:11,1
DA:12,1
DA:13,1
DA:14,1
DA:15,1
DA:16,1
DA:17,1
DA:18,1
DA:19,1
DA:20,1
DA:21,1
DA:22,1
DA:23,1
DA:24,1
DA:25,1
DA:26,1
DA:27,1
DA:28,1
DA:29,1
DA:30,1
DA:31,9
DA:32,9
DA:33,9
DA:34,9
DA:35,9
DA:36,0
DA:37,0
DA:38,9
DA:39,9
DA:40,9
DA:41,9
DA:42,1
DA:43,1
DA:44,1
DA:45,1
DA:46,1
DA:47,1
DA:48,1
DA:49,1
DA:50,1
DA:51,1
DA:52,9
DA:53,9
DA:54,1
DA:55,1
DA:56,1
DA:57,1
DA:58,1
DA:59,1
DA:60,1
DA:61,1
DA:62,9
DA:63,9
DA:64,1
DA:65,1
DA:66,1
DA:67,1
DA:68,1
DA:69,1
DA:70,1
DA:71,9
DA:72,9
DA:73,1
DA:74,1
DA:75,1
DA:76,1
DA:77,1
DA:78,1
DA:79,1
DA:80,1
DA:81,1
DA:82,1
DA:83,1
DA:84,1
DA:85,1
DA:86,9
DA:87,9
DA:88,1
DA:89,1
DA:90,1
DA:91,1
DA:92,1
DA:93,9
DA:94,9
DA:95,1
DA:96,1
DA:97,1
DA:98,1
DA:99,1
DA:100,1
DA:101,1
DA:102,1
DA:103,1
DA:104,9
DA:105,9
DA:106,1
DA:107,1
DA:108,1
DA:109,1
DA:110,1
DA:111,1
DA:112,9
DA:113,9
DA:114,9
DA:115,1
DA:116,1
DA:117,1
DA:118,1
DA:119,1
DA:120,9
DA:121,9
DA:122,1
DA:123,1
DA:124,1
DA:125,1
DA:126,1
DA:127,9
DA:128,9
DA:129,1
DA:130,1
DA:131,1
DA:132,1
DA:133,1
DA:134,9
DA:135,9
DA:136,1
DA:137,1
DA:138,1
DA:139,1
DA:140,1
DA:141,9
DA:142,9
DA:143,1
DA:144,1
DA:145,1
DA:146,1
DA:147,1
DA:148,9
DA:149,9
DA:150,1
DA:151,1
DA:152,1
DA:153,1
DA:154,1
DA:155,9
DA:156,9
DA:157,1
DA:158,1
DA:159,1
DA:160,1
DA:161,1
DA:162,1
DA:163,1
DA:164,1
DA:165,1
DA:166,1
DA:167,9
DA:168,1
DA:169,1
DA:170,1
DA:171,1
DA:172,1
DA:173,1
DA:174,1
DA:175,1
DA:176,1
DA:177,1
DA:178,1
DA:179,1
DA:180,1
DA:181,1
DA:182,1
DA:183,1
DA:184,1
DA:185,1
DA:186,1
DA:187,1
DA:188,1
DA:189,1
DA:190,1
DA:191,1
DA:192,1
DA:193,1
DA:194,1
DA:195,1
DA:196,1
DA:197,1
DA:198,1
DA:199,1
DA:200,1
DA:201,1
DA:202,1
DA:203,1
DA:204,1
DA:205,1
DA:206,1
DA:207,1
DA:208,1
DA:209,1
DA:210,1
DA:211,1
DA:212,1
DA:213,1
DA:214,1
DA:215,1
DA:216,1
DA:217,1
DA:218,1
DA:219,1
DA:220,1
DA:221,1
DA:222,1
DA:223,1
DA:224,1
DA:225,1
DA:226,1
DA:227,1
DA:228,1
DA:229,1
DA:230,1
DA:231,1
DA:232,1
DA:233,1
DA:234,1
DA:235,1
DA:236,1
DA:237,1
DA:238,1
DA:239,1
DA:240,1
DA:241,1
DA:242,1
DA:243,1
DA:244,1
DA:245,1
DA:246,1
DA:247,1
DA:248,1
DA:249,1
DA:250,1
DA:251,1
DA:252,1
DA:253,1
DA:254,1
DA:255,1
DA:256,1
DA:257,1
DA:258,1
DA:259,1
DA:260,1
DA:261,1
DA:262,1
DA:263,1
DA:264,1
DA:265,1
DA:266,1
DA:267,1
DA:268,1
DA:269,1
DA:270,1
DA:271,1
DA:272,1
DA:273,1
DA:274,1
DA:275,1
DA:276,1
DA:277,1
DA:278,1
DA:279,1
DA:280,1
DA:281,1
DA:282,1
LF:282
LH:280
BRDA:30,0,0,9
BRDA:32,1,0,9
BRDA:35,2,0,0
BRDA:35,3,0,0
BRDA:41,4,0,1
BRDA:42,5,0,0
BRDA:43,6,0,0
BRDA:44,7,0,0
BRDA:48,8,0,0
BRDA:53,9,0,1
BRDA:54,10,0,0
BRDA:63,11,0,1
BRDA:64,12,0,0
BRDA:66,13,0,0
BRDA:67,14,0,1
BRDA:72,15,0,1
BRDA:73,16,0,0
BRDA:74,17,0,1
BRDA:87,18,0,1
BRDA:88,19,0,0
BRDA:89,20,0,1
BRDA:94,21,0,1
BRDA:95,22,0,0
BRDA:96,23,0,1
BRDA:105,24,0,1
BRDA:106,25,0,0
BRDA:107,26,0,1
BRDA:114,27,0,1
BRDA:115,28,0,0
BRDA:121,29,0,1
BRDA:122,30,0,0
BRDA:128,31,0,1
BRDA:129,32,0,0
BRDA:135,33,0,1
BRDA:136,34,0,0
BRDA:142,35,0,1
BRDA:143,36,0,0
BRDA:149,37,0,1
BRDA:150,38,0,0
BRDA:156,39,0,1
BRDA:169,40,0,1
BRDA:170,41,0,0
BRDA:171,42,0,0
BRDA:172,43,0,0
BRDA:173,44,0,1
BRDA:178,45,0,1
BRDA:179,46,0,0
BRDA:180,47,0,0
BRDA:181,48,0,0
BRDA:182,49,0,1
BRDA:187,50,0,1
BRDA:188,51,0,1
BRDA:193,52,0,1
BRDA:194,53,0,1
BRDA:199,54,0,1
BRDA:202,55,0,0
BRDA:202,56,0,0
BRDA:203,57,0,0
BRDA:204,58,0,1
BRDA:210,59,0,1
BRDA:211,60,0,0
BRDA:213,61,0,1
BRDA:220,62,0,0
BRDA:230,63,0,1
BRDA:231,64,0,0
BRDA:233,65,0,1
BRDA:247,66,0,1
BRDA:248,67,0,0
BRDA:250,68,0,0
BRDA:250,69,0,1
BRDA:262,70,0,1
BRDA:263,71,0,0
BRDA:265,72,0,1
BRDA:270,73,0,1
BRDA:271,74,0,0
BRDA:273,75,0,1
BRF:76
BRH:41
end_of_record
TN:
SF:src/node/NodeManager.ts
FN:11,emit
[...]
DA:76,1
DA:77,1
DA:78,1
DA:79,1
DA:80,1
DA:81,1
DA:82,1
DA:83,1
DA:84,1
DA:85,1
DA:86,1
DA:87,1
DA:88,1
DA:89,1
DA:90,1
DA:91,1
DA:92,1
DA:93,1
DA:94,1
DA:95,1
DA:96,1
DA:97,1
DA:98,1
DA:99,1
DA:100,1
DA:101,1
DA:102,1
DA:103,1
DA:104,1
DA:105,1
DA:106,1
DA:107,1
DA:108,1
DA:109,1
DA:110,1
DA:111,1
DA:112,1
DA:113,1
DA:114,1
DA:115,1
DA:116,1
DA:117,1
DA:118,1
DA:119,1
DA:120,1
DA:121,1
DA:122,1
DA:123,1
DA:124,1
DA:125,1
DA:126,1
DA:127,1
DA:128,1
DA:129,1
DA:130,1
DA:131,1
DA:132,1
DA:133,1
DA:134,1
DA:135,1
DA:136,1
DA:137,1
DA:138,1
DA:139,1
DA:140,1
DA:141,1
DA:142,1
LF:142
LH:142
BRF:0
BRH:0
end_of_record
TN:
SF:src/types/Utils.ts
FNF:0
FNH:0
DA:1,1
DA:2,1
DA:3,1
DA:4,1
DA:5,1
DA:6,1
DA:7,1
DA:8,1
DA:9,1
DA:10,1
DA:11,1
DA:12,1
DA:13,1
DA:14,1
DA:15,1
DA:16,1
DA:17,1
DA:18,1
DA:19,1
DA:20,1
DA:21,1
DA:22,1
DA:23,1
DA:24,1
DA:25,1
DA:26,1
DA:27,1
DA:28,1
DA:29,1
DA:30,1
DA:31,1
DA:32,1
DA:33,1
DA:34,1
DA:35,1
DA:36,1
DA:37,1
DA:38,1
DA:39,1
DA:40,1
DA:41,1
DA:42,1
DA:43,1
DA:44,1
DA:45,1
DA:46,1
DA:47,1
DA:48,1
DA:49,1
DA:50,1
DA:51,1
DA:52,1
DA:53,1
DA:54,1
DA:55,1
DA:56,1
DA:57,1
DA:58,1
DA:59,1
DA:60,1
DA:61,1
DA:62,1
DA:63,1
DA:64,1
DA:65,1
DA:66,1
DA:67,1
DA:68,1
DA:69,1
DA:70,1
DA:71,1
DA:72,1
DA:73,1
DA:74,1
DA:75,1
DA:76,1
DA:77,1
DA:78,1
DA:79,1
DA:80,1
DA:81,1
DA:82,1
DA:83,1
DA:84,1
DA:85,1
DA:86,1
DA:87,1
DA:88,1
DA:89,1
DA:90,1
DA:91,1
DA:92,1
DA:93,1
DA:94,1
DA:95,1
DA:96,1
DA:97,1
DA:98,1
DA:99,1
DA:100,1
DA:101,1
DA:102,1
DA:103,1
DA:104,1
DA:105,1
DA:106,1
DA:107,1
DA:108,1
DA:109,1
DA:110,1
DA:111,1
DA:112,1
DA:113,1
DA:114,1
DA:115,1
DA:116,1
DA:117,1
DA:118,1
DA:119,1
DA:120,1
DA:121,1
DA:122,1
DA:123,1
DA:124,1
DA:125,1
DA:126,1
DA:127,1
DA:128,1
DA:129,1
DA:130,1
DA:131,1
DA:132,1
DA:133,1
DA:134,1
DA:135,1
DA:136,1
DA:137,1
DA:138,1
DA:139,1
DA:140,1
DA:141,1
DA:142,1
DA:143,1
DA:144,1
DA:145,1
DA:146,1
DA:147,1
DA:148,1
DA:149,1
DA:150,1
DA:151,1
DA:152,1
DA:153,1
DA:154,1
DA:155,1
DA:156,1
DA:157,1
DA:158,1
DA:159,1
DA:160,1
DA:161,1
DA:162,1
DA:163,1
DA:164,1
DA:165,1
DA:166,1
DA:167,1
DA:168,1
DA:169,1
DA:170,1
DA:171,1
DA:172,1
DA:173,1
DA:174,1
DA:175,1
DA:176,1
DA:177,1
DA:178,1
DA:179,1
DA:180,1
DA:181,1
DA:182,1
DA:183,1
DA:184,1
DA:185,1
DA:186,1
DA:187,1
DA:188,1
DA:189,1
DA:190,1
DA:191,1
DA:192,1
DA:193,1
DA:194,1
DA:195,1
DA:196,1
DA:197,1
DA:198,1
DA:199,1
DA:200,1
DA:201,1
DA:202,1
DA:203,1
DA:204,1
DA:205,1
DA:206,1
DA:207,1
DA:208,1
DA:209,1
DA:210,1
DA:211,1
DA:212,1
DA:213,1
DA:214,1
DA:215,1
DA:216,1
DA:217,1
DA:218,1
DA:219,1
DA:220,1
DA:221,1
DA:222,1
DA:223,1
DA:224,1
DA:225,1
DA:226,1
DA:227,1
DA:228,1
DA:229,1
DA:230,1
DA:231,1
DA:232,1
DA:233,1
DA:234,1
DA:235,1
DA:236,1
DA:237,1
DA:238,1
DA:239,1
DA:240,1
DA:241,1
DA:242,1
DA:243,1
DA:244,1
DA:245,1
DA:246,1
DA:247,1
DA:248,1
DA:249,1
DA:250,1
DA:251,1
DA:252,1
DA:253,1
DA:254,1
DA:255,1
DA:256,1
DA:257,1
DA:258,1
DA:259,1
DA:260,1
DA:261,1
DA:262,1
DA:263,1
DA:264,1
DA:265,1
DA:266,1
DA:267,1
DA:268,1
DA:269,1
DA:270,1
DA:271,1
DA:272,1
DA:273,1
DA:274,1
DA:275,1
DA:276,1
DA:277,1
DA:278,1
DA:279,1
DA:280,1
DA:281,1
DA:282,1
DA:283,1
DA:284,1
DA:285,1
DA:286,1
DA:287,1
DA:288,1
DA:289,1
DA:290,1
DA:291,1
DA:292,1
DA:293,1
DA:294,1
DA:295,1
DA:296,1
DA:297,1
DA:298,1
DA:299,1
DA:300,1
DA:301,1
DA:302,1
DA:303,1
DA:304,1
DA:305,1
DA:306,1
DA:307,1
DA:308,1
DA:309,1
DA:310,1
DA:311,1
DA:312,1
DA:313,1
DA:314,1
DA:315,1
DA:316,1
DA:317,1
DA:318,1
DA:319,1
DA:320,1
DA:321,1
DA:322,1
DA:323,1
DA:324,1
DA:325,1
DA:326,1
DA:327,1
DA:328,1
DA:329,1
DA:330,1
DA:331,1
DA:332,1
DA:333,1
DA:334,1
DA:335,1
DA:336,1
DA:337,1
DA:338,1
DA:339,1
DA:340,1
DA:341,1
DA:342,1
DA:343,1
DA:344,1
DA:345,1
DA:346,1
DA:347,1
DA:348,1
DA:349,1
DA:350,1
DA:351,1
DA:352,1
DA:353,1
DA:354,1
DA:355,1
DA:356,1
DA:357,1
DA:358,1
DA:359,1
DA:360,1
DA:361,1
DA:362,1
DA:363,1
DA:364,1
DA:365,1
DA:366,1
DA:367,1
DA:368,1
DA:369,1
DA:370,1
DA:371,1
DA:372,1
DA:373,1
DA:374,1
DA:375,1
DA:376,1
DA:377,1
DA:378,1
DA:379,1
DA:380,1
DA:381,1
DA:382,1
DA:383,1
DA:384,1
DA:385,1
DA:386,1
DA:387,1
DA:388,1
DA:389,1
DA:390,1
DA:391,1
DA:392,1
DA:393,1
DA:394,1
DA:395,1
DA:396,1
DA:397,1
DA:398,1
DA:399,1
DA:400,1
DA:401,1
DA:402,1
DA:403,1
DA:404,1
DA:405,1
DA:406,1
DA:407,1
DA:408,1
DA:409,1
DA:410,1
DA:411,1
DA:412,1
DA:413,1
DA:414,1
DA:415,1
DA:416,1
DA:417,1
DA:418,1
DA:419,1
DA:420,1
DA:421,1
DA:422,1
DA:423,1
DA:424,1
DA:425,1
DA:426,1
DA:427,1
DA:428,1
DA:429,1
DA:430,1
DA:431,1
DA:432,1
DA:433,1
DA:434,1
DA:435,1
DA:436,1
DA:437,1
DA:438,1
DA:439,1
DA:440,1
DA:441,1
DA:442,1
DA:443,1
DA:444,1
DA:445,1
DA:446,1
DA:447,1
DA:448,1
DA:449,1
DA:450,1
DA:451,1
DA:452,1
DA:453,1
DA:454,1
DA:455,1
DA:456,1
DA:457,1
DA:458,1
DA:459,1
DA:460,1
DA:461,1
DA:462,1
DA:463,1
DA:464,1
DA:465,1
DA:466,1
DA:467,1
DA:468,1
DA:469,1
DA:470,1
DA:471,1
DA:472,1
DA:473,1
DA:474,1
DA:475,1
DA:476,1
DA:477,1
DA:478,1
DA:479,1
DA:480,1
DA:481,1
DA:482,1
DA:483,1
DA:484,1
DA:485,1
DA:486,1
DA:487,1
DA:488,1
DA:489,1
DA:490,1
DA:491,1
DA:492,1
DA:493,1
DA:494,1
DA:495,1
DA:496,1
DA:497,1
DA:498,1
DA:499,1
DA:500,1
DA:501,1
DA:502,1
DA:503,1
DA:504,1
DA:505,1
DA:506,1
DA:507,1
DA:508,1
DA:509,1
DA:510,1
DA:511,1
DA:512,1
DA:513,1
DA:514,1
DA:515,1
DA:516,1
DA:517,1
DA:518,1
DA:519,1
DA:520,1
DA:521,1
DA:522,1
DA:523,1
DA:524,1
DA:525,1
DA:526,1
DA:527,1
DA:528,1
DA:529,1
DA:530,1
DA:531,1
DA:532,1
DA:533,1
DA:534,1
DA:535,1
DA:536,1
DA:537,1
DA:538,1
DA:539,1
DA:540,1
DA:541,1
DA:542,1
DA:543,1
DA:544,1
DA:545,1
DA:546,1
DA:547,1
DA:548,1
DA:549,1
DA:550,1
DA:551,1
DA:552,1
DA:553,1
DA:554,1
DA:555,1
DA:556,1
DA:557,1
DA:558,1
DA:559,1
DA:560,1
DA:561,1
DA:562,1
DA:563,1
DA:564,1
DA:565,1
DA:566,1
DA:567,1
DA:568,1
DA:569,1
DA:570,1
DA:571,1
DA:572,1
DA:573,1
DA:574,1
DA:575,1
DA:576,1
DA:577,1
DA:578,1
DA:579,1
DA:580,1
DA:581,1
DA:582,1
DA:583,1
DA:584,1
DA:585,1
DA:586,1
DA:587,1
DA:588,1
DA:589,1
DA:590,1
DA:591,1
DA:592,1
DA:593,1
DA:594,1
DA:595,1
DA:596,1
DA:597,1
DA:598,1
DA:599,1
DA:600,1
DA:601,1
DA:602,1
DA:603,1
DA:604,1
DA:605,1
DA:606,1
DA:607,1
DA:608,1
DA:609,1
DA:610,1
DA:611,1
DA:612,1
DA:613,1
DA:614,1
DA:615,1
DA:616,1
DA:617,1
LF:617
LH:617
BRF:0
BRH:0
end_of_record
TN:
SF:src/types/index.ts
FN:1,(empty-report)
FNF:1
FNH:0
FNDA:0,(empty-report)
DA:1,0
DA:2,0
DA:3,0
DA:4,0
DA:5,0
DA:6,0
DA:7,0
DA:8,0
LF:8
LH:0
BRDA:1,0,0,0
BRF:1
BRH:0
end_of_record
TN:
SF:src/utils/Utils.ts
FN:17,escapeRegExp
FN:19,parseConnectionUrl
FN:33,<instance_members_initializer>
FN:34,RyanlinkUtils
FN:38,buildPluginInfo
FN:45,buildTrack
FN:91,buildUnresolvedTrack
FN:103,resolve
FN:126,isNode
FN:151,getTransformedRequester
FN:169,isNodeOptions
FN:198,isNotBrokenTrack
FN:207,isTrack
FN:213,isUnresolvedTrack
FN:224,isUnresolvedTrackQuery
FN:228,getClosestTrack
FN:244,validateQueryString
FN:344,findSourceOfQuery
FN:356,extractSourceOfQuery
FN:366,typedLowerCase
FN:372,transformQuery
FN:391,transformAudioSearchQuery
FN:416,validateSourceString
FN:516,MiniMap
FN:526,filter
FN:535,toJSON
FN:541,map
FN:552,queueTrackEnd
FN:588,applyUnresolvedData
FN:606,getClosestTrack
FN:658,safeStringify
FNF:31
FNH:28
FNDA:16,escapeRegExp
FNDA:2,parseConnectionUrl
FNDA:294,<instance_members_initializer>
FNDA:294,RyanlinkUtils
FNDA:62,buildPluginInfo
FNDA:55,buildTrack
FNDA:10,buildUnresolvedTrack
FNDA:1,resolve
FNDA:0,isNode
FNDA:65,getTransformedRequester
FNDA:128,isNodeOptions
FNDA:0,isNotBrokenTrack
FNDA:261,isTrack
FNDA:30,isUnresolvedTrack
FNDA:0,isUnresolvedTrackQuery
FNDA:6,getClosestTrack
FNDA:20,validateQueryString
FNDA:3,findSourceOfQuery
FNDA:3,extractSourceOfQuery
FNDA:3,typedLowerCase
FNDA:2,transformQuery
FNDA:1,transformAudioSearchQuery
FNDA:6,validateSourceString
FNDA:499,MiniMap
FNDA:17,filter
FNDA:42,toJSON
FNDA:1,map
FNDA:6,queueTrackEnd
FNDA:8,applyUnresolvedData
FNDA:7,getClosestTrack
FNDA:131,safeStringify
DA:1,1
DA:2,1
DA:3,1
DA:4,1
DA:5,1
DA:6,1
DA:7,1
DA:8,1
DA:9,1
DA:10,1
DA:11,1
DA:12,1
DA:13,1
DA:14,1
DA:15,1
DA:16,1
DA:17,1
DA:18,1
DA:19,1
DA:20,2
DA:21,2
DA:22,2
DA:23,2
DA:24,2
DA:25,2
DA:26,2
DA:27,2
DA:28,2
DA:29,2
DA:30,2
DA:31,1
DA:32,1
DA:33,1
DA:34,1
DA:35,294
DA:36,294
DA:37,1
DA:38,1
DA:39,62
DA:40,62
DA:41,62
DA:42,62
DA:43,62
DA:44,1
DA:45,1
DA:46,55
DA:47,55
DA:48,52
DA:49,55
DA:50,55
DA:51,55
DA:52,0
DA:53,0
DA:54,52
DA:55,52
DA:56,52
DA:57,52
DA:58,52
DA:59,52
DA:60,52
DA:61,55
DA:62,55
DA:63,55
DA:64,55
DA:65,55
DA:66,55
DA:67,55
DA:68,55
DA:69,55
DA:70,55
DA:71,55
DA:72,55
DA:73,55
DA:74,55
DA:75,55
DA:76,55
DA:77,55
DA:78,55
DA:79,0
DA:80,0
DA:81,0
DA:82,0
DA:83,0
DA:84,0
DA:85,0
DA:86,0
DA:87,0
DA:88,0
DA:89,55
DA:90,1
DA:91,1
DA:92,10
DA:93,10
DA:94,10
DA:95,10
DA:96,10
DA:97,0
DA:98,10
DA:99,10
DA:100,0
DA:101,10
DA:102,10
DA:103,10
DA:104,1
DA:105,1
DA:106,1
DA:107,1
DA:108,1
DA:109,1
DA:110,1
DA:111,1
DA:112,1
DA:113,1
DA:114,1
DA:115,10
DA:116,10
DA:117,10
DA:118,10
DA:119,10
DA:120,10
DA:121,10
DA:122,10
DA:123,10
DA:124,10
DA:125,1
DA:126,1
DA:127,0
DA:128,0
DA:129,0
DA:130,0
DA:131,0
DA:132,0
DA:133,0
DA:134,0
DA:135,0
DA:136,0
DA:137,0
DA:138,0
DA:139,0
DA:140,0
DA:141,0
DA:142,0
DA:143,0
DA:144,0
DA:145,0
DA:146,0
DA:147,0
DA:148,0
DA:149,0
DA:150,1
DA:151,1
DA:152,65
DA:153,65
DA:154,1
DA:155,64
DA:156,65
DA:157,0
DA:158,0
DA:159,0
DA:160,0
DA:161,0
DA:162,0
DA:163,0
DA:164,0
DA:165,0
DA:166,0
DA:167,65
DA:168,1
DA:169,1
DA:170,128
DA:171,128
DA:172,128
DA:173,128
DA:174,128
DA:175,128
DA:176,128
DA:177,128
DA:178,128
DA:179,128
DA:180,128
DA:181,128
DA:182,16
DA:183,128
DA:184,128
DA:185,128
DA:186,128
DA:187,16
DA:188,128
DA:189,128
DA:190,128
DA:191,128
DA:192,0
DA:193,128
DA:194,128
DA:195,128
DA:196,128
DA:197,1
DA:198,1
DA:199,0
DA:200,0
DA:201,0
DA:202,0
DA:203,0
DA:204,0
DA:205,0
DA:206,1
DA:207,1
DA:208,261
DA:209,201
DA:210,261
DA:211,261
DA:212,1
DA:213,1
DA:214,30
DA:215,30
DA:216,20
DA:217,20
DA:218,20
DA:219,19
DA:220,10
DA:221,30
DA:222,30
DA:223,1
DA:224,1
DA:225,0
DA:226,0
DA:227,1
DA:228,1
DA:229,6
DA:230,6
DA:231,6
DA:232,0
DA:233,0
DA:234,0
DA:235,0
DA:236,0
DA:237,0
DA:238,0
DA:239,0
DA:240,0
DA:241,0
DA:242,6
DA:243,1
DA:244,1
DA:245,20
DA:246,20
DA:247,4
DA:248,5
DA:249,3
DA:250,20
DA:251,3
DA:252,20
DA:253,1
DA:254,0
DA:255,0
DA:256,0
DA:257,0
DA:258,0
DA:259,0
DA:260,1
DA:261,1
DA:262,1
DA:263,1
DA:264,1
DA:265,1
DA:266,1
DA:267,1
DA:268,2
DA:269,2
DA:270,20
DA:271,2
DA:272,20
DA:273,1
DA:274,0
DA:275,0
DA:276,0
DA:277,0
DA:278,0
DA:279,0
DA:280,1
DA:281,1
DA:282,1
DA:283,1
DA:284,1
DA:285,1
DA:286,1
DA:287,1
DA:288,1
DA:289,1
DA:290,1
DA:291,1
DA:292,1
DA:293,0
DA:294,20
DA:295,0
DA:296,0
DA:297,1
DA:298,1
DA:299,0
DA:300,20
DA:301,0
DA:302,0
DA:303,20
DA:304,0
DA:305,0
DA:306,0
DA:307,0
DA:308,20
DA:309,0
DA:310,0
DA:311,20
DA:312,0
DA:313,0
DA:314,20
DA:315,0
DA:316,0
DA:317,20
DA:318,0
DA:319,0
DA:320,20
DA:321,0
DA:322,0
DA:323,20
DA:324,0
DA:325,0
DA:326,20
DA:327,0
DA:328,0
DA:329,20
DA:330,0
DA:331,0
DA:332,20
DA:333,0
DA:334,0
DA:335,20
DA:336,0
DA:337,0
DA:338,20
DA:339,0
DA:340,0
DA:341,1
DA:342,20
DA:343,1
DA:344,1
DA:345,3
DA:346,3
DA:347,1
DA:348,1
DA:349,3
DA:350,3
DA:351,1
DA:352,1
DA:353,2
DA:354,3
DA:355,1
DA:356,1
DA:357,3
DA:358,3
DA:359,3
DA:360,1
DA:361,1
DA:362,1
DA:363,3
DA:364,3
DA:365,1
DA:366,1
DA:367,3
DA:368,3
DA:369,0
DA:370,3
DA:371,1
DA:372,1
DA:373,2
DA:374,2
DA:375,1
DA:376,1
DA:377,1
DA:378,1
DA:379,1
DA:380,1
DA:381,1
DA:382,1
DA:383,2
DA:384,2
DA:385,2
DA:386,2
DA:387,2
DA:388,2
DA:389,2
DA:390,1
DA:391,1
DA:392,1
DA:393,1
DA:394,0
DA:395,0
DA:396,0
DA:397,0
DA:398,0
DA:399,0
DA:400,0
DA:401,0
DA:402,1
DA:403,1
DA:404,1
DA:405,1
DA:406,1
DA:407,1
DA:408,1
DA:409,0
DA:410,1
DA:411,1
DA:412,1
DA:413,1
DA:414,1
DA:415,1
DA:416,1
DA:417,6
DA:418,6
DA:419,6
DA:420,6
DA:421,0
DA:422,0
DA:423,6
DA:424,6
DA:425,5
DA:426,5
DA:427,4
DA:428,6
DA:429,1
DA:430,1
DA:431,6
DA:432,1
DA:433,1
DA:434,6
DA:435,0
DA:436,0
DA:437,6
DA:438,0
DA:439,0
DA:440,6
DA:441,0
DA:442,0
DA:443,6
DA:444,0
DA:445,0
DA:446,6
DA:447,1
DA:448,1
DA:449,1
DA:450,1
DA:451,0
DA:452,0
DA:453,6
DA:454,0
DA:455,0
DA:456,6
DA:457,0
DA:458,0
DA:459,6
DA:460,0
DA:461,0
DA:462,1
DA:463,1
DA:464,0
DA:465,0
DA:466,6
DA:467,0
DA:468,0
DA:469,1
DA:470,1
DA:471,0
DA:472,0
DA:473,0
DA:474,0
DA:475,6
DA:476,6
DA:477,0
DA:478,0
DA:479,6
DA:480,0
DA:481,0
DA:482,6
DA:483,0
DA:484,0
DA:485,6
DA:486,0
DA:487,0
DA:488,6
DA:489,0
DA:490,0
DA:491,6
DA:492,0
DA:493,0
DA:494,6
DA:495,0
DA:496,0
DA:497,6
DA:498,0
DA:499,0
DA:500,6
DA:501,0
DA:502,0
DA:503,6
DA:504,0
DA:505,0
DA:506,1
DA:507,1
DA:508,6
DA:509,1
DA:510,1
DA:511,1
DA:512,1
DA:513,1
DA:514,1
DA:515,1
DA:516,1
DA:517,499
DA:518,499
DA:519,1
DA:520,1
DA:521,1
DA:522,1
DA:523,1
DA:524,1
DA:525,1
DA:526,1
DA:527,17
DA:528,17
DA:529,17
DA:530,21
DA:531,21
DA:532,17
DA:533,17
DA:534,1
DA:535,1
DA:536,42
DA:537,42
DA:538,1
DA:539,1
DA:540,1
DA:541,1
DA:542,1
DA:543,1
DA:544,1
DA:545,2
DA:546,2
DA:547,2
DA:548,1
DA:549,1
DA:550,1
DA:551,1
DA:552,6
DA:553,6
DA:554,3
DA:555,3
DA:556,3
DA:557,3
DA:558,3
DA:559,6
DA:560,6
DA:561,6
DA:562,6
DA:563,6
DA:564,6
DA:565,6
DA:566,5
DA:567,5
DA:568,6
DA:569,6
DA:570,6
DA:571,1
DA:572,1
DA:573,1
DA:574,1
DA:575,1
DA:576,1
DA:577,1
DA:578,1
DA:579,1
DA:580,1
DA:581,1
DA:582,1
DA:583,1
DA:584,6
DA:585,6
DA:586,6
DA:587,1
DA:588,8
DA:589,8
DA:590,8
DA:591,8
DA:592,1
DA:593,1
DA:594,1
DA:595,7
DA:596,7
DA:597,7
DA:598,7
DA:599,7
DA:600,7
DA:601,8
DA:602,8
DA:603,8
DA:604,8
DA:605,1
DA:606,7
DA:607,7
DA:608,7
DA:609,7
DA:610,7
DA:611,7
DA:612,7
DA:613,6
DA:614,7
DA:615,1
DA:616,1
DA:617,1
DA:618,5
DA:619,7
DA:620,1
DA:621,1
DA:622,1
DA:623,4
DA:624,7
DA:625,7
DA:626,7
DA:627,7
DA:628,7
DA:629,7
DA:630,7
DA:631,7
DA:632,7
DA:633,7
DA:634,7
DA:635,7
DA:636,7
DA:637,4
DA:638,4
DA:639,4
DA:640,4
DA:641,4
DA:642,6
DA:643,11
DA:644,6
DA:645,4
DA:646,4
DA:647,4
DA:648,4
DA:649,4
DA:650,4
DA:651,1
DA:652,1
DA:653,4
DA:654,4
DA:655,7
DA:656,7
DA:657,1
DA:658,1
DA:659,131
DA:660,131
DA:661,131
DA:662,131
DA:663,521
DA:664,521
DA:665,521
DA:666,521
DA:667,222
DA:668,221
DA:669,221
DA:670,520
DA:671,521
DA:672,131
DA:673,131
DA:674,131
LF:674
LH:507
BRDA:17,0,0,16
BRDA:19,1,0,2
BRDA:20,2,0,1
BRDA:21,3,0,0
BRDA:25,4,0,1
BRDA:25,5,0,1
BRDA:33,6,0,294
BRDA:34,7,0,294
BRDA:38,8,0,62
BRDA:41,9,0,61
BRDA:45,10,0,55
BRDA:46,11,0,0
BRDA:47,12,0,54
BRDA:47,13,0,3
BRDA:47,14,0,52
BRDA:49,15,0,2
BRDA:49,16,0,50
BRDA:51,17,0,50
BRDA:51,18,0,1
BRDA:51,19,0,0
BRDA:51,20,0,0
BRDA:53,21,0,52
BRDA:61,22,0,40
BRDA:62,23,0,52
BRDA:62,24,0,1
BRDA:62,25,0,52
BRDA:62,26,0,0
BRDA:73,27,0,0
BRDA:73,28,0,52
BRDA:74,29,0,50
BRDA:78,30,0,0
BRDA:91,31,0,10
BRDA:92,32,0,0
BRDA:95,33,0,9
BRDA:96,34,0,0
BRDA:99,35,0,0
BRDA:117,36,0,0
BRDA:103,37,0,1
BRDA:105,38,0,0
BRDA:107,39,0,5
BRDA:151,40,0,65
BRDA:153,41,0,1
BRDA:154,42,0,64
BRDA:156,43,0,0
BRDA:169,44,0,128
BRDA:170,45,0,0
BRDA:171,46,0,0
BRDA:172,47,0,0
BRDA:173,48,0,0
BRDA:174,49,0,0
BRDA:174,50,0,0
BRDA:174,51,0,0
BRDA:175,52,0,0
BRDA:175,53,0,0
BRDA:175,54,0,0
BRDA:176,55,0,0
BRDA:176,56,0,0
BRDA:177,57,0,0
BRDA:178,58,0,0
BRDA:179,59,0,0
BRDA:179,60,0,0
BRDA:179,61,0,0
BRDA:181,62,0,16
BRDA:182,63,0,0
BRDA:184,64,0,0
BRDA:186,65,0,16
BRDA:187,66,0,0
BRDA:189,67,0,0
BRDA:191,68,0,0
BRDA:194,69,0,0
BRDA:207,70,0,261
BRDA:208,71,0,134
BRDA:208,72,0,225
BRDA:208,73,0,201
BRDA:208,74,0,127
BRDA:209,75,0,111
BRDA:209,76,0,16
BRDA:210,77,0,8
BRDA:210,78,0,8
BRDA:213,79,0,30
BRDA:214,80,0,0
BRDA:215,81,0,28
BRDA:215,82,0,10
BRDA:215,83,0,20
BRDA:218,84,0,1
BRDA:218,85,0,19
BRDA:219,86,0,10
BRDA:228,87,0,6
BRDA:231,88,0,0
BRDA:244,89,0,20
BRDA:245,90,0,0
BRDA:246,91,0,18
BRDA:246,92,0,16
BRDA:246,93,0,5
BRDA:246,94,0,4
BRDA:248,95,0,1
BRDA:248,96,0,3
BRDA:250,97,0,0
BRDA:250,98,0,5
BRDA:250,99,0,0
BRDA:250,100,0,3
BRDA:252,101,0,2
BRDA:252,102,0,1
BRDA:253,103,0,0
BRDA:269,104,0,1
BRDA:270,105,0,5
BRDA:270,106,0,0
BRDA:270,107,0,2
BRDA:272,108,0,1
BRDA:273,109,0,0
BRDA:289,110,0,0
BRDA:292,111,0,0
BRDA:294,112,0,1
BRDA:294,113,0,0
BRDA:298,114,0,0
BRDA:300,115,0,1
BRDA:300,116,0,0
BRDA:303,117,0,0
BRDA:303,118,0,1
BRDA:303,119,0,0
BRDA:308,120,0,0
BRDA:308,121,0,1
BRDA:308,122,0,0
BRDA:311,123,0,0
BRDA:311,124,0,1
BRDA:311,125,0,0
BRDA:314,126,0,0
BRDA:314,127,0,1
BRDA:314,128,0,0
BRDA:317,129,0,0
BRDA:317,130,0,1
BRDA:317,131,0,0
BRDA:320,132,0,0
BRDA:320,133,0,1
BRDA:320,134,0,0
BRDA:323,135,0,0
BRDA:323,136,0,1
BRDA:323,137,0,0
BRDA:326,138,0,0
BRDA:326,139,0,1
BRDA:326,140,0,0
BRDA:329,141,0,0
BRDA:329,142,0,1
BRDA:329,143,0,0
BRDA:332,144,0,0
BRDA:332,145,0,1
BRDA:332,146,0,0
BRDA:335,147,0,0
BRDA:335,148,0,1
BRDA:335,149,0,0
BRDA:338,150,0,0
BRDA:338,151,0,1
BRDA:338,152,0,0
BRDA:262,153,0,1
BRDA:262,154,0,0
BRDA:282,155,0,1
BRDA:282,156,0,0
BRDA:344,157,0,3
BRDA:346,158,0,1
BRDA:350,159,0,1
BRDA:350,160,0,1
BRDA:350,161,0,2
BRDA:350,162,0,1
BRDA:346,163,0,217
BRDA:356,164,0,3
BRDA:359,165,0,1
BRDA:366,166,0,3
BRDA:367,167,0,0
BRDA:368,168,0,0
BRDA:372,169,0,2
BRDA:374,170,0,1
BRDA:383,171,0,0
BRDA:387,172,0,0
BRDA:387,173,0,0
BRDA:391,174,0,1
BRDA:393,175,0,0
BRDA:403,176,0,0
BRDA:408,177,0,0
BRDA:410,178,0,0
BRDA:410,179,0,0
BRDA:408,180,0,5
BRDA:408,181,0,5
BRDA:416,182,0,6
BRDA:417,183,0,0
BRDA:419,184,0,0
BRDA:420,185,0,0
BRDA:424,186,0,1
BRDA:424,187,0,5
BRDA:426,188,0,1
BRDA:426,189,0,4
BRDA:428,190,0,1
BRDA:428,191,0,1
BRDA:430,192,0,3
BRDA:431,193,0,1
BRDA:431,194,0,3
BRDA:431,195,0,1
BRDA:433,196,0,2
BRDA:434,197,0,0
BRDA:434,198,0,0
BRDA:436,199,0,2
BRDA:437,200,0,0
BRDA:437,201,0,0
BRDA:437,202,0,0
BRDA:439,203,0,2
BRDA:440,204,0,0
BRDA:440,205,0,0
BRDA:442,206,0,2
BRDA:443,207,0,0
BRDA:443,208,0,0
BRDA:445,209,0,3
BRDA:445,210,0,2
BRDA:446,211,0,1
BRDA:446,212,0,1
BRDA:448,213,0,2
BRDA:448,214,0,1
BRDA:450,215,0,0
BRDA:451,216,0,0
BRDA:453,217,0,2
BRDA:453,218,0,0
BRDA:455,219,0,1
BRDA:456,220,0,0
BRDA:456,221,0,2
BRDA:456,222,0,0
BRDA:458,223,0,1
BRDA:459,224,0,0
BRDA:459,225,0,2
BRDA:459,226,0,0
BRDA:461,227,0,1
BRDA:463,228,0,0
BRDA:464,229,0,0
BRDA:466,230,0,2
BRDA:466,231,0,0
BRDA:468,232,0,1
BRDA:470,233,0,0
BRDA:476,234,0,2
BRDA:476,235,0,0
BRDA:478,236,0,1
BRDA:479,237,0,0
BRDA:479,238,0,2
BRDA:479,239,0,0
BRDA:481,240,0,1
BRDA:482,241,0,0
BRDA:482,242,0,2
BRDA:482,243,0,0
BRDA:484,244,0,1
BRDA:485,245,0,2
BRDA:485,246,0,0
BRDA:487,247,0,1
BRDA:488,248,0,0
BRDA:488,249,0,2
BRDA:488,250,0,0
BRDA:490,251,0,1
BRDA:491,252,0,0
BRDA:491,253,0,2
BRDA:491,254,0,0
BRDA:493,255,0,1
BRDA:494,256,0,0
BRDA:494,257,0,2
BRDA:494,258,0,0
BRDA:496,259,0,1
BRDA:497,260,0,0
BRDA:497,261,0,2
BRDA:497,262,0,0
BRDA:499,263,0,1
BRDA:500,264,0,0
BRDA:500,265,0,2
BRDA:500,266,0,0
BRDA:502,267,0,1
BRDA:503,268,0,0
BRDA:503,269,0,2
BRDA:503,270,0,0
BRDA:505,271,0,1
BRDA:516,272,0,499
BRDA:526,273,0,17
BRDA:527,274,0,0
BRDA:529,275,0,21
BRDA:530,276,0,18
BRDA:535,277,0,42
BRDA:541,278,0,1
BRDA:542,279,0,0
BRDA:544,280,0,2
BRDA:552,281,0,6
BRDA:553,282,0,3
BRDA:553,283,0,1
BRDA:553,284,0,3
BRDA:556,285,0,0
BRDA:560,286,0,1
BRDA:560,287,0,1
BRDA:562,288,0,0
BRDA:565,289,0,1
BRDA:565,290,0,5
BRDA:567,291,0,0
BRDA:569,292,0,5
BRDA:570,293,0,1
BRDA:582,294,0,0
BRDA:588,295,0,8
BRDA:589,296,0,0
BRDA:590,297,0,1
BRDA:591,298,0,7
BRDA:591,299,0,1
BRDA:596,300,0,6
BRDA:596,301,0,1
BRDA:597,302,0,1
BRDA:598,303,0,2
BRDA:599,304,0,1
BRDA:602,305,0,20
BRDA:602,306,0,1
BRDA:602,307,0,1
BRDA:602,308,0,1
BRDA:606,309,0,7
BRDA:607,310,0,0
BRDA:608,311,0,0
BRDA:609,312,0,0
BRDA:610,313,0,1
BRDA:610,314,0,1
BRDA:611,315,0,1
BRDA:611,316,0,6
BRDA:612,317,0,0
BRDA:612,318,0,6
BRDA:614,319,0,1
BRDA:617,320,0,5
BRDA:619,321,0,1
BRDA:622,322,0,4
BRDA:624,323,0,4
BRDA:625,324,0,4
BRDA:632,325,0,4
BRDA:632,326,0,4
BRDA:632,327,0,0
BRDA:620,328,0,1
BRDA:624,329,0,8
BRDA:636,330,0,4
BRDA:639,331,0,0
BRDA:647,332,0,1
BRDA:647,333,0,1
BRDA:649,334,0,2
BRDA:650,335,0,1
BRDA:654,336,0,1
BRDA:641,337,0,6
BRDA:642,338,0,1
BRDA:644,339,0,5
BRDA:642,340,0,11
BRDA:647,341,0,1
BRDA:651,342,0,2
BRDA:658,343,0,131
BRDA:662,344,0,521
BRDA:663,345,0,0
BRDA:664,346,0,0
BRDA:665,347,0,0
BRDA:666,348,0,240
BRDA:666,349,0,222
BRDA:667,350,0,1
BRDA:667,351,0,221
BRDA:669,352,0,520
BRF:353
BRH:211
end_of_record
TN:
SF:src/utils/index.ts
FNF:0
FNH:0
DA:1,1
LF:1
LH:1
BRF:0
BRH:0
end_of_record
